<?xml version="1.0" encoding="UTF-8"?>
<coverage generated="1775683600965" clover="3.2.0">
  <project timestamp="1775683600965" name="All files">
    <metrics statements="893" coveredstatements="811" conditionals="562" coveredconditionals="470" methods="378" coveredmethods="330" elements="1833" coveredelements="1611" complexity="0" loc="893" ncloc="893" packages="15" files="51" classes="51"/>
    <package name="src">
      <metrics statements="1" coveredstatements="0" conditionals="0" coveredconditionals="0" methods="1" coveredmethods="0"/>
      <file name="App.tsx" path="/home/eduardo/workspaces/ws-react/my-bible-app/src/App.tsx">
        <metrics statements="1" coveredstatements="0" conditionals="0" coveredconditionals="0" methods="1" coveredmethods="0"/>
        <line num="2" count="0" type="stmt"/>
      </file>
    </package>
    <package name="src.components">
      <metrics statements="20" coveredstatements="0" conditionals="12" coveredconditionals="0" methods="9" coveredmethods="0"/>
      <file name="pages.tsx" path="/home/eduardo/workspaces/ws-react/my-bible-app/src/components/pages.tsx">
        <metrics statements="20" coveredstatements="0" conditionals="12" coveredconditionals="0" methods="9" coveredmethods="0"/>
        <line num="11" count="0" type="stmt"/>
        <line num="12" count="0" type="stmt"/>
        <line num="13" count="0" type="stmt"/>
        <line num="15" count="0" type="stmt"/>
        <line num="16" count="0" type="cond" truecount="0" falsecount="4"/>
        <line num="17" count="0" type="stmt"/>
        <line num="18" count="0" type="cond" truecount="0" falsecount="2"/>
        <line num="19" count="0" type="stmt"/>
        <line num="21" count="0" type="stmt"/>
        <line num="25" count="0" type="stmt"/>
        <line num="29" count="0" type="stmt"/>
        <line num="30" count="0" type="cond" truecount="0" falsecount="2"/>
        <line num="32" count="0" type="cond" truecount="0" falsecount="2"/>
        <line num="33" count="0" type="stmt"/>
        <line num="40" count="0" type="cond" truecount="0" falsecount="2"/>
        <line num="42" count="0" type="stmt"/>
        <line num="54" count="0" type="stmt"/>
        <line num="58" count="0" type="stmt"/>
        <line num="62" count="0" type="stmt"/>
        <line num="71" count="0" type="stmt"/>
      </file>
    </package>
    <package name="src.components.layout">
      <metrics statements="97" coveredstatements="82" conditionals="44" coveredconditionals="40" methods="40" coveredmethods="32"/>
      <file name="AppShell.tsx" path="/home/eduardo/workspaces/ws-react/my-bible-app/src/components/layout/AppShell.tsx">
        <metrics statements="5" coveredstatements="5" conditionals="4" coveredconditionals="4" methods="4" coveredmethods="4"/>
        <line num="9" count="38" type="stmt"/>
        <line num="10" count="38" type="stmt"/>
        <line num="37" count="22" type="stmt"/>
        <line num="50" count="22" type="stmt"/>
        <line num="71" count="22" type="stmt"/>
      </file>
      <file name="BottomBar.tsx" path="/home/eduardo/workspaces/ws-react/my-bible-app/src/components/layout/BottomBar.tsx">
        <metrics statements="6" coveredstatements="3" conditionals="0" coveredconditionals="0" methods="4" coveredmethods="1"/>
        <line num="5" count="44" type="stmt"/>
        <line num="6" count="44" type="stmt"/>
        <line num="7" count="44" type="stmt"/>
        <line num="25" count="0" type="stmt"/>
        <line num="36" count="0" type="stmt"/>
        <line num="46" count="0" type="stmt"/>
      </file>
      <file name="ErrorBoundary.tsx" path="/home/eduardo/workspaces/ws-react/my-bible-app/src/components/layout/ErrorBoundary.tsx">
        <metrics statements="13" coveredstatements="9" conditionals="4" coveredconditionals="4" methods="6" coveredmethods="5"/>
        <line num="14" count="8" type="stmt"/>
        <line num="15" count="8" type="stmt"/>
        <line num="19" count="6" type="stmt"/>
        <line num="23" count="3" type="stmt"/>
        <line num="26" count="1" type="stmt"/>
        <line num="27" count="1" type="stmt"/>
        <line num="30" count="0" type="stmt"/>
        <line num="31" count="0" type="stmt"/>
        <line num="32" count="0" type="stmt"/>
        <line num="36" count="0" type="stmt"/>
        <line num="40" count="13" type="cond" truecount="2" falsecount="0"/>
        <line num="41" count="6" type="stmt"/>
        <line num="79" count="7" type="stmt"/>
      </file>
      <file name="Header.tsx" path="/home/eduardo/workspaces/ws-react/my-bible-app/src/components/layout/Header.tsx">
        <metrics statements="33" coveredstatements="32" conditionals="26" coveredconditionals="24" methods="11" coveredmethods="10"/>
        <line num="11" count="234" type="stmt"/>
        <line num="12" count="234" type="stmt"/>
        <line num="13" count="234" type="stmt"/>
        <line num="14" count="234" type="stmt"/>
        <line num="15" count="70" type="stmt"/>
        <line num="16" count="70" type="stmt"/>
        <line num="17" count="70" type="stmt"/>
        <line num="19" count="70" type="stmt"/>
        <line num="21" count="11" type="stmt"/>
        <line num="26" count="70" type="stmt"/>
        <line num="28" count="6" type="stmt"/>
        <line num="29" count="6" type="cond" truecount="1" falsecount="1"/>
        <line num="31" count="6" type="stmt"/>
        <line num="32" count="6" type="cond" truecount="4" falsecount="0"/>
        <line num="33" count="1" type="stmt"/>
        <line num="34" count="1" type="stmt"/>
        <line num="35" count="5" type="cond" truecount="4" falsecount="0"/>
        <line num="36" count="1" type="stmt"/>
        <line num="37" count="1" type="stmt"/>
        <line num="38" count="4" type="cond" truecount="2" falsecount="0"/>
        <line num="39" count="1" type="stmt"/>
        <line num="40" count="1" type="stmt"/>
        <line num="41" count="3" type="cond" truecount="2" falsecount="0"/>
        <line num="42" count="1" type="stmt"/>
        <line num="43" count="1" type="stmt"/>
        <line num="46" count="6" type="cond" truecount="2" falsecount="0"/>
        <line num="47" count="4" type="stmt"/>
        <line num="53" count="70" type="stmt"/>
        <line num="98" count="0" type="stmt"/>
        <line num="124" count="210" type="stmt"/>
        <line num="125" count="210" type="stmt"/>
        <line num="129" count="11" type="stmt"/>
        <line num="130" count="6" type="stmt"/>
      </file>
      <file name="SidebarContext.tsx" path="/home/eduardo/workspaces/ws-react/my-bible-app/src/components/layout/SidebarContext.tsx">
        <metrics statements="26" coveredstatements="21" conditionals="8" coveredconditionals="6" methods="8" coveredmethods="6"/>
        <line num="12" count="5" type="stmt"/>
        <line num="15" count="68" type="stmt"/>
        <line num="16" count="68" type="stmt"/>
        <line num="17" count="68" type="stmt"/>
        <line num="19" count="68" type="stmt"/>
        <line num="20" count="0" type="stmt"/>
        <line num="21" count="0" type="stmt"/>
        <line num="24" count="68" type="stmt"/>
        <line num="25" count="8" type="stmt"/>
        <line num="26" count="8" type="stmt"/>
        <line num="27" count="8" type="stmt"/>
        <line num="31" count="68" type="stmt"/>
        <line num="32" count="9" type="cond" truecount="1" falsecount="1"/>
        <line num="33" count="0" type="stmt"/>
        <line num="34" count="0" type="stmt"/>
        <line num="35" count="0" type="stmt"/>
        <line num="38" count="9" type="stmt"/>
        <line num="39" count="9" type="stmt"/>
        <line num="43" count="68" type="stmt"/>
        <line num="44" count="68" type="cond" truecount="4" falsecount="0"/>
        <line num="45" count="9" type="stmt"/>
        <line num="46" count="9" type="stmt"/>
        <line num="50" count="68" type="stmt"/>
        <line num="59" count="3195" type="stmt"/>
        <line num="60" count="3195" type="cond" truecount="1" falsecount="1"/>
        <line num="61" count="3195" type="stmt"/>
      </file>
      <file name="ThemeInitializer.tsx" path="/home/eduardo/workspaces/ws-react/my-bible-app/src/components/layout/ThemeInitializer.tsx">
        <metrics statements="14" coveredstatements="12" conditionals="2" coveredconditionals="2" methods="7" coveredmethods="6"/>
        <line num="5" count="38" type="stmt"/>
        <line num="6" count="38" type="stmt"/>
        <line num="8" count="12" type="stmt"/>
        <line num="9" count="12" type="stmt"/>
        <line num="10" count="12" type="stmt"/>
        <line num="13" count="12" type="stmt"/>
        <line num="14" count="12" type="cond" truecount="2" falsecount="0"/>
        <line num="16" count="3" type="stmt"/>
        <line num="17" count="3" type="stmt"/>
        <line num="18" count="0" type="stmt"/>
        <line num="19" count="0" type="stmt"/>
        <line num="22" count="3" type="stmt"/>
        <line num="23" count="3" type="stmt"/>
        <line num="26" count="12" type="stmt"/>
      </file>
    </package>
    <package name="src.components.navigation">
      <metrics statements="28" coveredstatements="24" conditionals="18" coveredconditionals="12" methods="14" coveredmethods="14"/>
      <file name="BookItem.tsx" path="/home/eduardo/workspaces/ws-react/my-bible-app/src/components/navigation/BookItem.tsx">
        <metrics statements="15" coveredstatements="11" conditionals="12" coveredconditionals="6" methods="3" coveredmethods="3"/>
        <line num="11" count="3043" type="stmt"/>
        <line num="12" count="3043" type="stmt"/>
        <line num="15" count="4" type="stmt"/>
        <line num="16" count="4" type="stmt"/>
        <line num="20" count="2" type="cond" truecount="2" falsecount="0"/>
        <line num="21" count="1" type="stmt"/>
        <line num="22" count="1" type="cond" truecount="2" falsecount="2"/>
        <line num="23" count="1" type="stmt"/>
        <line num="24" count="1" type="stmt"/>
        <line num="25" count="1" type="stmt"/>
        <line num="26" count="0" type="cond" truecount="0" falsecount="4"/>
        <line num="27" count="0" type="stmt"/>
        <line num="28" count="0" type="stmt"/>
        <line num="29" count="0" type="stmt"/>
        <line num="33" count="3043" type="stmt"/>
      </file>
      <file name="BookList.tsx" path="/home/eduardo/workspaces/ws-react/my-bible-app/src/components/navigation/BookList.tsx">
        <metrics statements="3" coveredstatements="3" conditionals="0" coveredconditionals="0" methods="3" coveredmethods="3"/>
        <line num="6" count="126" type="stmt"/>
        <line num="8" count="42" type="stmt"/>
        <line num="11" count="84" type="stmt"/>
      </file>
      <file name="ChapterGrid.tsx" path="/home/eduardo/workspaces/ws-react/my-bible-app/src/components/navigation/ChapterGrid.tsx">
        <metrics statements="8" coveredstatements="8" conditionals="6" coveredconditionals="6" methods="6" coveredmethods="6"/>
        <line num="10" count="11" type="stmt"/>
        <line num="11" count="35" type="stmt"/>
        <line num="13" count="372" type="stmt"/>
        <line num="16" count="2" type="stmt"/>
        <line num="19" count="11" type="stmt"/>
        <line num="27" count="372" type="stmt"/>
        <line num="28" count="372" type="stmt"/>
        <line num="31" count="2" type="stmt"/>
      </file>
      <file name="TestamentGroup.tsx" path="/home/eduardo/workspaces/ws-react/my-bible-app/src/components/navigation/TestamentGroup.tsx">
        <metrics statements="2" coveredstatements="2" conditionals="0" coveredconditionals="0" methods="2" coveredmethods="2"/>
        <line num="11" count="86" type="stmt"/>
        <line num="18" count="2776" type="stmt"/>
      </file>
    </package>
    <package name="src.components.progress">
      <metrics statements="38" coveredstatements="37" conditionals="30" coveredconditionals="27" methods="14" coveredmethods="13"/>
      <file name="OverallProgress.tsx" path="/home/eduardo/workspaces/ws-react/my-bible-app/src/components/progress/OverallProgress.tsx">
        <metrics statements="5" coveredstatements="5" conditionals="2" coveredconditionals="1" methods="2" coveredmethods="2"/>
        <line num="5" count="16" type="stmt"/>
        <line num="6" count="5" type="stmt"/>
        <line num="7" count="5" type="stmt"/>
        <line num="9" count="5" type="cond" truecount="1" falsecount="1"/>
        <line num="13" count="5" type="stmt"/>
      </file>
      <file name="ProgressIndicator.tsx" path="/home/eduardo/workspaces/ws-react/my-bible-app/src/components/progress/ProgressIndicator.tsx">
        <metrics statements="14" coveredstatements="14" conditionals="12" coveredconditionals="11" methods="3" coveredmethods="3"/>
        <line num="10" count="3" type="cond" truecount="2" falsecount="0"/>
        <line num="11" count="2" type="cond" truecount="2" falsecount="0"/>
        <line num="12" count="1" type="stmt"/>
        <line num="21" count="3" type="stmt"/>
        <line num="22" count="9" type="stmt"/>
        <line num="23" count="3" type="stmt"/>
        <line num="24" count="3" type="stmt"/>
        <line num="25" count="3" type="stmt"/>
        <line num="26" count="3" type="stmt"/>
        <line num="27" count="55" type="cond" truecount="1" falsecount="1"/>
        <line num="29" count="3" type="stmt"/>
        <line num="30" count="3" type="stmt"/>
        <line num="32" count="3" type="stmt"/>
        <line num="38" count="3" type="stmt"/>
      </file>
      <file name="ProgressPage.tsx" path="/home/eduardo/workspaces/ws-react/my-bible-app/src/components/progress/ProgressPage.tsx">
        <metrics statements="1" coveredstatements="0" conditionals="0" coveredconditionals="0" methods="1" coveredmethods="0"/>
        <line num="5" count="0" type="stmt"/>
      </file>
      <file name="ProgressPanel.tsx" path="/home/eduardo/workspaces/ws-react/my-bible-app/src/components/progress/ProgressPanel.tsx">
        <metrics statements="15" coveredstatements="15" conditionals="12" coveredconditionals="11" methods="7" coveredmethods="7"/>
        <line num="8" count="198" type="cond" truecount="2" falsecount="0"/>
        <line num="9" count="2" type="cond" truecount="2" falsecount="0"/>
        <line num="10" count="1" type="stmt"/>
        <line num="18" count="594" type="stmt"/>
        <line num="19" count="198" type="stmt"/>
        <line num="20" count="198" type="stmt"/>
        <line num="22" count="198" type="stmt"/>
        <line num="28" count="198" type="stmt"/>
        <line num="70" count="9" type="stmt"/>
        <line num="71" count="3" type="stmt"/>
        <line num="72" count="3" type="stmt"/>
        <line num="74" count="3" type="cond" truecount="1" falsecount="1"/>
        <line num="78" count="3" type="stmt"/>
        <line num="96" count="6" type="stmt"/>
        <line num="108" count="198" type="stmt"/>
      </file>
      <file name="index.ts" path="/home/eduardo/workspaces/ws-react/my-bible-app/src/components/progress/index.ts">
        <metrics statements="0" coveredstatements="0" conditionals="0" coveredconditionals="0" methods="0" coveredmethods="0"/>
      </file>
      <file name="progressUtils.ts" path="/home/eduardo/workspaces/ws-react/my-bible-app/src/components/progress/progressUtils.ts">
        <metrics statements="3" coveredstatements="3" conditionals="4" coveredconditionals="4" methods="1" coveredmethods="1"/>
        <line num="4" count="3" type="cond" truecount="2" falsecount="0"/>
        <line num="5" count="2" type="cond" truecount="2" falsecount="0"/>
        <line num="6" count="1" type="stmt"/>
      </file>
    </package>
    <package name="src.components.reader">
      <metrics statements="231" coveredstatements="221" conditionals="180" coveredconditionals="157" methods="111" coveredmethods="101"/>
      <file name="ChapterReader.tsx" path="/home/eduardo/workspaces/ws-react/my-bible-app/src/components/reader/ChapterReader.tsx">
        <metrics statements="154" coveredstatements="147" conditionals="118" coveredconditionals="108" methods="70" coveredmethods="64"/>
        <line num="22" count="30" type="stmt"/>
        <line num="25" count="7" type="cond" truecount="4" falsecount="0"/>
        <line num="40" count="4" type="stmt"/>
        <line num="42" count="1" type="cond" truecount="3" falsecount="0"/>
        <line num="55" count="30" type="stmt"/>
        <line num="58" count="4" type="cond" truecount="4" falsecount="0"/>
        <line num="72" count="4703" type="stmt"/>
        <line num="74" count="651" type="cond" truecount="4" falsecount="0"/>
        <line num="88" count="171" type="stmt"/>
        <line num="89" count="171" type="stmt"/>
        <line num="90" count="646" type="stmt"/>
        <line num="91" count="646" type="stmt"/>
        <line num="92" count="646" type="stmt"/>
        <line num="93" count="646" type="stmt"/>
        <line num="94" count="646" type="stmt"/>
        <line num="95" count="171" type="stmt"/>
        <line num="96" count="646" type="stmt"/>
        <line num="98" count="646" type="stmt"/>
        <line num="99" count="483" type="stmt"/>
        <line num="100" count="497" type="stmt"/>
        <line num="101" count="497" type="stmt"/>
        <line num="102" count="497" type="stmt"/>
        <line num="103" count="497" type="stmt"/>
        <line num="104" count="497" type="stmt"/>
        <line num="105" count="497" type="stmt"/>
        <line num="106" count="497" type="stmt"/>
        <line num="107" count="497" type="stmt"/>
        <line num="109" count="171" type="stmt"/>
        <line num="111" count="84" type="stmt"/>
        <line num="112" count="15" type="cond" truecount="2" falsecount="0"/>
        <line num="117" count="171" type="stmt"/>
        <line num="119" count="83" type="cond" truecount="2" falsecount="0"/>
        <line num="123" count="171" type="stmt"/>
        <line num="128" count="171" type="stmt"/>
        <line num="129" count="77" type="stmt"/>
        <line num="130" count="77" type="stmt"/>
        <line num="132" count="2" type="stmt"/>
        <line num="136" count="171" type="stmt"/>
        <line num="137" count="171" type="stmt"/>
        <line num="141" count="171" type="stmt"/>
        <line num="145" count="171" type="stmt"/>
        <line num="147" count="171" type="stmt"/>
        <line num="148" count="77" type="stmt"/>
        <line num="149" count="77" type="stmt"/>
        <line num="152" count="171" type="stmt"/>
        <line num="153" count="78" type="stmt"/>
        <line num="156" count="171" type="stmt"/>
        <line num="157" count="78" type="stmt"/>
        <line num="160" count="171" type="stmt"/>
        <line num="161" count="79" type="cond" truecount="2" falsecount="0"/>
        <line num="162" count="15" type="stmt"/>
        <line num="163" count="15" type="cond" truecount="2" falsecount="0"/>
        <line num="164" count="14" type="stmt"/>
        <line num="168" count="171" type="stmt"/>
        <line num="169" count="77" type="stmt"/>
        <line num="170" count="77" type="cond" truecount="2" falsecount="0"/>
        <line num="172" count="75" type="stmt"/>
        <line num="174" count="75" type="cond" truecount="2" falsecount="0"/>
        <line num="175" count="77" type="stmt"/>
        <line num="176" count="1" type="stmt"/>
        <line num="178" count="77" type="stmt"/>
        <line num="180" count="77" type="stmt"/>
        <line num="182" count="2" type="cond" truecount="4" falsecount="0"/>
        <line num="183" count="1" type="stmt"/>
        <line num="188" count="77" type="stmt"/>
        <line num="189" count="77" type="stmt"/>
        <line num="190" count="75" type="stmt"/>
        <line num="191" count="75" type="stmt"/>
        <line num="195" count="171" type="stmt"/>
        <line num="196" count="14" type="stmt"/>
        <line num="197" count="14" type="stmt"/>
        <line num="200" count="171" type="stmt"/>
        <line num="201" count="77" type="stmt"/>
        <line num="202" count="63" type="cond" truecount="2" falsecount="0"/>
        <line num="203" count="1" type="stmt"/>
        <line num="206" count="77" type="stmt"/>
        <line num="207" count="77" type="stmt"/>
        <line num="210" count="171" type="stmt"/>
        <line num="212" count="30" type="stmt"/>
        <line num="213" count="30" type="cond" truecount="4" falsecount="0"/>
        <line num="214" count="5" type="stmt"/>
        <line num="219" count="25" type="stmt"/>
        <line num="220" count="25" type="stmt"/>
        <line num="226" count="171" type="stmt"/>
        <line num="227" count="4" type="cond" truecount="4" falsecount="0"/>
        <line num="228" count="9" type="stmt"/>
        <line num="229" count="3" type="stmt"/>
        <line num="234" count="4" type="stmt"/>
        <line num="243" count="171" type="stmt"/>
        <line num="244" count="121" type="cond" truecount="2" falsecount="0"/>
        <line num="245" count="30" type="stmt"/>
        <line num="254" count="171" type="cond" truecount="2" falsecount="0"/>
        <line num="256" count="171" type="stmt"/>
        <line num="258" count="6" type="cond" truecount="1" falsecount="1"/>
        <line num="260" count="6" type="cond" truecount="2" falsecount="0"/>
        <line num="261" count="2" type="stmt"/>
        <line num="263" count="4" type="stmt"/>
        <line num="270" count="4" type="stmt"/>
        <line num="271" count="4" type="stmt"/>
        <line num="280" count="6" type="stmt"/>
        <line num="295" count="171" type="stmt"/>
        <line num="296" count="1" type="cond" truecount="1" falsecount="1"/>
        <line num="298" count="1" type="cond" truecount="1" falsecount="1"/>
        <line num="299" count="1" type="stmt"/>
        <line num="302" count="1" type="stmt"/>
        <line num="305" count="171" type="stmt"/>
        <line num="306" count="121" type="cond" truecount="2" falsecount="0"/>
        <line num="307" count="30" type="stmt"/>
        <line num="316" count="171" type="stmt"/>
        <line num="318" count="4" type="cond" truecount="1" falsecount="1"/>
        <line num="320" count="4" type="cond" truecount="2" falsecount="0"/>
        <line num="321" count="2" type="stmt"/>
        <line num="323" count="2" type="stmt"/>
        <line num="332" count="4" type="stmt"/>
        <line num="345" count="171" type="stmt"/>
        <line num="346" count="2" type="cond" truecount="1" falsecount="1"/>
        <line num="347" count="2" type="stmt"/>
        <line num="348" count="2" type="stmt"/>
        <line num="351" count="171" type="stmt"/>
        <line num="353" count="4693" type="cond" truecount="2" falsecount="0"/>
        <line num="354" count="1705" type="cond" truecount="2" falsecount="0"/>
        <line num="359" count="171" type="stmt"/>
        <line num="360" count="4693" type="stmt"/>
        <line num="365" count="171" type="stmt"/>
        <line num="366" count="4703" type="stmt"/>
        <line num="370" count="171" type="stmt"/>
        <line num="371" count="4703" type="stmt"/>
        <line num="375" count="171" type="stmt"/>
        <line num="377" count="0" type="stmt"/>
        <line num="378" count="0" type="cond" truecount="0" falsecount="2"/>
        <line num="379" count="0" type="stmt"/>
        <line num="385" count="171" type="cond" truecount="2" falsecount="0"/>
        <line num="386" count="2" type="stmt"/>
        <line num="395" count="169" type="stmt"/>
        <line num="406" count="5" type="stmt"/>
        <line num="513" count="50" type="stmt"/>
        <line num="514" count="10" type="cond" truecount="1" falsecount="1"/>
        <line num="515" count="10" type="stmt"/>
        <line num="524" count="0" type="stmt"/>
        <line num="532" count="1" type="stmt"/>
        <line num="542" count="4693" type="stmt"/>
        <line num="551" count="0" type="stmt"/>
        <line num="559" count="0" type="stmt"/>
        <line num="569" count="79" type="stmt"/>
        <line num="573" count="79" type="stmt"/>
        <line num="575" count="79" type="stmt"/>
        <line num="576" count="79" type="cond" truecount="2" falsecount="0"/>
        <line num="578" count="79" type="cond" truecount="5" falsecount="0"/>
        <line num="584" count="79" type="cond" truecount="3" falsecount="1"/>
        <line num="585" count="0" type="stmt"/>
        <line num="594" count="79" type="stmt"/>
        <line num="595" count="79" type="cond" truecount="2" falsecount="0"/>
        <line num="596" count="1" type="stmt"/>
        <line num="605" count="78" type="stmt"/>
      </file>
      <file name="ComparisonView.tsx" path="/home/eduardo/workspaces/ws-react/my-bible-app/src/components/reader/ComparisonView.tsx">
        <metrics statements="58" coveredstatements="55" conditionals="36" coveredconditionals="26" methods="32" coveredmethods="29"/>
        <line num="24" count="88" type="stmt"/>
        <line num="25" count="88" type="stmt"/>
        <line num="26" count="88" type="stmt"/>
        <line num="27" count="28" type="stmt"/>
        <line num="29" count="84" type="stmt"/>
        <line num="30" count="28" type="stmt"/>
        <line num="32" count="14" type="stmt"/>
        <line num="33" count="0" type="cond" truecount="0" falsecount="2"/>
        <line num="38" count="28" type="stmt"/>
        <line num="39" count="837" type="stmt"/>
        <line num="44" count="28" type="stmt"/>
        <line num="45" count="15" type="cond" truecount="2" falsecount="0"/>
        <line num="46" count="6" type="stmt"/>
        <line num="47" count="2" type="cond" truecount="1" falsecount="1"/>
        <line num="50" count="28" type="stmt"/>
        <line num="52" count="28" type="stmt"/>
        <line num="53" count="15" type="stmt"/>
        <line num="54" count="15" type="stmt"/>
        <line num="56" count="32" type="stmt"/>
        <line num="57" count="32" type="stmt"/>
        <line num="60" count="15" type="cond" truecount="1" falsecount="1"/>
        <line num="61" count="32" type="stmt"/>
        <line num="63" count="15" type="stmt"/>
        <line num="64" count="15" type="stmt"/>
        <line num="68" count="28" type="stmt"/>
        <line num="69" count="58" type="stmt"/>
        <line num="72" count="104" type="cond" truecount="1" falsecount="1"/>
        <line num="79" count="28" type="stmt"/>
        <line num="80" count="28" type="stmt"/>
        <line num="81" count="28" type="stmt"/>
        <line num="83" count="28" type="stmt"/>
        <line num="84" count="1" type="cond" truecount="1" falsecount="1"/>
        <line num="85" count="1" type="stmt"/>
        <line num="87" count="1" type="stmt"/>
        <line num="88" count="1" type="cond" truecount="1" falsecount="1"/>
        <line num="89" count="0" type="stmt"/>
        <line num="90" count="0" type="stmt"/>
        <line num="93" count="1" type="stmt"/>
        <line num="94" count="1" type="cond" truecount="1" falsecount="1"/>
        <line num="96" count="1" type="stmt"/>
        <line num="97" count="2" type="cond" truecount="4" falsecount="0"/>
        <line num="98" count="1" type="stmt"/>
        <line num="99" count="1" type="stmt"/>
        <line num="102" count="1" type="stmt"/>
        <line num="103" count="1" type="stmt"/>
        <line num="107" count="28" type="cond" truecount="1" falsecount="1"/>
        <line num="109" count="28" type="stmt"/>
        <line num="112" count="60" type="stmt"/>
        <line num="114" count="1" type="cond" truecount="1" falsecount="1"/>
        <line num="115" count="1" type="stmt"/>
        <line num="116" count="1" type="stmt"/>
        <line num="124" count="10" type="stmt"/>
        <line num="127" count="1" type="stmt"/>
        <line num="139" count="93" type="stmt"/>
        <line num="158" count="50" type="stmt"/>
        <line num="167" count="100" type="stmt"/>
        <line num="169" count="1" type="stmt"/>
        <line num="179" count="744" type="stmt"/>
      </file>
      <file name="TranslationSelector.tsx" path="/home/eduardo/workspaces/ws-react/my-bible-app/src/components/reader/TranslationSelector.tsx">
        <metrics statements="10" coveredstatements="10" conditionals="8" coveredconditionals="7" methods="5" coveredmethods="5"/>
        <line num="14" count="5" type="stmt"/>
        <line num="15" count="5" type="cond" truecount="2" falsecount="0"/>
        <line num="16" count="3" type="cond" truecount="2" falsecount="0"/>
        <line num="17" count="6" type="stmt"/>
        <line num="19" count="2" type="cond" truecount="1" falsecount="1"/>
        <line num="20" count="2" type="stmt"/>
        <line num="24" count="35" type="stmt"/>
        <line num="32" count="105" type="stmt"/>
        <line num="33" count="105" type="stmt"/>
        <line num="37" count="5" type="stmt"/>
      </file>
      <file name="VerseBlock.tsx" path="/home/eduardo/workspaces/ws-react/my-bible-app/src/components/reader/VerseBlock.tsx">
        <metrics statements="9" coveredstatements="9" conditionals="18" coveredconditionals="16" methods="4" coveredmethods="3"/>
        <line num="16" count="6" type="stmt"/>
        <line num="26" count="4688" type="cond" truecount="2" falsecount="0"/>
        <line num="30" count="4688" type="cond" truecount="2" falsecount="0"/>
        <line num="34" count="4688" type="cond" truecount="2" falsecount="0"/>
        <line num="36" count="4688" type="stmt"/>
        <line num="40" count="32" type="stmt"/>
        <line num="44" count="2" type="cond" truecount="3" falsecount="1"/>
        <line num="45" count="2" type="stmt"/>
        <line num="46" count="2" type="stmt"/>
      </file>
    </package>
    <package name="src.components.search">
      <metrics statements="73" coveredstatements="71" conditionals="35" coveredconditionals="32" methods="21" coveredmethods="20"/>
      <file name="BibleSearchError.tsx" path="/home/eduardo/workspaces/ws-react/my-bible-app/src/components/search/BibleSearchError.tsx">
        <metrics statements="1" coveredstatements="1" conditionals="0" coveredconditionals="0" methods="1" coveredmethods="1"/>
        <line num="8" count="10" type="stmt"/>
      </file>
      <file name="SearchInput.tsx" path="/home/eduardo/workspaces/ws-react/my-bible-app/src/components/search/SearchInput.tsx">
        <metrics statements="22" coveredstatements="20" conditionals="9" coveredconditionals="8" methods="4" coveredmethods="4"/>
        <line num="10" count="27" type="stmt"/>
        <line num="11" count="27" type="stmt"/>
        <line num="12" count="27" type="stmt"/>
        <line num="14" count="27" type="cond" truecount="2" falsecount="0"/>
        <line num="15" count="27" type="cond" truecount="2" falsecount="0"/>
        <line num="17" count="27" type="stmt"/>
        <line num="18" count="1" type="stmt"/>
        <line num="19" count="1" type="stmt"/>
        <line num="20" count="1" type="stmt"/>
        <line num="21" count="1" type="stmt"/>
        <line num="22" count="1" type="stmt"/>
        <line num="23" count="1" type="cond" truecount="1" falsecount="1"/>
        <line num="24" count="1" type="stmt"/>
        <line num="25" count="1" type="stmt"/>
        <line num="27" count="0" type="stmt"/>
        <line num="28" count="0" type="stmt"/>
        <line num="33" count="27" type="stmt"/>
        <line num="34" count="1" type="stmt"/>
        <line num="35" count="1" type="stmt"/>
        <line num="36" count="1" type="stmt"/>
        <line num="37" count="1" type="stmt"/>
        <line num="40" count="27" type="stmt"/>
      </file>
      <file name="SearchPage.tsx" path="/home/eduardo/workspaces/ws-react/my-bible-app/src/components/search/SearchPage.tsx">
        <metrics statements="15" coveredstatements="15" conditionals="16" coveredconditionals="16" methods="6" coveredmethods="5"/>
        <line num="11" count="20" type="stmt"/>
        <line num="12" count="20" type="stmt"/>
        <line num="13" count="20" type="cond" truecount="2" falsecount="0"/>
        <line num="14" count="60" type="stmt"/>
        <line num="16" count="20" type="stmt"/>
        <line num="18" count="20" type="stmt"/>
        <line num="19" count="20" type="cond" truecount="2" falsecount="0"/>
        <line num="20" count="6" type="stmt"/>
        <line num="24" count="20" type="stmt"/>
        <line num="25" count="20" type="cond" truecount="2" falsecount="0"/>
        <line num="26" count="17" type="cond" truecount="4" falsecount="0"/>
        <line num="27" count="6" type="stmt"/>
        <line num="30" count="20" type="stmt"/>
        <line num="31" count="20" type="cond" truecount="2" falsecount="0"/>
        <line num="33" count="20" type="stmt"/>
      </file>
      <file name="SearchResults.tsx" path="/home/eduardo/workspaces/ws-react/my-bible-app/src/components/search/SearchResults.tsx">
        <metrics statements="35" coveredstatements="35" conditionals="10" coveredconditionals="8" methods="10" coveredmethods="10"/>
        <line num="10" count="307" type="cond" truecount="1" falsecount="1"/>
        <line num="12" count="307" type="stmt"/>
        <line num="14" count="307" type="stmt"/>
        <line num="15" count="307" type="cond" truecount="1" falsecount="1"/>
        <line num="17" count="307" type="stmt"/>
        <line num="18" count="307" type="stmt"/>
        <line num="19" count="307" type="stmt"/>
        <line num="21" count="307" type="stmt"/>
        <line num="22" count="307" type="stmt"/>
        <line num="23" count="307" type="stmt"/>
        <line num="24" count="1001" type="stmt"/>
        <line num="25" count="1001" type="stmt"/>
        <line num="26" count="1001" type="stmt"/>
        <line num="27" count="1001" type="stmt"/>
        <line num="29" count="1001" type="cond" truecount="2" falsecount="0"/>
        <line num="30" count="347" type="stmt"/>
        <line num="34" count="654" type="stmt"/>
        <line num="38" count="1001" type="stmt"/>
        <line num="42" count="12" type="stmt"/>
        <line num="43" count="12" type="stmt"/>
        <line num="44" count="307" type="cond" truecount="2" falsecount="0"/>
        <line num="45" count="307" type="stmt"/>
        <line num="46" count="307" type="stmt"/>
        <line num="48" count="12" type="stmt"/>
        <line num="52" count="12" type="stmt"/>
        <line num="53" count="12" type="stmt"/>
        <line num="55" count="12" type="stmt"/>
        <line num="56" count="2" type="stmt"/>
        <line num="59" count="12" type="cond" truecount="2" falsecount="0"/>
        <line num="60" count="2" type="stmt"/>
        <line num="85" count="10" type="stmt"/>
        <line num="88" count="58" type="stmt"/>
        <line num="89" count="58" type="stmt"/>
        <line num="96" count="307" type="stmt"/>
        <line num="98" count="2" type="stmt"/>
      </file>
    </package>
    <package name="src.components.study">
      <metrics statements="142" coveredstatements="124" conditionals="108" coveredconditionals="81" methods="57" coveredmethods="52"/>
      <file name="BookmarkButton.tsx" path="/home/eduardo/workspaces/ws-react/my-bible-app/src/components/study/BookmarkButton.tsx">
        <metrics statements="15" coveredstatements="15" conditionals="25" coveredconditionals="24" methods="7" coveredmethods="7"/>
        <line num="12" count="6" type="stmt"/>
        <line num="19" count="300" type="stmt"/>
        <line num="20" count="300" type="stmt"/>
        <line num="21" count="300" type="stmt"/>
        <line num="23" count="92" type="stmt"/>
        <line num="25" count="8" type="cond" truecount="4" falsecount="0"/>
        <line num="31" count="92" type="stmt"/>
        <line num="32" count="6" type="cond" truecount="2" falsecount="0"/>
        <line num="33" count="2" type="stmt"/>
        <line num="35" count="2" type="cond" truecount="4" falsecount="0"/>
        <line num="40" count="2" type="cond" truecount="1" falsecount="1"/>
        <line num="41" count="2" type="stmt"/>
        <line num="44" count="4" type="stmt"/>
        <line num="57" count="92" type="cond" truecount="2" falsecount="0"/>
        <line num="59" count="92" type="stmt"/>
      </file>
      <file name="BookmarksPanel.tsx" path="/home/eduardo/workspaces/ws-react/my-bible-app/src/components/study/BookmarksPanel.tsx">
        <metrics statements="23" coveredstatements="23" conditionals="12" coveredconditionals="11" methods="11" coveredmethods="11"/>
        <line num="8" count="16" type="stmt"/>
        <line num="9" count="16" type="stmt"/>
        <line num="17" count="16" type="stmt"/>
        <line num="18" count="16" type="cond" truecount="2" falsecount="0"/>
        <line num="19" count="3" type="stmt"/>
        <line num="21" count="16" type="cond" truecount="2" falsecount="0"/>
        <line num="22" count="9" type="stmt"/>
        <line num="24" count="16" type="stmt"/>
        <line num="33" count="16" type="stmt"/>
        <line num="34" count="16" type="stmt"/>
        <line num="35" count="16" type="cond" truecount="1" falsecount="1"/>
        <line num="37" count="16" type="stmt"/>
        <line num="38" count="1" type="stmt"/>
        <line num="41" count="16" type="stmt"/>
        <line num="79" count="2" type="stmt"/>
        <line num="102" count="117" type="stmt"/>
        <line num="103" count="117" type="stmt"/>
        <line num="105" count="38" type="stmt"/>
        <line num="107" count="38" type="stmt"/>
        <line num="111" count="38" type="cond" truecount="2" falsecount="0"/>
        <line num="112" count="25" type="stmt"/>
        <line num="124" count="13" type="stmt"/>
        <line num="141" count="16" type="stmt"/>
      </file>
      <file name="CrossReferenceIndicator.tsx" path="/home/eduardo/workspaces/ws-react/my-bible-app/src/components/study/CrossReferenceIndicator.tsx">
        <metrics statements="3" coveredstatements="3" conditionals="2" coveredconditionals="2" methods="1" coveredmethods="1"/>
        <line num="8" count="7" type="stmt"/>
        <line num="12" count="4693" type="cond" truecount="2" falsecount="0"/>
        <line num="14" count="3241" type="stmt"/>
      </file>
      <file name="CrossReferencePanel.tsx" path="/home/eduardo/workspaces/ws-react/my-bible-app/src/components/study/CrossReferencePanel.tsx">
        <metrics statements="47" coveredstatements="35" conditionals="32" coveredconditionals="13" methods="10" coveredmethods="10"/>
        <line num="18" count="14" type="stmt"/>
        <line num="19" count="14" type="cond" truecount="1" falsecount="1"/>
        <line num="20" count="14" type="stmt"/>
        <line num="22" count="14" type="stmt"/>
        <line num="29" count="1" type="stmt"/>
        <line num="48" count="2" type="stmt"/>
        <line num="49" count="2" type="stmt"/>
        <line num="53" count="138" type="stmt"/>
        <line num="54" count="138" type="stmt"/>
        <line num="55" count="138" type="stmt"/>
        <line num="57" count="138" type="stmt"/>
        <line num="58" count="1" type="stmt"/>
        <line num="59" count="1" type="stmt"/>
        <line num="62" count="138" type="stmt"/>
        <line num="63" count="137" type="cond" truecount="2" falsecount="0"/>
        <line num="65" count="7" type="stmt"/>
        <line num="67" count="7" type="stmt"/>
        <line num="68" count="2" type="cond" truecount="1" falsecount="1"/>
        <line num="69" count="2" type="stmt"/>
        <line num="70" count="2" type="cond" truecount="1" falsecount="1"/>
        <line num="71" count="2" type="stmt"/>
        <line num="73" count="0" type="stmt"/>
        <line num="78" count="7" type="stmt"/>
        <line num="80" count="7" type="stmt"/>
        <line num="81" count="1" type="cond" truecount="1" falsecount="1"/>
        <line num="82" count="1" type="stmt"/>
        <line num="83" count="1" type="stmt"/>
        <line num="84" count="1" type="stmt"/>
        <line num="87" count="0" type="cond" truecount="0" falsecount="4"/>
        <line num="88" count="0" type="stmt"/>
        <line num="89" count="0" type="cond" truecount="0" falsecount="2"/>
        <line num="91" count="0" type="stmt"/>
        <line num="92" count="0" type="stmt"/>
        <line num="94" count="0" type="cond" truecount="0" falsecount="4"/>
        <line num="95" count="0" type="stmt"/>
        <line num="96" count="0" type="stmt"/>
        <line num="97" count="0" type="cond" truecount="0" falsecount="4"/>
        <line num="98" count="0" type="stmt"/>
        <line num="99" count="0" type="stmt"/>
        <line num="104" count="7" type="stmt"/>
        <line num="105" count="7" type="stmt"/>
        <line num="106" count="7" type="stmt"/>
        <line num="107" count="7" type="stmt"/>
        <line num="108" count="7" type="stmt"/>
        <line num="112" count="138" type="cond" truecount="2" falsecount="0"/>
        <line num="114" count="8" type="stmt"/>
        <line num="166" count="14" type="stmt"/>
      </file>
      <file name="HighlightPicker.tsx" path="/home/eduardo/workspaces/ws-react/my-bible-app/src/components/study/HighlightPicker.tsx">
        <metrics statements="5" coveredstatements="5" conditionals="4" coveredconditionals="4" methods="3" coveredmethods="3"/>
        <line num="9" count="6" type="stmt"/>
        <line num="11" count="6" type="stmt"/>
        <line num="24" count="37" type="stmt"/>
        <line num="27" count="185" type="stmt"/>
        <line num="30" count="9" type="stmt"/>
      </file>
      <file name="NoteEditor.tsx" path="/home/eduardo/workspaces/ws-react/my-bible-app/src/components/study/NoteEditor.tsx">
        <metrics statements="17" coveredstatements="17" conditionals="14" coveredconditionals="12" methods="6" coveredmethods="6"/>
        <line num="18" count="147" type="stmt"/>
        <line num="19" count="147" type="stmt"/>
        <line num="21" count="147" type="stmt"/>
        <line num="22" count="40" type="stmt"/>
        <line num="25" count="147" type="stmt"/>
        <line num="26" count="40" type="stmt"/>
        <line num="29" count="147" type="stmt"/>
        <line num="30" count="8" type="stmt"/>
        <line num="31" count="8" type="cond" truecount="1" falsecount="1"/>
        <line num="32" count="8" type="stmt"/>
        <line num="36" count="147" type="stmt"/>
        <line num="37" count="84" type="cond" truecount="2" falsecount="0"/>
        <line num="38" count="1" type="stmt"/>
        <line num="40" count="84" type="cond" truecount="4" falsecount="1"/>
        <line num="41" count="1" type="stmt"/>
        <line num="45" count="147" type="stmt"/>
        <line num="54" count="86" type="stmt"/>
      </file>
      <file name="NotesPanel.tsx" path="/home/eduardo/workspaces/ws-react/my-bible-app/src/components/study/NotesPanel.tsx">
        <metrics statements="28" coveredstatements="24" conditionals="12" coveredconditionals="11" methods="16" coveredmethods="13"/>
        <line num="9" count="12" type="cond" truecount="4" falsecount="0"/>
        <line num="10" count="10" type="stmt"/>
        <line num="12" count="2" type="stmt"/>
        <line num="16" count="12" type="stmt"/>
        <line num="17" count="12" type="stmt"/>
        <line num="31" count="12" type="stmt"/>
        <line num="32" count="12" type="stmt"/>
        <line num="33" count="12" type="stmt"/>
        <line num="34" count="12" type="cond" truecount="1" falsecount="1"/>
        <line num="36" count="12" type="stmt"/>
        <line num="37" count="0" type="stmt"/>
        <line num="40" count="12" type="stmt"/>
        <line num="64" count="1" type="stmt"/>
        <line num="65" count="1" type="stmt"/>
        <line num="67" count="0" type="stmt"/>
        <line num="69" count="0" type="stmt"/>
        <line num="70" count="0" type="stmt"/>
        <line num="85" count="1" type="stmt"/>
        <line num="106" count="1" type="stmt"/>
        <line num="131" count="35" type="stmt"/>
        <line num="132" count="35" type="stmt"/>
        <line num="133" count="35" type="stmt"/>
        <line num="135" count="11" type="stmt"/>
        <line num="137" count="11" type="stmt"/>
        <line num="141" count="11" type="cond" truecount="2" falsecount="0"/>
        <line num="142" count="2" type="stmt"/>
        <line num="154" count="9" type="stmt"/>
        <line num="171" count="11" type="stmt"/>
      </file>
      <file name="StudyPanel.tsx" path="/home/eduardo/workspaces/ws-react/my-bible-app/src/components/study/StudyPanel.tsx">
        <metrics statements="4" coveredstatements="2" conditionals="7" coveredconditionals="4" methods="3" coveredmethods="1"/>
        <line num="12" count="22" type="stmt"/>
        <line num="14" count="22" type="stmt"/>
        <line num="22" count="0" type="stmt"/>
        <line num="32" count="0" type="stmt"/>
      </file>
    </package>
    <package name="src.components.theme">
      <metrics statements="6" coveredstatements="6" conditionals="2" coveredconditionals="2" methods="5" coveredmethods="5"/>
      <file name="ThemeToggle.tsx" path="/home/eduardo/workspaces/ws-react/my-bible-app/src/components/theme/ThemeToggle.tsx">
        <metrics statements="6" coveredstatements="6" conditionals="2" coveredconditionals="2" methods="5" coveredmethods="5"/>
        <line num="3" count="6" type="stmt"/>
        <line num="84" count="272" type="stmt"/>
        <line num="85" count="272" type="stmt"/>
        <line num="87" count="87" type="stmt"/>
        <line num="94" count="609" type="stmt"/>
        <line num="99" count="7" type="stmt"/>
      </file>
    </package>
    <package name="src.data">
      <metrics statements="140" coveredstatements="139" conditionals="86" coveredconditionals="79" methods="30" coveredmethods="30"/>
      <file name="bibleAliases.ts" path="/home/eduardo/workspaces/ws-react/my-bible-app/src/data/bibleAliases.ts">
        <metrics statements="31" coveredstatements="30" conditionals="29" coveredconditionals="26" methods="6" coveredmethods="6"/>
        <line num="5" count="1123" type="stmt"/>
        <line num="13" count="5" type="stmt"/>
        <line num="27" count="5" type="stmt"/>
        <line num="30" count="830" type="stmt"/>
        <line num="31" count="830" type="cond" truecount="2" falsecount="0"/>
        <line num="32" count="15" type="cond" truecount="3" falsecount="1"/>
        <line num="33" count="10" type="stmt"/>
        <line num="36" count="820" type="stmt"/>
        <line num="40" count="5" type="stmt"/>
        <line num="41" count="330" type="stmt"/>
        <line num="42" count="330" type="stmt"/>
        <line num="44" count="330" type="cond" truecount="5" falsecount="0"/>
        <line num="45" count="85" type="stmt"/>
        <line num="46" count="85" type="stmt"/>
        <line num="47" count="85" type="cond" truecount="1" falsecount="1"/>
        <line num="48" count="85" type="stmt"/>
        <line num="49" count="85" type="stmt"/>
        <line num="50" count="85" type="stmt"/>
        <line num="55" count="5" type="stmt"/>
        <line num="58" count="5" type="stmt"/>
        <line num="61" count="295" type="cond" truecount="4" falsecount="0"/>
        <line num="62" count="293" type="stmt"/>
        <line num="63" count="293" type="cond" truecount="4" falsecount="0"/>
        <line num="65" count="290" type="stmt"/>
        <line num="66" count="290" type="cond" truecount="4" falsecount="0"/>
        <line num="67" count="281" type="cond" truecount="2" falsecount="0"/>
        <line num="69" count="4" type="stmt"/>
        <line num="70" count="4" type="stmt"/>
        <line num="71" count="8" type="stmt"/>
        <line num="72" count="4" type="cond" truecount="1" falsecount="1"/>
        <line num="75" count="0" type="stmt"/>
      </file>
      <file name="bibleData.ts" path="/home/eduardo/workspaces/ws-react/my-bible-app/src/data/bibleData.ts">
        <metrics statements="91" coveredstatements="91" conditionals="49" coveredconditionals="46" methods="16" coveredmethods="16"/>
        <line num="17" count="15" type="stmt"/>
        <line num="29" count="22" type="cond" truecount="2" falsecount="0"/>
        <line num="30" count="22" type="stmt"/>
        <line num="31" count="22" type="cond" truecount="2" falsecount="0"/>
        <line num="32" count="20" type="stmt"/>
        <line num="33" count="20" type="cond" truecount="2" falsecount="0"/>
        <line num="34" count="19" type="cond" truecount="2" falsecount="0"/>
        <line num="43" count="4" type="stmt"/>
        <line num="51" count="125" type="cond" truecount="2" falsecount="0"/>
        <line num="52" count="125" type="stmt"/>
        <line num="53" count="125" type="cond" truecount="2" falsecount="0"/>
        <line num="54" count="122" type="stmt"/>
        <line num="55" count="122" type="cond" truecount="2" falsecount="0"/>
        <line num="56" count="3701" type="stmt"/>
        <line num="67" count="35" type="stmt"/>
        <line num="71" count="129" type="stmt"/>
        <line num="79" count="4706" type="stmt"/>
        <line num="80" count="4706" type="cond" truecount="2" falsecount="0"/>
        <line num="81" count="4705" type="stmt"/>
        <line num="82" count="4705" type="cond" truecount="2" falsecount="0"/>
        <line num="83" count="4704" type="stmt"/>
        <line num="84" count="4704" type="cond" truecount="2" falsecount="0"/>
        <line num="86" count="11470" type="stmt"/>
        <line num="94" count="128102" type="stmt"/>
        <line num="103" count="15" type="stmt"/>
        <line num="108" count="4" type="stmt"/>
        <line num="109" count="4" type="stmt"/>
        <line num="111" count="4" type="stmt"/>
        <line num="112" count="264" type="stmt"/>
        <line num="113" count="264" type="cond" truecount="1" falsecount="1"/>
        <line num="114" count="264" type="stmt"/>
        <line num="115" count="264" type="stmt"/>
        <line num="116" count="4756" type="stmt"/>
        <line num="117" count="4756" type="stmt"/>
        <line num="118" count="4756" type="stmt"/>
        <line num="119" count="124417" type="stmt"/>
        <line num="120" count="124417" type="stmt"/>
        <line num="121" count="124417" type="stmt"/>
        <line num="122" count="124417" type="stmt"/>
        <line num="123" count="124417" type="stmt"/>
        <line num="124" count="2811976" type="cond" truecount="2" falsecount="0"/>
        <line num="125" count="2435141" type="stmt"/>
        <line num="126" count="2435141" type="cond" truecount="2" falsecount="0"/>
        <line num="127" count="99082" type="stmt"/>
        <line num="128" count="99082" type="stmt"/>
        <line num="130" count="2435141" type="stmt"/>
        <line num="135" count="4" type="stmt"/>
        <line num="138" count="15" type="stmt"/>
        <line num="141" count="9" type="stmt"/>
        <line num="142" count="9" type="cond" truecount="2" falsecount="0"/>
        <line num="143" count="4" type="stmt"/>
        <line num="144" count="4" type="stmt"/>
        <line num="146" count="9" type="stmt"/>
        <line num="150" count="14" type="stmt"/>
        <line num="151" count="14" type="cond" truecount="2" falsecount="0"/>
        <line num="153" count="12" type="stmt"/>
        <line num="154" count="14" type="stmt"/>
        <line num="156" count="12" type="cond" truecount="2" falsecount="0"/>
        <line num="158" count="9" type="stmt"/>
        <line num="160" count="9" type="stmt"/>
        <line num="161" count="9" type="stmt"/>
        <line num="163" count="9" type="cond" truecount="2" falsecount="0"/>
        <line num="164" count="1" type="stmt"/>
        <line num="165" count="1" type="stmt"/>
        <line num="167" count="1" type="stmt"/>
        <line num="168" count="3" type="stmt"/>
        <line num="169" count="3" type="cond" truecount="1" falsecount="1"/>
        <line num="170" count="3" type="stmt"/>
        <line num="171" count="4207" type="stmt"/>
        <line num="172" count="4207" type="stmt"/>
        <line num="173" count="4207" type="cond" truecount="2" falsecount="0"/>
        <line num="174" count="534" type="stmt"/>
        <line num="176" count="3673" type="stmt"/>
        <line num="181" count="1" type="stmt"/>
        <line num="182" count="3673" type="stmt"/>
        <line num="183" count="3673" type="cond" truecount="2" falsecount="0"/>
        <line num="184" count="1" type="stmt"/>
        <line num="195" count="1" type="stmt"/>
        <line num="196" count="1" type="stmt"/>
        <line num="197" count="3" type="stmt"/>
        <line num="198" count="3" type="cond" truecount="1" falsecount="1"/>
        <line num="199" count="3" type="stmt"/>
        <line num="200" count="4207" type="stmt"/>
        <line num="201" count="4207" type="cond" truecount="2" falsecount="0"/>
        <line num="202" count="4204" type="stmt"/>
        <line num="213" count="1" type="stmt"/>
        <line num="215" count="8" type="stmt"/>
        <line num="216" count="8" type="cond" truecount="2" falsecount="0"/>
        <line num="217" count="6001" type="stmt"/>
        <line num="227" count="10198" type="stmt"/>
        <line num="228" count="8" type="stmt"/>
      </file>
      <file name="books.ts" path="/home/eduardo/workspaces/ws-react/my-bible-app/src/data/books.ts">
        <metrics statements="12" coveredstatements="12" conditionals="6" coveredconditionals="5" methods="7" coveredmethods="7"/>
        <line num="3" count="23" type="stmt"/>
        <line num="72" count="23" type="stmt"/>
        <line num="73" count="23" type="stmt"/>
        <line num="74" count="1518" type="stmt"/>
        <line num="78" count="398" type="cond" truecount="2" falsecount="0"/>
        <line num="82" count="15" type="stmt"/>
        <line num="86" count="2" type="stmt"/>
        <line num="90" count="215" type="cond" truecount="2" falsecount="0"/>
        <line num="91" count="203" type="cond" truecount="1" falsecount="1"/>
        <line num="93" count="792" type="stmt"/>
        <line num="97" count="3432" type="stmt"/>
        <line num="106" count="23" type="stmt"/>
      </file>
      <file name="translations.ts" path="/home/eduardo/workspaces/ws-react/my-bible-app/src/data/translations.ts">
        <metrics statements="6" coveredstatements="6" conditionals="2" coveredconditionals="2" methods="1" coveredmethods="1"/>
        <line num="3" count="10" type="stmt"/>
        <line num="9" count="10" type="stmt"/>
        <line num="11" count="10" type="stmt"/>
        <line num="12" count="10" type="stmt"/>
        <line num="13" count="30" type="stmt"/>
        <line num="17" count="1" type="cond" truecount="2" falsecount="0"/>
      </file>
    </package>
    <package name="src.data.bible">
      <metrics statements="3" coveredstatements="3" conditionals="0" coveredconditionals="0" methods="0" coveredmethods="0"/>
      <file name="acf.ts" path="/home/eduardo/workspaces/ws-react/my-bible-app/src/data/bible/acf.ts">
        <metrics statements="1" coveredstatements="1" conditionals="0" coveredconditionals="0" methods="0" coveredmethods="0"/>
        <line num="6" count="15" type="stmt"/>
      </file>
      <file name="ara.ts" path="/home/eduardo/workspaces/ws-react/my-bible-app/src/data/bible/ara.ts">
        <metrics statements="1" coveredstatements="1" conditionals="0" coveredconditionals="0" methods="0" coveredmethods="0"/>
        <line num="6" count="15" type="stmt"/>
      </file>
      <file name="nvi.ts" path="/home/eduardo/workspaces/ws-react/my-bible-app/src/data/bible/nvi.ts">
        <metrics statements="1" coveredstatements="1" conditionals="0" coveredconditionals="0" methods="0" coveredmethods="0"/>
        <line num="6" count="15" type="stmt"/>
      </file>
    </package>
    <package name="src.data.crossReferences">
      <metrics statements="1" coveredstatements="1" conditionals="0" coveredconditionals="0" methods="0" coveredmethods="0"/>
      <file name="data.ts" path="/home/eduardo/workspaces/ws-react/my-bible-app/src/data/crossReferences/data.ts">
        <metrics statements="1" coveredstatements="1" conditionals="0" coveredconditionals="0" methods="0" coveredmethods="0"/>
        <line num="6" count="15" type="stmt"/>
      </file>
    </package>
    <package name="src.hooks">
      <metrics statements="10" coveredstatements="9" conditionals="1" coveredconditionals="1" methods="6" coveredmethods="5"/>
      <file name="useIsMobile.ts" path="/home/eduardo/workspaces/ws-react/my-bible-app/src/hooks/useIsMobile.ts">
        <metrics statements="10" coveredstatements="9" conditionals="1" coveredconditionals="1" methods="6" coveredmethods="5"/>
        <line num="4" count="4" type="stmt"/>
        <line num="6" count="4" type="stmt"/>
        <line num="7" count="4" type="stmt"/>
        <line num="8" count="4" type="stmt"/>
        <line num="11" count="4" type="stmt"/>
        <line num="13" count="4" type="stmt"/>
        <line num="14" count="4" type="stmt"/>
        <line num="19" count="4" type="stmt"/>
        <line num="21" count="12" type="stmt"/>
        <line num="22" count="0" type="stmt"/>
      </file>
    </package>
    <package name="src.stores">
      <metrics statements="70" coveredstatements="62" conditionals="16" coveredconditionals="12" methods="65" coveredmethods="53"/>
      <file name="bibleStore.ts" path="/home/eduardo/workspaces/ws-react/my-bible-app/src/stores/bibleStore.ts">
        <metrics statements="13" coveredstatements="11" conditionals="0" coveredconditionals="0" methods="13" coveredmethods="10"/>
        <line num="24" count="18" type="stmt"/>
        <line num="26" count="18" type="stmt"/>
        <line num="33" count="78" type="stmt"/>
        <line num="34" count="78" type="stmt"/>
        <line num="35" count="21" type="stmt"/>
        <line num="37" count="6" type="stmt"/>
        <line num="39" count="5" type="stmt"/>
        <line num="40" count="3" type="stmt"/>
        <line num="45" count="18" type="stmt"/>
        <line num="46" count="18" type="stmt"/>
        <line num="48" count="0" type="stmt"/>
        <line num="49" count="0" type="stmt"/>
        <line num="55" count="536" type="stmt"/>
      </file>
      <file name="index.ts" path="/home/eduardo/workspaces/ws-react/my-bible-app/src/stores/index.ts">
        <metrics statements="0" coveredstatements="0" conditionals="0" coveredconditionals="0" methods="0" coveredmethods="0"/>
      </file>
      <file name="progressStore.ts" path="/home/eduardo/workspaces/ws-react/my-bible-app/src/stores/progressStore.ts">
        <metrics statements="23" coveredstatements="21" conditionals="4" coveredconditionals="4" methods="13" coveredmethods="10"/>
        <line num="19" count="505" type="stmt"/>
        <line num="22" count="18" type="stmt"/>
        <line num="24" count="18" type="stmt"/>
        <line num="28" count="128" type="stmt"/>
        <line num="29" count="128" type="stmt"/>
        <line num="30" count="128" type="stmt"/>
        <line num="31" count="128" type="stmt"/>
        <line num="35" count="377" type="stmt"/>
        <line num="38" count="200" type="stmt"/>
        <line num="39" count="200" type="stmt"/>
        <line num="40" count="200" type="stmt"/>
        <line num="41" count="200" type="stmt"/>
        <line num="42" count="336" type="cond" truecount="2" falsecount="0"/>
        <line num="44" count="200" type="stmt"/>
        <line num="48" count="4" type="stmt"/>
        <line num="49" count="4" type="stmt"/>
        <line num="55" count="18" type="stmt"/>
        <line num="56" count="18" type="stmt"/>
        <line num="58" count="0" type="stmt"/>
        <line num="59" count="0" type="stmt"/>
        <line num="65" count="381" type="stmt"/>
        <line num="69" count="18" type="stmt"/>
        <line num="70" count="18" type="stmt"/>
      </file>
      <file name="studyStore.ts" path="/home/eduardo/workspaces/ws-react/my-bible-app/src/stores/studyStore.ts">
        <metrics statements="22" coveredstatements="20" conditionals="6" coveredconditionals="3" methods="30" coveredmethods="27"/>
        <line num="26" count="67" type="stmt"/>
        <line num="29" count="18" type="stmt"/>
        <line num="31" count="18" type="stmt"/>
        <line num="37" count="17" type="stmt"/>
        <line num="45" count="3" type="stmt"/>
        <line num="46" count="3" type="stmt"/>
        <line num="50" count="3" type="stmt"/>
        <line num="52" count="3" type="cond" truecount="1" falsecount="1"/>
        <line num="57" count="23" type="stmt"/>
        <line num="65" count="4" type="stmt"/>
        <line num="67" count="4" type="cond" truecount="1" falsecount="1"/>
        <line num="72" count="4" type="stmt"/>
        <line num="73" count="4" type="stmt"/>
        <line num="77" count="27" type="stmt"/>
        <line num="85" count="5" type="stmt"/>
        <line num="86" count="5" type="stmt"/>
        <line num="90" count="1" type="stmt"/>
        <line num="92" count="1" type="cond" truecount="1" falsecount="1"/>
        <line num="99" count="18" type="stmt"/>
        <line num="100" count="18" type="stmt"/>
        <line num="102" count="0" type="stmt"/>
        <line num="103" count="0" type="stmt"/>
      </file>
      <file name="themeStore.ts" path="/home/eduardo/workspaces/ws-react/my-bible-app/src/stores/themeStore.ts">
        <metrics statements="12" coveredstatements="10" conditionals="6" coveredconditionals="5" methods="9" coveredmethods="6"/>
        <line num="19" count="5" type="cond" truecount="1" falsecount="1"/>
        <line num="20" count="5" type="cond" truecount="2" falsecount="0"/>
        <line num="26" count="20" type="cond" truecount="2" falsecount="0"/>
        <line num="27" count="15" type="stmt"/>
        <line num="30" count="18" type="stmt"/>
        <line num="32" count="18" type="stmt"/>
        <line num="35" count="34" type="stmt"/>
        <line num="37" count="20" type="stmt"/>
        <line num="42" count="18" type="stmt"/>
        <line num="43" count="18" type="stmt"/>
        <line num="45" count="0" type="stmt"/>
        <line num="46" count="0" type="stmt"/>
      </file>
    </package>
    <package name="src.utils">
      <metrics statements="33" coveredstatements="32" conditionals="30" coveredconditionals="27" methods="5" coveredmethods="5"/>
      <file name="highlights.ts" path="/home/eduardo/workspaces/ws-react/my-bible-app/src/utils/highlights.ts">
        <metrics statements="4" coveredstatements="4" conditionals="6" coveredconditionals="6" methods="1" coveredmethods="1"/>
        <line num="9" count="5530" type="stmt"/>
        <line num="10" count="837" type="cond" truecount="2" falsecount="0"/>
        <line num="16" count="55" type="stmt"/>
        <line num="19" count="5475" type="stmt"/>
      </file>
      <file name="parseBibleQuery.ts" path="/home/eduardo/workspaces/ws-react/my-bible-app/src/utils/parseBibleQuery.ts">
        <metrics statements="29" coveredstatements="28" conditionals="24" coveredconditionals="21" methods="4" coveredmethods="4"/>
        <line num="5" count="46" type="stmt"/>
        <line num="14" count="88" type="stmt"/>
        <line num="15" count="45" type="cond" truecount="1" falsecount="1"/>
        <line num="17" count="45" type="stmt"/>
        <line num="18" count="45" type="cond" truecount="2" falsecount="0"/>
        <line num="20" count="34" type="stmt"/>
        <line num="21" count="34" type="cond" truecount="1" falsecount="1"/>
        <line num="23" count="34" type="stmt"/>
        <line num="24" count="34" type="stmt"/>
        <line num="28" count="51" type="cond" truecount="4" falsecount="0"/>
        <line num="29" count="5" type="stmt"/>
        <line num="32" count="46" type="stmt"/>
        <line num="34" count="46" type="cond" truecount="2" falsecount="0"/>
        <line num="35" count="1" type="stmt"/>
        <line num="38" count="45" type="stmt"/>
        <line num="39" count="45" type="cond" truecount="2" falsecount="0"/>
        <line num="40" count="11" type="stmt"/>
        <line num="43" count="34" type="stmt"/>
        <line num="45" count="34" type="cond" truecount="3" falsecount="1"/>
        <line num="46" count="0" type="stmt"/>
        <line num="49" count="34" type="stmt"/>
        <line num="51" count="34" type="cond" truecount="2" falsecount="0"/>
        <line num="52" count="5" type="stmt"/>
        <line num="57" count="5" type="stmt"/>
        <line num="60" count="29" type="cond" truecount="4" falsecount="0"/>
        <line num="61" count="8" type="stmt"/>
        <line num="66" count="8" type="stmt"/>
        <line num="69" count="21" type="stmt"/>
        <line num="76" count="21" type="stmt"/>
      </file>
    </package>
  </project>
</coverage>
