<?xml version="1.0" encoding="UTF-8"?>
<coverage generated="1775493619496" clover="3.2.0">
  <project timestamp="1775493619496" name="All files">
    <metrics statements="736" coveredstatements="676" conditionals="447" coveredconditionals="376" methods="345" coveredmethods="305" elements="1528" coveredelements="1357" complexity="0" loc="736" ncloc="736" packages="14" files="46" classes="46"/>
    <package name="src">
      <metrics statements="1" coveredstatements="1" conditionals="0" coveredconditionals="0" methods="1" coveredmethods="1"/>
      <file name="App.tsx" path="/home/eduardo/workspaces/ws-react/my-bible-app/src/App.tsx">
        <metrics statements="1" coveredstatements="1" conditionals="0" coveredconditionals="0" methods="1" coveredmethods="1"/>
        <line num="2" count="1" type="stmt"/>
      </file>
    </package>
    <package name="src.components">
      <metrics statements="18" coveredstatements="0" conditionals="12" coveredconditionals="0" methods="7" coveredmethods="0"/>
      <file name="pages.tsx" path="/home/eduardo/workspaces/ws-react/my-bible-app/src/components/pages.tsx">
        <metrics statements="18" coveredstatements="0" conditionals="12" coveredconditionals="0" methods="7" coveredmethods="0"/>
        <line num="10" count="0" type="stmt"/>
        <line num="11" count="0" type="stmt"/>
        <line num="12" count="0" type="stmt"/>
        <line num="14" count="0" type="stmt"/>
        <line num="15" count="0" type="cond" truecount="0" falsecount="4"/>
        <line num="16" count="0" type="stmt"/>
        <line num="17" count="0" type="cond" truecount="0" falsecount="2"/>
        <line num="18" count="0" type="stmt"/>
        <line num="20" count="0" type="stmt"/>
        <line num="24" count="0" type="stmt"/>
        <line num="28" count="0" type="stmt"/>
        <line num="29" count="0" type="cond" truecount="0" falsecount="2"/>
        <line num="31" count="0" type="cond" truecount="0" falsecount="2"/>
        <line num="32" count="0" type="stmt"/>
        <line num="39" count="0" type="cond" truecount="0" falsecount="2"/>
        <line num="41" count="0" type="stmt"/>
        <line num="53" count="0" type="stmt"/>
        <line num="57" count="0" type="stmt"/>
      </file>
    </package>
    <package name="src.components.layout">
      <metrics statements="92" coveredstatements="81" conditionals="44" coveredconditionals="39" methods="39" coveredmethods="32"/>
      <file name="AppShell.tsx" path="/home/eduardo/workspaces/ws-react/my-bible-app/src/components/layout/AppShell.tsx">
        <metrics statements="6" coveredstatements="5" conditionals="6" coveredconditionals="4" methods="5" coveredmethods="4"/>
        <line num="9" count="37" type="stmt"/>
        <line num="10" count="37" type="stmt"/>
        <line num="16" count="0" type="cond" truecount="0" falsecount="2"/>
        <line num="39" count="21" type="stmt"/>
        <line num="52" count="21" type="stmt"/>
        <line num="73" count="21" type="stmt"/>
      </file>
      <file name="BottomBar.tsx" path="/home/eduardo/workspaces/ws-react/my-bible-app/src/components/layout/BottomBar.tsx">
        <metrics statements="4" coveredstatements="2" conditionals="0" coveredconditionals="0" methods="3" coveredmethods="1"/>
        <line num="4" count="27" type="stmt"/>
        <line num="5" count="27" type="stmt"/>
        <line num="22" count="0" type="stmt"/>
        <line num="33" count="0" type="stmt"/>
      </file>
      <file name="ErrorBoundary.tsx" path="/home/eduardo/workspaces/ws-react/my-bible-app/src/components/layout/ErrorBoundary.tsx">
        <metrics statements="9" coveredstatements="9" conditionals="4" coveredconditionals="4" methods="5" coveredmethods="5"/>
        <line num="14" count="8" type="stmt"/>
        <line num="15" count="8" type="stmt"/>
        <line num="19" count="6" type="stmt"/>
        <line num="23" count="3" type="stmt"/>
        <line num="26" count="1" type="stmt"/>
        <line num="27" count="1" type="stmt"/>
        <line num="31" count="13" type="cond" truecount="2" falsecount="0"/>
        <line num="32" count="6" type="stmt"/>
        <line num="61" count="7" type="stmt"/>
      </file>
      <file name="Header.tsx" path="/home/eduardo/workspaces/ws-react/my-bible-app/src/components/layout/Header.tsx">
        <metrics statements="33" coveredstatements="32" conditionals="24" coveredconditionals="23" methods="11" coveredmethods="10"/>
        <line num="10" count="234" type="stmt"/>
        <line num="11" count="234" type="stmt"/>
        <line num="12" count="234" type="stmt"/>
        <line num="13" count="234" type="stmt"/>
        <line num="14" count="70" type="stmt"/>
        <line num="15" count="70" type="stmt"/>
        <line num="16" count="70" type="stmt"/>
        <line num="18" count="70" type="stmt"/>
        <line num="20" count="11" type="stmt"/>
        <line num="25" count="70" type="stmt"/>
        <line num="27" count="6" type="stmt"/>
        <line num="28" count="6" type="cond" truecount="1" falsecount="1"/>
        <line num="30" count="6" type="stmt"/>
        <line num="31" count="6" type="cond" truecount="4" falsecount="0"/>
        <line num="32" count="1" type="stmt"/>
        <line num="33" count="1" type="stmt"/>
        <line num="34" count="5" type="cond" truecount="4" falsecount="0"/>
        <line num="35" count="1" type="stmt"/>
        <line num="36" count="1" type="stmt"/>
        <line num="37" count="4" type="cond" truecount="2" falsecount="0"/>
        <line num="38" count="1" type="stmt"/>
        <line num="39" count="1" type="stmt"/>
        <line num="40" count="3" type="cond" truecount="2" falsecount="0"/>
        <line num="41" count="1" type="stmt"/>
        <line num="42" count="1" type="stmt"/>
        <line num="45" count="6" type="cond" truecount="2" falsecount="0"/>
        <line num="46" count="4" type="stmt"/>
        <line num="52" count="70" type="stmt"/>
        <line num="97" count="0" type="stmt"/>
        <line num="123" count="210" type="stmt"/>
        <line num="124" count="210" type="stmt"/>
        <line num="128" count="11" type="stmt"/>
        <line num="129" count="6" type="stmt"/>
      </file>
      <file name="SidebarContext.tsx" path="/home/eduardo/workspaces/ws-react/my-bible-app/src/components/layout/SidebarContext.tsx">
        <metrics statements="26" coveredstatements="21" conditionals="8" coveredconditionals="6" methods="8" coveredmethods="6"/>
        <line num="12" count="4" type="stmt"/>
        <line num="15" count="65" type="stmt"/>
        <line num="16" count="65" type="stmt"/>
        <line num="17" count="65" type="stmt"/>
        <line num="19" count="65" type="stmt"/>
        <line num="20" count="0" type="stmt"/>
        <line num="21" count="0" type="stmt"/>
        <line num="24" count="65" type="stmt"/>
        <line num="25" count="8" type="stmt"/>
        <line num="26" count="8" type="stmt"/>
        <line num="27" count="8" type="stmt"/>
        <line num="31" count="65" type="stmt"/>
        <line num="32" count="9" type="cond" truecount="1" falsecount="1"/>
        <line num="33" count="0" type="stmt"/>
        <line num="34" count="0" type="stmt"/>
        <line num="35" count="0" type="stmt"/>
        <line num="38" count="9" type="stmt"/>
        <line num="39" count="9" type="stmt"/>
        <line num="43" count="65" type="stmt"/>
        <line num="44" count="65" type="cond" truecount="4" falsecount="0"/>
        <line num="45" count="9" type="stmt"/>
        <line num="46" count="9" type="stmt"/>
        <line num="50" count="65" type="stmt"/>
        <line num="59" count="3084" type="stmt"/>
        <line num="60" count="3084" type="cond" truecount="1" falsecount="1"/>
        <line num="61" count="3084" type="stmt"/>
      </file>
      <file name="ThemeInitializer.tsx" path="/home/eduardo/workspaces/ws-react/my-bible-app/src/components/layout/ThemeInitializer.tsx">
        <metrics statements="14" coveredstatements="12" conditionals="2" coveredconditionals="2" methods="7" coveredmethods="6"/>
        <line num="5" count="38" type="stmt"/>
        <line num="6" count="38" type="stmt"/>
        <line num="8" count="12" type="stmt"/>
        <line num="9" count="12" type="stmt"/>
        <line num="10" count="12" type="stmt"/>
        <line num="13" count="12" type="stmt"/>
        <line num="14" count="12" type="cond" truecount="2" falsecount="0"/>
        <line num="16" count="3" type="stmt"/>
        <line num="17" count="3" type="stmt"/>
        <line num="18" count="0" type="stmt"/>
        <line num="19" count="0" type="stmt"/>
        <line num="22" count="3" type="stmt"/>
        <line num="23" count="3" type="stmt"/>
        <line num="26" count="12" type="stmt"/>
      </file>
    </package>
    <package name="src.components.navigation">
      <metrics statements="28" coveredstatements="24" conditionals="18" coveredconditionals="12" methods="14" coveredmethods="14"/>
      <file name="BookItem.tsx" path="/home/eduardo/workspaces/ws-react/my-bible-app/src/components/navigation/BookItem.tsx">
        <metrics statements="15" coveredstatements="11" conditionals="12" coveredconditionals="6" methods="3" coveredmethods="3"/>
        <line num="11" count="2977" type="stmt"/>
        <line num="12" count="2977" type="stmt"/>
        <line num="15" count="4" type="stmt"/>
        <line num="16" count="4" type="stmt"/>
        <line num="20" count="2" type="cond" truecount="2" falsecount="0"/>
        <line num="21" count="1" type="stmt"/>
        <line num="22" count="1" type="cond" truecount="2" falsecount="2"/>
        <line num="23" count="1" type="stmt"/>
        <line num="24" count="1" type="stmt"/>
        <line num="25" count="1" type="stmt"/>
        <line num="26" count="0" type="cond" truecount="0" falsecount="4"/>
        <line num="27" count="0" type="stmt"/>
        <line num="28" count="0" type="stmt"/>
        <line num="29" count="0" type="stmt"/>
        <line num="33" count="2977" type="stmt"/>
      </file>
      <file name="BookList.tsx" path="/home/eduardo/workspaces/ws-react/my-bible-app/src/components/navigation/BookList.tsx">
        <metrics statements="3" coveredstatements="3" conditionals="0" coveredconditionals="0" methods="3" coveredmethods="3"/>
        <line num="6" count="123" type="stmt"/>
        <line num="8" count="41" type="stmt"/>
        <line num="11" count="82" type="stmt"/>
      </file>
      <file name="ChapterGrid.tsx" path="/home/eduardo/workspaces/ws-react/my-bible-app/src/components/navigation/ChapterGrid.tsx">
        <metrics statements="8" coveredstatements="8" conditionals="6" coveredconditionals="6" methods="6" coveredmethods="6"/>
        <line num="10" count="11" type="stmt"/>
        <line num="11" count="35" type="stmt"/>
        <line num="13" count="372" type="stmt"/>
        <line num="16" count="2" type="stmt"/>
        <line num="19" count="11" type="stmt"/>
        <line num="27" count="372" type="stmt"/>
        <line num="28" count="372" type="stmt"/>
        <line num="31" count="2" type="stmt"/>
      </file>
      <file name="TestamentGroup.tsx" path="/home/eduardo/workspaces/ws-react/my-bible-app/src/components/navigation/TestamentGroup.tsx">
        <metrics statements="2" coveredstatements="2" conditionals="0" coveredconditionals="0" methods="2" coveredmethods="2"/>
        <line num="11" count="84" type="stmt"/>
        <line num="18" count="2710" type="stmt"/>
      </file>
    </package>
    <package name="src.components.progress">
      <metrics statements="33" coveredstatements="32" conditionals="28" coveredconditionals="26" methods="14" coveredmethods="13"/>
      <file name="OverallProgress.tsx" path="/home/eduardo/workspaces/ws-react/my-bible-app/src/components/progress/OverallProgress.tsx">
        <metrics statements="4" coveredstatements="4" conditionals="2" coveredconditionals="1" methods="2" coveredmethods="2"/>
        <line num="4" count="13" type="stmt"/>
        <line num="5" count="4" type="stmt"/>
        <line num="7" count="4" type="cond" truecount="1" falsecount="1"/>
        <line num="11" count="4" type="stmt"/>
      </file>
      <file name="ProgressIndicator.tsx" path="/home/eduardo/workspaces/ws-react/my-bible-app/src/components/progress/ProgressIndicator.tsx">
        <metrics statements="9" coveredstatements="9" conditionals="10" coveredconditionals="10" methods="3" coveredmethods="3"/>
        <line num="10" count="3" type="cond" truecount="2" falsecount="0"/>
        <line num="11" count="2" type="cond" truecount="2" falsecount="0"/>
        <line num="12" count="1" type="stmt"/>
        <line num="21" count="3" type="stmt"/>
        <line num="22" count="9" type="stmt"/>
        <line num="23" count="3" type="stmt"/>
        <line num="24" count="3" type="stmt"/>
        <line num="26" count="3" type="stmt"/>
        <line num="32" count="3" type="stmt"/>
      </file>
      <file name="ProgressPage.tsx" path="/home/eduardo/workspaces/ws-react/my-bible-app/src/components/progress/ProgressPage.tsx">
        <metrics statements="1" coveredstatements="0" conditionals="0" coveredconditionals="0" methods="1" coveredmethods="0"/>
        <line num="5" count="0" type="stmt"/>
      </file>
      <file name="ProgressPanel.tsx" path="/home/eduardo/workspaces/ws-react/my-bible-app/src/components/progress/ProgressPanel.tsx">
        <metrics statements="16" coveredstatements="16" conditionals="12" coveredconditionals="11" methods="7" coveredmethods="7"/>
        <line num="8" count="198" type="cond" truecount="2" falsecount="0"/>
        <line num="9" count="2" type="cond" truecount="2" falsecount="0"/>
        <line num="10" count="1" type="stmt"/>
        <line num="18" count="594" type="stmt"/>
        <line num="19" count="198" type="stmt"/>
        <line num="20" count="198" type="stmt"/>
        <line num="22" count="198" type="stmt"/>
        <line num="28" count="198" type="stmt"/>
        <line num="70" count="9" type="stmt"/>
        <line num="71" count="3" type="stmt"/>
        <line num="73" count="3" type="stmt"/>
        <line num="74" count="3" type="stmt"/>
        <line num="75" count="3" type="cond" truecount="1" falsecount="1"/>
        <line num="79" count="3" type="stmt"/>
        <line num="97" count="6" type="stmt"/>
        <line num="109" count="198" type="stmt"/>
      </file>
      <file name="index.ts" path="/home/eduardo/workspaces/ws-react/my-bible-app/src/components/progress/index.ts">
        <metrics statements="0" coveredstatements="0" conditionals="0" coveredconditionals="0" methods="0" coveredmethods="0"/>
      </file>
      <file name="progressUtils.ts" path="/home/eduardo/workspaces/ws-react/my-bible-app/src/components/progress/progressUtils.ts">
        <metrics statements="3" coveredstatements="3" conditionals="4" coveredconditionals="4" methods="1" coveredmethods="1"/>
        <line num="4" count="3" type="cond" truecount="2" falsecount="0"/>
        <line num="5" count="2" type="cond" truecount="2" falsecount="0"/>
        <line num="6" count="1" type="stmt"/>
      </file>
    </package>
    <package name="src.components.reader">
      <metrics statements="211" coveredstatements="200" conditionals="164" coveredconditionals="137" methods="102" coveredmethods="94"/>
      <file name="ChapterReader.tsx" path="/home/eduardo/workspaces/ws-react/my-bible-app/src/components/reader/ChapterReader.tsx">
        <metrics statements="136" coveredstatements="130" conditionals="100" coveredconditionals="91" methods="62" coveredmethods="58"/>
        <line num="20" count="2994" type="stmt"/>
        <line num="21" count="651" type="cond" truecount="2" falsecount="0"/>
        <line num="27" count="43" type="stmt"/>
        <line num="30" count="2951" type="stmt"/>
        <line num="40" count="27" type="stmt"/>
        <line num="43" count="7" type="cond" truecount="4" falsecount="0"/>
        <line num="58" count="4" type="stmt"/>
        <line num="60" count="1" type="cond" truecount="3" falsecount="0"/>
        <line num="73" count="27" type="stmt"/>
        <line num="76" count="4" type="cond" truecount="4" falsecount="0"/>
        <line num="90" count="2994" type="stmt"/>
        <line num="92" count="527" type="cond" truecount="3" falsecount="0"/>
        <line num="104" count="427" type="stmt"/>
        <line num="105" count="427" type="stmt"/>
        <line num="106" count="427" type="stmt"/>
        <line num="107" count="427" type="stmt"/>
        <line num="108" count="427" type="stmt"/>
        <line num="109" count="102" type="stmt"/>
        <line num="110" count="427" type="stmt"/>
        <line num="112" count="427" type="stmt"/>
        <line num="113" count="310" type="stmt"/>
        <line num="114" count="324" type="stmt"/>
        <line num="115" count="324" type="stmt"/>
        <line num="116" count="324" type="stmt"/>
        <line num="117" count="324" type="stmt"/>
        <line num="118" count="324" type="stmt"/>
        <line num="119" count="324" type="stmt"/>
        <line num="120" count="324" type="stmt"/>
        <line num="121" count="324" type="stmt"/>
        <line num="123" count="102" type="stmt"/>
        <line num="125" count="61" type="stmt"/>
        <line num="126" count="15" type="cond" truecount="2" falsecount="0"/>
        <line num="131" count="102" type="stmt"/>
        <line num="133" count="60" type="cond" truecount="2" falsecount="0"/>
        <line num="137" count="102" type="stmt"/>
        <line num="142" count="102" type="stmt"/>
        <line num="143" count="54" type="stmt"/>
        <line num="144" count="54" type="stmt"/>
        <line num="146" count="2" type="stmt"/>
        <line num="150" count="102" type="stmt"/>
        <line num="151" count="102" type="stmt"/>
        <line num="155" count="102" type="stmt"/>
        <line num="159" count="102" type="stmt"/>
        <line num="161" count="102" type="stmt"/>
        <line num="162" count="54" type="stmt"/>
        <line num="163" count="54" type="stmt"/>
        <line num="166" count="102" type="stmt"/>
        <line num="167" count="54" type="stmt"/>
        <line num="168" count="54" type="cond" truecount="2" falsecount="0"/>
        <line num="170" count="52" type="stmt"/>
        <line num="172" count="52" type="cond" truecount="2" falsecount="0"/>
        <line num="173" count="54" type="stmt"/>
        <line num="174" count="1" type="stmt"/>
        <line num="176" count="54" type="stmt"/>
        <line num="178" count="54" type="stmt"/>
        <line num="180" count="2" type="cond" truecount="4" falsecount="0"/>
        <line num="181" count="1" type="stmt"/>
        <line num="186" count="54" type="stmt"/>
        <line num="187" count="54" type="stmt"/>
        <line num="188" count="52" type="stmt"/>
        <line num="189" count="52" type="stmt"/>
        <line num="193" count="102" type="stmt"/>
        <line num="194" count="14" type="stmt"/>
        <line num="195" count="14" type="stmt"/>
        <line num="198" count="102" type="stmt"/>
        <line num="199" count="54" type="stmt"/>
        <line num="200" count="62" type="cond" truecount="2" falsecount="0"/>
        <line num="201" count="1" type="stmt"/>
        <line num="204" count="54" type="stmt"/>
        <line num="205" count="54" type="stmt"/>
        <line num="208" count="102" type="stmt"/>
        <line num="210" count="27" type="cond" truecount="4" falsecount="0"/>
        <line num="211" count="4" type="stmt"/>
        <line num="216" count="23" type="stmt"/>
        <line num="217" count="23" type="stmt"/>
        <line num="223" count="102" type="stmt"/>
        <line num="224" count="4" type="cond" truecount="4" falsecount="0"/>
        <line num="225" count="9" type="stmt"/>
        <line num="226" count="3" type="stmt"/>
        <line num="231" count="4" type="stmt"/>
        <line num="240" count="102" type="stmt"/>
        <line num="241" count="95" type="cond" truecount="2" falsecount="0"/>
        <line num="242" count="27" type="stmt"/>
        <line num="251" count="102" type="cond" truecount="2" falsecount="0"/>
        <line num="253" count="102" type="stmt"/>
        <line num="255" count="6" type="cond" truecount="1" falsecount="1"/>
        <line num="257" count="6" type="cond" truecount="2" falsecount="0"/>
        <line num="258" count="2" type="stmt"/>
        <line num="260" count="4" type="stmt"/>
        <line num="267" count="4" type="stmt"/>
        <line num="268" count="4" type="stmt"/>
        <line num="277" count="6" type="stmt"/>
        <line num="292" count="102" type="stmt"/>
        <line num="293" count="1" type="cond" truecount="1" falsecount="1"/>
        <line num="295" count="1" type="cond" truecount="1" falsecount="1"/>
        <line num="296" count="1" type="stmt"/>
        <line num="299" count="1" type="stmt"/>
        <line num="302" count="102" type="stmt"/>
        <line num="303" count="95" type="cond" truecount="2" falsecount="0"/>
        <line num="304" count="27" type="stmt"/>
        <line num="313" count="102" type="stmt"/>
        <line num="315" count="4" type="cond" truecount="1" falsecount="1"/>
        <line num="317" count="4" type="cond" truecount="2" falsecount="0"/>
        <line num="318" count="2" type="stmt"/>
        <line num="320" count="2" type="stmt"/>
        <line num="329" count="4" type="stmt"/>
        <line num="342" count="102" type="stmt"/>
        <line num="343" count="2" type="cond" truecount="1" falsecount="1"/>
        <line num="344" count="2" type="stmt"/>
        <line num="345" count="2" type="stmt"/>
        <line num="348" count="102" type="stmt"/>
        <line num="350" count="2994" type="cond" truecount="2" falsecount="0"/>
        <line num="351" count="837" type="cond" truecount="2" falsecount="0"/>
        <line num="356" count="102" type="stmt"/>
        <line num="358" count="2994" type="stmt"/>
        <line num="362" count="102" type="stmt"/>
        <line num="363" count="2994" type="stmt"/>
        <line num="367" count="102" type="stmt"/>
        <line num="368" count="2994" type="stmt"/>
        <line num="372" count="102" type="stmt"/>
        <line num="374" count="0" type="stmt"/>
        <line num="375" count="0" type="cond" truecount="0" falsecount="2"/>
        <line num="376" count="0" type="stmt"/>
        <line num="382" count="102" type="cond" truecount="2" falsecount="0"/>
        <line num="383" count="2" type="stmt"/>
        <line num="392" count="100" type="stmt"/>
        <line num="481" count="2994" type="stmt"/>
        <line num="489" count="0" type="stmt"/>
        <line num="496" count="0" type="stmt"/>
        <line num="506" count="55" type="stmt"/>
        <line num="511" count="55" type="cond" truecount="3" falsecount="1"/>
        <line num="512" count="0" type="stmt"/>
        <line num="521" count="55" type="stmt"/>
        <line num="522" count="55" type="cond" truecount="2" falsecount="0"/>
        <line num="523" count="1" type="stmt"/>
        <line num="532" count="54" type="stmt"/>
      </file>
      <file name="ComparisonView.tsx" path="/home/eduardo/workspaces/ws-react/my-bible-app/src/components/reader/ComparisonView.tsx">
        <metrics statements="57" coveredstatements="52" conditionals="40" coveredconditionals="25" methods="31" coveredmethods="28"/>
        <line num="16" count="899" type="stmt"/>
        <line num="17" count="0" type="cond" truecount="0" falsecount="2"/>
        <line num="23" count="0" type="stmt"/>
        <line num="26" count="899" type="stmt"/>
        <line num="42" count="86" type="stmt"/>
        <line num="43" count="86" type="stmt"/>
        <line num="44" count="86" type="stmt"/>
        <line num="45" count="28" type="stmt"/>
        <line num="47" count="84" type="stmt"/>
        <line num="48" count="28" type="stmt"/>
        <line num="50" count="13" type="stmt"/>
        <line num="51" count="0" type="cond" truecount="0" falsecount="2"/>
        <line num="56" count="28" type="stmt"/>
        <line num="58" count="899" type="stmt"/>
        <line num="62" count="28" type="stmt"/>
        <line num="63" count="14" type="cond" truecount="2" falsecount="0"/>
        <line num="64" count="6" type="stmt"/>
        <line num="65" count="2" type="cond" truecount="1" falsecount="1"/>
        <line num="68" count="28" type="stmt"/>
        <line num="70" count="28" type="stmt"/>
        <line num="71" count="14" type="stmt"/>
        <line num="72" count="30" type="stmt"/>
        <line num="73" count="30" type="stmt"/>
        <line num="77" count="28" type="stmt"/>
        <line num="78" count="58" type="stmt"/>
        <line num="81" count="102" type="cond" truecount="1" falsecount="1"/>
        <line num="88" count="28" type="stmt"/>
        <line num="89" count="28" type="stmt"/>
        <line num="90" count="28" type="stmt"/>
        <line num="92" count="28" type="stmt"/>
        <line num="93" count="1" type="cond" truecount="1" falsecount="1"/>
        <line num="94" count="1" type="stmt"/>
        <line num="96" count="1" type="stmt"/>
        <line num="97" count="1" type="cond" truecount="1" falsecount="1"/>
        <line num="98" count="0" type="stmt"/>
        <line num="99" count="0" type="stmt"/>
        <line num="102" count="1" type="stmt"/>
        <line num="103" count="1" type="cond" truecount="1" falsecount="1"/>
        <line num="105" count="1" type="stmt"/>
        <line num="106" count="2" type="cond" truecount="4" falsecount="0"/>
        <line num="107" count="1" type="stmt"/>
        <line num="108" count="1" type="stmt"/>
        <line num="111" count="1" type="stmt"/>
        <line num="112" count="1" type="stmt"/>
        <line num="116" count="28" type="cond" truecount="1" falsecount="1"/>
        <line num="118" count="28" type="stmt"/>
        <line num="121" count="60" type="stmt"/>
        <line num="123" count="1" type="cond" truecount="1" falsecount="1"/>
        <line num="124" count="1" type="stmt"/>
        <line num="125" count="1" type="stmt"/>
        <line num="133" count="10" type="stmt"/>
        <line num="136" count="1" type="stmt"/>
        <line num="148" count="93" type="stmt"/>
        <line num="167" count="50" type="stmt"/>
        <line num="176" count="100" type="stmt"/>
        <line num="178" count="1" type="stmt"/>
        <line num="188" count="806" type="stmt"/>
      </file>
      <file name="TranslationSelector.tsx" path="/home/eduardo/workspaces/ws-react/my-bible-app/src/components/reader/TranslationSelector.tsx">
        <metrics statements="10" coveredstatements="10" conditionals="8" coveredconditionals="7" methods="5" coveredmethods="5"/>
        <line num="14" count="5" type="stmt"/>
        <line num="15" count="5" type="cond" truecount="2" falsecount="0"/>
        <line num="16" count="3" type="cond" truecount="2" falsecount="0"/>
        <line num="17" count="6" type="stmt"/>
        <line num="19" count="2" type="cond" truecount="1" falsecount="1"/>
        <line num="20" count="2" type="stmt"/>
        <line num="24" count="35" type="stmt"/>
        <line num="32" count="105" type="stmt"/>
        <line num="33" count="105" type="stmt"/>
        <line num="37" count="5" type="stmt"/>
      </file>
      <file name="VerseBlock.tsx" path="/home/eduardo/workspaces/ws-react/my-bible-app/src/components/reader/VerseBlock.tsx">
        <metrics statements="8" coveredstatements="8" conditionals="16" coveredconditionals="14" methods="4" coveredmethods="3"/>
        <line num="15" count="6" type="stmt"/>
        <line num="24" count="3911" type="cond" truecount="2" falsecount="0"/>
        <line num="28" count="3911" type="cond" truecount="2" falsecount="0"/>
        <line num="32" count="3911" type="stmt"/>
        <line num="36" count="29" type="stmt"/>
        <line num="40" count="2" type="cond" truecount="3" falsecount="1"/>
        <line num="41" count="2" type="stmt"/>
        <line num="42" count="2" type="stmt"/>
      </file>
    </package>
    <package name="src.components.search">
      <metrics statements="49" coveredstatements="47" conditionals="23" coveredconditionals="20" methods="17" coveredmethods="16"/>
      <file name="SearchInput.tsx" path="/home/eduardo/workspaces/ws-react/my-bible-app/src/components/search/SearchInput.tsx">
        <metrics statements="15" coveredstatements="13" conditionals="9" coveredconditionals="8" methods="3" coveredmethods="3"/>
        <line num="10" count="12" type="stmt"/>
        <line num="11" count="12" type="stmt"/>
        <line num="13" count="12" type="cond" truecount="2" falsecount="0"/>
        <line num="14" count="12" type="cond" truecount="2" falsecount="0"/>
        <line num="16" count="12" type="stmt"/>
        <line num="17" count="4" type="stmt"/>
        <line num="19" count="4" type="cond" truecount="1" falsecount="1"/>
        <line num="20" count="4" type="stmt"/>
        <line num="21" count="4" type="stmt"/>
        <line num="23" count="0" type="stmt"/>
        <line num="24" count="0" type="stmt"/>
        <line num="28" count="12" type="stmt"/>
        <line num="29" count="1" type="stmt"/>
        <line num="30" count="1" type="stmt"/>
        <line num="33" count="12" type="stmt"/>
      </file>
      <file name="SearchPage.tsx" path="/home/eduardo/workspaces/ws-react/my-bible-app/src/components/search/SearchPage.tsx">
        <metrics statements="6" coveredstatements="6" conditionals="4" coveredconditionals="4" methods="3" coveredmethods="2"/>
        <line num="8" count="3" type="stmt"/>
        <line num="9" count="3" type="cond" truecount="2" falsecount="0"/>
        <line num="11" count="3" type="stmt"/>
        <line num="12" count="3" type="cond" truecount="2" falsecount="0"/>
        <line num="13" count="2" type="stmt"/>
        <line num="16" count="3" type="stmt"/>
      </file>
      <file name="SearchResults.tsx" path="/home/eduardo/workspaces/ws-react/my-bible-app/src/components/search/SearchResults.tsx">
        <metrics statements="28" coveredstatements="28" conditionals="10" coveredconditionals="8" methods="11" coveredmethods="11"/>
        <line num="10" count="105" type="cond" truecount="1" falsecount="1"/>
        <line num="12" count="105" type="stmt"/>
        <line num="14" count="105" type="stmt"/>
        <line num="15" count="105" type="cond" truecount="1" falsecount="1"/>
        <line num="17" count="105" type="stmt"/>
        <line num="18" count="105" type="stmt"/>
        <line num="20" count="105" type="stmt"/>
        <line num="21" count="331" type="stmt"/>
        <line num="22" count="331" type="cond" truecount="2" falsecount="0"/>
        <line num="23" count="117" type="stmt"/>
        <line num="25" count="214" type="stmt"/>
        <line num="30" count="8" type="stmt"/>
        <line num="31" count="8" type="stmt"/>
        <line num="32" count="105" type="cond" truecount="2" falsecount="0"/>
        <line num="33" count="105" type="stmt"/>
        <line num="34" count="105" type="stmt"/>
        <line num="36" count="8" type="stmt"/>
        <line num="40" count="8" type="stmt"/>
        <line num="41" count="8" type="stmt"/>
        <line num="43" count="8" type="stmt"/>
        <line num="44" count="1" type="stmt"/>
        <line num="47" count="8" type="cond" truecount="2" falsecount="0"/>
        <line num="48" count="3" type="stmt"/>
        <line num="73" count="5" type="stmt"/>
        <line num="76" count="17" type="stmt"/>
        <line num="77" count="17" type="stmt"/>
        <line num="84" count="105" type="stmt"/>
        <line num="86" count="1" type="stmt"/>
      </file>
    </package>
    <package name="src.components.study">
      <metrics statements="110" coveredstatements="106" conditionals="83" coveredconditionals="75" methods="52" coveredmethods="49"/>
      <file name="BookmarkButton.tsx" path="/home/eduardo/workspaces/ws-react/my-bible-app/src/components/study/BookmarkButton.tsx">
        <metrics statements="15" coveredstatements="15" conditionals="25" coveredconditionals="24" methods="7" coveredmethods="7"/>
        <line num="12" count="6" type="stmt"/>
        <line num="19" count="230" type="stmt"/>
        <line num="20" count="230" type="stmt"/>
        <line num="21" count="230" type="stmt"/>
        <line num="23" count="69" type="stmt"/>
        <line num="25" count="8" type="cond" truecount="4" falsecount="0"/>
        <line num="31" count="69" type="stmt"/>
        <line num="32" count="6" type="cond" truecount="2" falsecount="0"/>
        <line num="33" count="2" type="stmt"/>
        <line num="35" count="2" type="cond" truecount="4" falsecount="0"/>
        <line num="40" count="2" type="cond" truecount="1" falsecount="1"/>
        <line num="41" count="2" type="stmt"/>
        <line num="44" count="4" type="stmt"/>
        <line num="57" count="69" type="cond" truecount="2" falsecount="0"/>
        <line num="59" count="69" type="stmt"/>
      </file>
      <file name="BookmarksPanel.tsx" path="/home/eduardo/workspaces/ws-react/my-bible-app/src/components/study/BookmarksPanel.tsx">
        <metrics statements="23" coveredstatements="23" conditionals="12" coveredconditionals="11" methods="11" coveredmethods="11"/>
        <line num="8" count="16" type="stmt"/>
        <line num="9" count="16" type="stmt"/>
        <line num="17" count="16" type="stmt"/>
        <line num="18" count="16" type="cond" truecount="2" falsecount="0"/>
        <line num="19" count="3" type="stmt"/>
        <line num="21" count="16" type="cond" truecount="2" falsecount="0"/>
        <line num="22" count="9" type="stmt"/>
        <line num="24" count="16" type="stmt"/>
        <line num="33" count="16" type="stmt"/>
        <line num="34" count="16" type="stmt"/>
        <line num="35" count="16" type="cond" truecount="1" falsecount="1"/>
        <line num="37" count="16" type="stmt"/>
        <line num="38" count="1" type="stmt"/>
        <line num="41" count="16" type="stmt"/>
        <line num="79" count="2" type="stmt"/>
        <line num="102" count="114" type="stmt"/>
        <line num="103" count="114" type="stmt"/>
        <line num="105" count="37" type="stmt"/>
        <line num="107" count="37" type="stmt"/>
        <line num="111" count="37" type="cond" truecount="2" falsecount="0"/>
        <line num="112" count="24" type="stmt"/>
        <line num="124" count="13" type="stmt"/>
        <line num="141" count="16" type="stmt"/>
      </file>
      <file name="CrossReferenceIndicator.tsx" path="/home/eduardo/workspaces/ws-react/my-bible-app/src/components/study/CrossReferenceIndicator.tsx">
        <metrics statements="3" coveredstatements="3" conditionals="2" coveredconditionals="2" methods="1" coveredmethods="1"/>
        <line num="8" count="7" type="stmt"/>
        <line num="12" count="3916" type="cond" truecount="2" falsecount="0"/>
        <line num="14" count="2536" type="stmt"/>
      </file>
      <file name="CrossReferencePanel.tsx" path="/home/eduardo/workspaces/ws-react/my-bible-app/src/components/study/CrossReferencePanel.tsx">
        <metrics statements="19" coveredstatements="19" conditionals="14" coveredconditionals="11" methods="8" coveredmethods="8"/>
        <line num="18" count="14" type="stmt"/>
        <line num="19" count="14" type="cond" truecount="1" falsecount="1"/>
        <line num="20" count="14" type="stmt"/>
        <line num="22" count="14" type="stmt"/>
        <line num="29" count="1" type="stmt"/>
        <line num="48" count="106" type="stmt"/>
        <line num="50" count="106" type="stmt"/>
        <line num="51" count="1" type="stmt"/>
        <line num="52" count="1" type="stmt"/>
        <line num="55" count="106" type="stmt"/>
        <line num="56" count="105" type="cond" truecount="2" falsecount="0"/>
        <line num="58" count="7" type="stmt"/>
        <line num="59" count="1" type="cond" truecount="1" falsecount="1"/>
        <line num="60" count="1" type="stmt"/>
        <line num="64" count="7" type="stmt"/>
        <line num="65" count="7" type="stmt"/>
        <line num="68" count="106" type="cond" truecount="2" falsecount="0"/>
        <line num="70" count="8" type="stmt"/>
        <line num="106" count="14" type="stmt"/>
      </file>
      <file name="HighlightPicker.tsx" path="/home/eduardo/workspaces/ws-react/my-bible-app/src/components/study/HighlightPicker.tsx">
        <metrics statements="5" coveredstatements="5" conditionals="4" coveredconditionals="4" methods="3" coveredmethods="3"/>
        <line num="9" count="6" type="stmt"/>
        <line num="11" count="6" type="stmt"/>
        <line num="22" count="35" type="stmt"/>
        <line num="25" count="105" type="stmt"/>
        <line num="28" count="9" type="stmt"/>
      </file>
      <file name="NoteEditor.tsx" path="/home/eduardo/workspaces/ws-react/my-bible-app/src/components/study/NoteEditor.tsx">
        <metrics statements="17" coveredstatements="17" conditionals="14" coveredconditionals="12" methods="6" coveredmethods="6"/>
        <line num="18" count="143" type="stmt"/>
        <line num="19" count="143" type="stmt"/>
        <line num="21" count="143" type="stmt"/>
        <line num="22" count="38" type="stmt"/>
        <line num="25" count="143" type="stmt"/>
        <line num="26" count="38" type="stmt"/>
        <line num="29" count="143" type="stmt"/>
        <line num="30" count="8" type="stmt"/>
        <line num="31" count="8" type="cond" truecount="1" falsecount="1"/>
        <line num="32" count="8" type="stmt"/>
        <line num="36" count="143" type="stmt"/>
        <line num="37" count="83" type="cond" truecount="2" falsecount="0"/>
        <line num="38" count="1" type="stmt"/>
        <line num="40" count="83" type="cond" truecount="4" falsecount="1"/>
        <line num="41" count="1" type="stmt"/>
        <line num="45" count="143" type="stmt"/>
        <line num="54" count="86" type="stmt"/>
      </file>
      <file name="NotesPanel.tsx" path="/home/eduardo/workspaces/ws-react/my-bible-app/src/components/study/NotesPanel.tsx">
        <metrics statements="28" coveredstatements="24" conditionals="12" coveredconditionals="11" methods="16" coveredmethods="13"/>
        <line num="9" count="12" type="cond" truecount="4" falsecount="0"/>
        <line num="10" count="10" type="stmt"/>
        <line num="12" count="2" type="stmt"/>
        <line num="16" count="12" type="stmt"/>
        <line num="17" count="12" type="stmt"/>
        <line num="31" count="12" type="stmt"/>
        <line num="32" count="12" type="stmt"/>
        <line num="33" count="12" type="stmt"/>
        <line num="34" count="12" type="cond" truecount="1" falsecount="1"/>
        <line num="36" count="12" type="stmt"/>
        <line num="37" count="0" type="stmt"/>
        <line num="40" count="12" type="stmt"/>
        <line num="64" count="1" type="stmt"/>
        <line num="65" count="1" type="stmt"/>
        <line num="67" count="0" type="stmt"/>
        <line num="69" count="0" type="stmt"/>
        <line num="70" count="0" type="stmt"/>
        <line num="85" count="1" type="stmt"/>
        <line num="106" count="1" type="stmt"/>
        <line num="131" count="35" type="stmt"/>
        <line num="132" count="35" type="stmt"/>
        <line num="133" count="35" type="stmt"/>
        <line num="135" count="11" type="stmt"/>
        <line num="137" count="11" type="stmt"/>
        <line num="141" count="11" type="cond" truecount="2" falsecount="0"/>
        <line num="142" count="2" type="stmt"/>
        <line num="154" count="9" type="stmt"/>
        <line num="171" count="11" type="stmt"/>
      </file>
    </package>
    <package name="src.components.theme">
      <metrics statements="6" coveredstatements="6" conditionals="2" coveredconditionals="2" methods="5" coveredmethods="5"/>
      <file name="ThemeToggle.tsx" path="/home/eduardo/workspaces/ws-react/my-bible-app/src/components/theme/ThemeToggle.tsx">
        <metrics statements="6" coveredstatements="6" conditionals="2" coveredconditionals="2" methods="5" coveredmethods="5"/>
        <line num="3" count="5" type="stmt"/>
        <line num="84" count="272" type="stmt"/>
        <line num="85" count="272" type="stmt"/>
        <line num="87" count="87" type="stmt"/>
        <line num="94" count="609" type="stmt"/>
        <line num="99" count="7" type="stmt"/>
      </file>
    </package>
    <package name="src.data">
      <metrics statements="106" coveredstatements="106" conditionals="56" coveredconditionals="52" methods="24" coveredmethods="24"/>
      <file name="bibleData.ts" path="/home/eduardo/workspaces/ws-react/my-bible-app/src/data/bibleData.ts">
        <metrics statements="88" coveredstatements="88" conditionals="48" coveredconditionals="45" methods="16" coveredmethods="16"/>
        <line num="17" count="12" type="stmt"/>
        <line num="29" count="22" type="cond" truecount="2" falsecount="0"/>
        <line num="30" count="22" type="stmt"/>
        <line num="31" count="22" type="cond" truecount="2" falsecount="0"/>
        <line num="32" count="20" type="stmt"/>
        <line num="33" count="20" type="cond" truecount="2" falsecount="0"/>
        <line num="34" count="19" type="cond" truecount="2" falsecount="0"/>
        <line num="43" count="4" type="stmt"/>
        <line num="51" count="100" type="cond" truecount="2" falsecount="0"/>
        <line num="52" count="100" type="stmt"/>
        <line num="53" count="100" type="cond" truecount="2" falsecount="0"/>
        <line num="54" count="97" type="stmt"/>
        <line num="55" count="97" type="cond" truecount="2" falsecount="0"/>
        <line num="56" count="2932" type="stmt"/>
        <line num="67" count="33" type="stmt"/>
        <line num="71" count="99" type="stmt"/>
        <line num="79" count="2997" type="stmt"/>
        <line num="80" count="2997" type="cond" truecount="2" falsecount="0"/>
        <line num="81" count="2996" type="stmt"/>
        <line num="82" count="2996" type="cond" truecount="2" falsecount="0"/>
        <line num="83" count="2995" type="stmt"/>
        <line num="84" count="2995" type="cond" truecount="2" falsecount="0"/>
        <line num="86" count="7322" type="stmt"/>
        <line num="94" count="65888" type="stmt"/>
        <line num="103" count="12" type="stmt"/>
        <line num="106" count="2" type="stmt"/>
        <line num="108" count="2" type="stmt"/>
        <line num="109" count="132" type="stmt"/>
        <line num="110" count="132" type="cond" truecount="1" falsecount="1"/>
        <line num="111" count="132" type="stmt"/>
        <line num="112" count="132" type="stmt"/>
        <line num="113" count="2378" type="stmt"/>
        <line num="114" count="2378" type="stmt"/>
        <line num="115" count="2378" type="stmt"/>
        <line num="116" count="62208" type="stmt"/>
        <line num="117" count="62208" type="stmt"/>
        <line num="118" count="62208" type="stmt"/>
        <line num="119" count="62208" type="stmt"/>
        <line num="120" count="62208" type="stmt"/>
        <line num="121" count="1418422" type="cond" truecount="2" falsecount="0"/>
        <line num="122" count="1222978" type="stmt"/>
        <line num="123" count="1222978" type="cond" truecount="2" falsecount="0"/>
        <line num="124" count="50294" type="stmt"/>
        <line num="125" count="50294" type="stmt"/>
        <line num="127" count="1222978" type="stmt"/>
        <line num="132" count="2" type="stmt"/>
        <line num="135" count="12" type="stmt"/>
        <line num="138" count="5" type="cond" truecount="2" falsecount="0"/>
        <line num="139" count="2" type="stmt"/>
        <line num="141" count="5" type="stmt"/>
        <line num="145" count="9" type="stmt"/>
        <line num="146" count="9" type="cond" truecount="2" falsecount="0"/>
        <line num="148" count="7" type="stmt"/>
        <line num="149" count="9" type="stmt"/>
        <line num="151" count="7" type="cond" truecount="2" falsecount="0"/>
        <line num="153" count="5" type="stmt"/>
        <line num="155" count="5" type="stmt"/>
        <line num="156" count="5" type="stmt"/>
        <line num="158" count="5" type="cond" truecount="2" falsecount="0"/>
        <line num="159" count="1" type="stmt"/>
        <line num="160" count="1" type="stmt"/>
        <line num="162" count="1" type="stmt"/>
        <line num="163" count="3" type="stmt"/>
        <line num="164" count="3" type="cond" truecount="1" falsecount="1"/>
        <line num="165" count="3" type="stmt"/>
        <line num="166" count="4207" type="stmt"/>
        <line num="167" count="4207" type="stmt"/>
        <line num="168" count="4207" type="cond" truecount="2" falsecount="0"/>
        <line num="169" count="534" type="stmt"/>
        <line num="171" count="3673" type="stmt"/>
        <line num="176" count="1" type="stmt"/>
        <line num="177" count="3673" type="stmt"/>
        <line num="178" count="3673" type="cond" truecount="2" falsecount="0"/>
        <line num="179" count="1" type="stmt"/>
        <line num="190" count="1" type="stmt"/>
        <line num="191" count="1" type="stmt"/>
        <line num="192" count="3" type="stmt"/>
        <line num="193" count="3" type="cond" truecount="1" falsecount="1"/>
        <line num="194" count="3" type="stmt"/>
        <line num="195" count="4207" type="stmt"/>
        <line num="196" count="4207" type="cond" truecount="2" falsecount="0"/>
        <line num="197" count="4204" type="stmt"/>
        <line num="208" count="1" type="stmt"/>
        <line num="210" count="4" type="stmt"/>
        <line num="211" count="4" type="cond" truecount="2" falsecount="0"/>
        <line num="212" count="4952" type="stmt"/>
        <line num="222" count="9153" type="stmt"/>
        <line num="223" count="4" type="stmt"/>
      </file>
      <file name="books.ts" path="/home/eduardo/workspaces/ws-react/my-bible-app/src/data/books.ts">
        <metrics statements="12" coveredstatements="12" conditionals="6" coveredconditionals="5" methods="7" coveredmethods="7"/>
        <line num="3" count="18" type="stmt"/>
        <line num="72" count="18" type="stmt"/>
        <line num="73" count="18" type="stmt"/>
        <line num="74" count="1188" type="stmt"/>
        <line num="78" count="236" type="cond" truecount="2" falsecount="0"/>
        <line num="82" count="15" type="stmt"/>
        <line num="86" count="2" type="stmt"/>
        <line num="90" count="214" type="cond" truecount="2" falsecount="0"/>
        <line num="91" count="203" type="cond" truecount="1" falsecount="1"/>
        <line num="93" count="726" type="stmt"/>
        <line num="97" count="2772" type="stmt"/>
        <line num="106" count="18" type="stmt"/>
      </file>
      <file name="translations.ts" path="/home/eduardo/workspaces/ws-react/my-bible-app/src/data/translations.ts">
        <metrics statements="6" coveredstatements="6" conditionals="2" coveredconditionals="2" methods="1" coveredmethods="1"/>
        <line num="3" count="9" type="stmt"/>
        <line num="9" count="9" type="stmt"/>
        <line num="11" count="9" type="stmt"/>
        <line num="12" count="9" type="stmt"/>
        <line num="13" count="27" type="stmt"/>
        <line num="17" count="1" type="cond" truecount="2" falsecount="0"/>
      </file>
    </package>
    <package name="src.data.bible">
      <metrics statements="3" coveredstatements="3" conditionals="0" coveredconditionals="0" methods="0" coveredmethods="0"/>
      <file name="acf.ts" path="/home/eduardo/workspaces/ws-react/my-bible-app/src/data/bible/acf.ts">
        <metrics statements="1" coveredstatements="1" conditionals="0" coveredconditionals="0" methods="0" coveredmethods="0"/>
        <line num="6" count="12" type="stmt"/>
      </file>
      <file name="ara.ts" path="/home/eduardo/workspaces/ws-react/my-bible-app/src/data/bible/ara.ts">
        <metrics statements="1" coveredstatements="1" conditionals="0" coveredconditionals="0" methods="0" coveredmethods="0"/>
        <line num="6" count="12" type="stmt"/>
      </file>
      <file name="nvi.ts" path="/home/eduardo/workspaces/ws-react/my-bible-app/src/data/bible/nvi.ts">
        <metrics statements="1" coveredstatements="1" conditionals="0" coveredconditionals="0" methods="0" coveredmethods="0"/>
        <line num="6" count="12" type="stmt"/>
      </file>
    </package>
    <package name="src.data.crossReferences">
      <metrics statements="1" coveredstatements="1" conditionals="0" coveredconditionals="0" methods="0" coveredmethods="0"/>
      <file name="data.ts" path="/home/eduardo/workspaces/ws-react/my-bible-app/src/data/crossReferences/data.ts">
        <metrics statements="1" coveredstatements="1" conditionals="0" coveredconditionals="0" methods="0" coveredmethods="0"/>
        <line num="6" count="12" type="stmt"/>
      </file>
    </package>
    <package name="src.hooks">
      <metrics statements="8" coveredstatements="7" conditionals="1" coveredconditionals="1" methods="5" coveredmethods="4"/>
      <file name="useIsMobile.ts" path="/home/eduardo/workspaces/ws-react/my-bible-app/src/hooks/useIsMobile.ts">
        <metrics statements="8" coveredstatements="7" conditionals="1" coveredconditionals="1" methods="5" coveredmethods="4"/>
        <line num="4" count="3" type="stmt"/>
        <line num="6" count="3" type="stmt"/>
        <line num="8" count="3" type="stmt"/>
        <line num="9" count="3" type="stmt"/>
        <line num="10" count="3" type="stmt"/>
        <line num="15" count="3" type="stmt"/>
        <line num="17" count="9" type="stmt"/>
        <line num="18" count="0" type="stmt"/>
      </file>
    </package>
    <package name="src.stores">
      <metrics statements="70" coveredstatements="62" conditionals="16" coveredconditionals="12" methods="65" coveredmethods="53"/>
      <file name="bibleStore.ts" path="/home/eduardo/workspaces/ws-react/my-bible-app/src/stores/bibleStore.ts">
        <metrics statements="13" coveredstatements="11" conditionals="0" coveredconditionals="0" methods="13" coveredmethods="10"/>
        <line num="24" count="15" type="stmt"/>
        <line num="26" count="15" type="stmt"/>
        <line num="33" count="55" type="stmt"/>
        <line num="34" count="55" type="stmt"/>
        <line num="35" count="21" type="stmt"/>
        <line num="37" count="6" type="stmt"/>
        <line num="39" count="5" type="stmt"/>
        <line num="40" count="3" type="stmt"/>
        <line num="45" count="15" type="stmt"/>
        <line num="46" count="15" type="stmt"/>
        <line num="48" count="0" type="stmt"/>
        <line num="49" count="0" type="stmt"/>
        <line num="55" count="434" type="stmt"/>
      </file>
      <file name="index.ts" path="/home/eduardo/workspaces/ws-react/my-bible-app/src/stores/index.ts">
        <metrics statements="0" coveredstatements="0" conditionals="0" coveredconditionals="0" methods="0" coveredmethods="0"/>
      </file>
      <file name="progressStore.ts" path="/home/eduardo/workspaces/ws-react/my-bible-app/src/stores/progressStore.ts">
        <metrics statements="23" coveredstatements="21" conditionals="4" coveredconditionals="4" methods="13" coveredmethods="10"/>
        <line num="19" count="505" type="stmt"/>
        <line num="22" count="15" type="stmt"/>
        <line num="24" count="15" type="stmt"/>
        <line num="28" count="128" type="stmt"/>
        <line num="29" count="128" type="stmt"/>
        <line num="30" count="128" type="stmt"/>
        <line num="31" count="128" type="stmt"/>
        <line num="35" count="377" type="stmt"/>
        <line num="38" count="203" type="stmt"/>
        <line num="39" count="203" type="stmt"/>
        <line num="40" count="203" type="stmt"/>
        <line num="41" count="203" type="stmt"/>
        <line num="42" count="391" type="cond" truecount="2" falsecount="0"/>
        <line num="44" count="203" type="stmt"/>
        <line num="48" count="11" type="stmt"/>
        <line num="49" count="11" type="stmt"/>
        <line num="55" count="15" type="stmt"/>
        <line num="56" count="15" type="stmt"/>
        <line num="58" count="0" type="stmt"/>
        <line num="59" count="0" type="stmt"/>
        <line num="65" count="357" type="stmt"/>
        <line num="69" count="15" type="stmt"/>
        <line num="70" count="15" type="stmt"/>
      </file>
      <file name="studyStore.ts" path="/home/eduardo/workspaces/ws-react/my-bible-app/src/stores/studyStore.ts">
        <metrics statements="22" coveredstatements="20" conditionals="6" coveredconditionals="3" methods="30" coveredmethods="27"/>
        <line num="26" count="67" type="stmt"/>
        <line num="29" count="15" type="stmt"/>
        <line num="31" count="15" type="stmt"/>
        <line num="37" count="17" type="stmt"/>
        <line num="45" count="3" type="stmt"/>
        <line num="46" count="3" type="stmt"/>
        <line num="50" count="3" type="stmt"/>
        <line num="52" count="3" type="cond" truecount="1" falsecount="1"/>
        <line num="57" count="23" type="stmt"/>
        <line num="65" count="4" type="stmt"/>
        <line num="67" count="4" type="cond" truecount="1" falsecount="1"/>
        <line num="72" count="4" type="stmt"/>
        <line num="73" count="4" type="stmt"/>
        <line num="77" count="27" type="stmt"/>
        <line num="85" count="5" type="stmt"/>
        <line num="86" count="5" type="stmt"/>
        <line num="90" count="1" type="stmt"/>
        <line num="92" count="1" type="cond" truecount="1" falsecount="1"/>
        <line num="99" count="15" type="stmt"/>
        <line num="100" count="15" type="stmt"/>
        <line num="102" count="0" type="stmt"/>
        <line num="103" count="0" type="stmt"/>
      </file>
      <file name="themeStore.ts" path="/home/eduardo/workspaces/ws-react/my-bible-app/src/stores/themeStore.ts">
        <metrics statements="12" coveredstatements="10" conditionals="6" coveredconditionals="5" methods="9" coveredmethods="6"/>
        <line num="19" count="5" type="cond" truecount="1" falsecount="1"/>
        <line num="20" count="5" type="cond" truecount="2" falsecount="0"/>
        <line num="26" count="20" type="cond" truecount="2" falsecount="0"/>
        <line num="27" count="15" type="stmt"/>
        <line num="30" count="15" type="stmt"/>
        <line num="32" count="15" type="stmt"/>
        <line num="35" count="34" type="stmt"/>
        <line num="37" count="20" type="stmt"/>
        <line num="42" count="15" type="stmt"/>
        <line num="43" count="15" type="stmt"/>
        <line num="45" count="0" type="stmt"/>
        <line num="46" count="0" type="stmt"/>
      </file>
    </package>
  </project>
</coverage>
