{"/home/eduardo/workspaces/ws-react/my-bible-app/src/App.tsx": {"path":"/home/eduardo/workspaces/ws-react/my-bible-app/src/App.tsx","statementMap":{"0":{"start":{"line":2,"column":2},"end":{"line":2,"column":null}}},"fnMap":{"0":{"name":"App","decl":{"start":{"line":1,"column":24},"end":{"line":1,"column":30}},"loc":{"start":{"line":1,"column":30},"end":{"line":2,"column":null}},"line":1}},"branchMap":{},"s":{"0":1},"f":{"0":1},"b":{},"meta":{"lastBranch":0,"lastFunction":1,"lastStatement":1,"seen":{"f:1:24:1:30":0,"s:2:2:2:Infinity":0}}}
,"/home/eduardo/workspaces/ws-react/my-bible-app/src/components/pages.tsx": {"path":"/home/eduardo/workspaces/ws-react/my-bible-app/src/components/pages.tsx","statementMap":{"0":{"start":{"line":10,"column":8},"end":{"line":10,"column":32}},"1":{"start":{"line":11,"column":8},"end":{"line":11,"column":47}},"2":{"start":{"line":11,"column":38},"end":{"line":11,"column":47}},"3":{"start":{"line":12,"column":8},"end":{"line":12,"column":49}},"4":{"start":{"line":12,"column":39},"end":{"line":12,"column":49}},"5":{"start":{"line":14,"column":2},"end":{"line":22,"column":null}},"6":{"start":{"line":15,"column":4},"end":{"line":20,"column":null}},"7":{"start":{"line":16,"column":6},"end":{"line":16,"column":null}},"8":{"start":{"line":17,"column":15},"end":{"line":20,"column":null}},"9":{"start":{"line":18,"column":6},"end":{"line":18,"column":null}},"10":{"start":{"line":20,"column":6},"end":{"line":20,"column":null}},"11":{"start":{"line":24,"column":2},"end":{"line":24,"column":null}},"12":{"start":{"line":28,"column":10},"end":{"line":28,"column":52}},"13":{"start":{"line":29,"column":15},"end":{"line":29,"column":null}},"14":{"start":{"line":31,"column":2},"end":{"line":35,"column":null}},"15":{"start":{"line":32,"column":4},"end":{"line":35,"column":null}},"16":{"start":{"line":39,"column":25},"end":{"line":39,"column":null}},"17":{"start":{"line":41,"column":2},"end":{"line":47,"column":null}},"18":{"start":{"line":53,"column":2},"end":{"line":53,"column":null}},"19":{"start":{"line":57,"column":2},"end":{"line":57,"column":null}}},"fnMap":{"0":{"name":"RootRedirect","decl":{"start":{"line":9,"column":16},"end":{"line":9,"column":31}},"loc":{"start":{"line":9,"column":31},"end":{"line":24,"column":null}},"line":9},"1":{"name":"(anonymous_1)","decl":{"start":{"line":11,"column":17},"end":{"line":11,"column":32}},"loc":{"start":{"line":11,"column":38},"end":{"line":11,"column":47}},"line":11},"2":{"name":"(anonymous_2)","decl":{"start":{"line":12,"column":18},"end":{"line":12,"column":33}},"loc":{"start":{"line":12,"column":39},"end":{"line":12,"column":49}},"line":12},"3":{"name":"(anonymous_3)","decl":{"start":{"line":14,"column":2},"end":{"line":14,"column":18}},"loc":{"start":{"line":14,"column":18},"end":{"line":22,"column":6}},"line":14},"4":{"name":"ChapterSelectionPage","decl":{"start":{"line":27,"column":16},"end":{"line":27,"column":39}},"loc":{"start":{"line":27,"column":39},"end":{"line":47,"column":null}},"line":27},"5":{"name":"ChapterPage","decl":{"start":{"line":52,"column":16},"end":{"line":52,"column":30}},"loc":{"start":{"line":52,"column":30},"end":{"line":53,"column":null}},"line":52},"6":{"name":"ProgressPage","decl":{"start":{"line":56,"column":16},"end":{"line":56,"column":31}},"loc":{"start":{"line":56,"column":31},"end":{"line":57,"column":null}},"line":56}},"branchMap":{"0":{"loc":{"start":{"line":15,"column":4},"end":{"line":20,"column":null}},"type":"if","locations":[{"start":{"line":15,"column":4},"end":{"line":20,"column":null}},{"start":{"line":17,"column":15},"end":{"line":20,"column":null}}],"line":15},"1":{"loc":{"start":{"line":15,"column":8},"end":{"line":15,"column":27}},"type":"binary-expr","locations":[{"start":{"line":15,"column":8},"end":{"line":15,"column":18}},{"start":{"line":15,"column":18},"end":{"line":15,"column":27}}],"line":15},"2":{"loc":{"start":{"line":17,"column":15},"end":{"line":20,"column":null}},"type":"if","locations":[{"start":{"line":17,"column":15},"end":{"line":20,"column":null}},{"start":{"line":19,"column":11},"end":{"line":20,"column":null}}],"line":17},"3":{"loc":{"start":{"line":29,"column":15},"end":{"line":29,"column":null}},"type":"cond-expr","locations":[{"start":{"line":29,"column":15},"end":{"line":29,"column":43}},{"start":{"line":29,"column":46},"end":{"line":29,"column":null}}],"line":29},"4":{"loc":{"start":{"line":31,"column":2},"end":{"line":35,"column":null}},"type":"if","locations":[{"start":{"line":31,"column":2},"end":{"line":35,"column":null}},{"start":{},"end":{}}],"line":31},"5":{"loc":{"start":{"line":39,"column":25},"end":{"line":39,"column":null}},"type":"cond-expr","locations":[{"start":{"line":39,"column":52},"end":{"line":39,"column":74}},{"start":{"line":39,"column":74},"end":{"line":39,"column":null}}],"line":39}},"s":{"0":0,"1":0,"2":0,"3":0,"4":0,"5":0,"6":0,"7":0,"8":0,"9":0,"10":0,"11":0,"12":0,"13":0,"14":0,"15":0,"16":0,"17":0,"18":0,"19":0},"f":{"0":0,"1":0,"2":0,"3":0,"4":0,"5":0,"6":0},"b":{"0":[0,0],"1":[0,0],"2":[0,0],"3":[0,0],"4":[0,0],"5":[0,0]},"meta":{"lastBranch":6,"lastFunction":7,"lastStatement":20,"seen":{"f:9:16:9:31":0,"s:10:8:10:32":0,"s:11:8:11:47":1,"f:11:17:11:32":1,"s:11:38:11:47":2,"s:12:8:12:49":3,"f:12:18:12:33":2,"s:12:39:12:49":4,"s:14:2:22:Infinity":5,"f:14:2:14:18":3,"b:15:4:20:Infinity:17:15:20:Infinity":0,"s:15:4:20:Infinity":6,"b:15:8:15:18:15:18:15:27":1,"s:16:6:16:Infinity":7,"b:17:15:20:Infinity:19:11:20:Infinity":2,"s:17:15:20:Infinity":8,"s:18:6:18:Infinity":9,"s:20:6:20:Infinity":10,"s:24:2:24:Infinity":11,"f:27:16:27:39":4,"s:28:10:28:52":12,"s:29:15:29:Infinity":13,"b:29:15:29:43:29:46:29:Infinity":3,"b:31:2:35:Infinity:undefined:undefined:undefined:undefined":4,"s:31:2:35:Infinity":14,"s:32:4:35:Infinity":15,"s:39:25:39:Infinity":16,"b:39:52:39:74:39:74:39:Infinity":5,"s:41:2:47:Infinity":17,"f:52:16:52:30":5,"s:53:2:53:Infinity":18,"f:56:16:56:31":6,"s:57:2:57:Infinity":19}}}
,"/home/eduardo/workspaces/ws-react/my-bible-app/src/components/layout/AppShell.tsx": {"path":"/home/eduardo/workspaces/ws-react/my-bible-app/src/components/layout/AppShell.tsx","statementMap":{"0":{"start":{"line":9,"column":25},"end":{"line":9,"column":52}},"1":{"start":{"line":10,"column":2},"end":{"line":34,"column":null}},"2":{"start":{"line":16,"column":28},"end":{"line":16,"column":57}},"3":{"start":{"line":39,"column":2},"end":{"line":47,"column":null}},"4":{"start":{"line":52,"column":2},"end":{"line":67,"column":null}},"5":{"start":{"line":73,"column":2},"end":{"line":76,"column":null}}},"fnMap":{"0":{"name":"Sidebar","decl":{"start":{"line":8,"column":9},"end":{"line":8,"column":19}},"loc":{"start":{"line":8,"column":19},"end":{"line":34,"column":null}},"line":8},"1":{"name":"(anonymous_1)","decl":{"start":{"line":16,"column":10},"end":{"line":16,"column":22}},"loc":{"start":{"line":16,"column":28},"end":{"line":16,"column":57}},"line":16},"2":{"name":"StudyPanelPlaceholder","decl":{"start":{"line":38,"column":9},"end":{"line":38,"column":33}},"loc":{"start":{"line":38,"column":33},"end":{"line":47,"column":null}},"line":38},"3":{"name":"AppShellInner","decl":{"start":{"line":51,"column":9},"end":{"line":51,"column":25}},"loc":{"start":{"line":51,"column":25},"end":{"line":67,"column":null}},"line":51},"4":{"name":"AppShell","decl":{"start":{"line":72,"column":16},"end":{"line":72,"column":27}},"loc":{"start":{"line":72,"column":27},"end":{"line":76,"column":null}},"line":72}},"branchMap":{"0":{"loc":{"start":{"line":12,"column":7},"end":{"line":22,"column":7}},"type":"binary-expr","locations":[{"start":{"line":12,"column":7},"end":{"line":12,"column":null}},{"start":{"line":13,"column":8},"end":{"line":22,"column":7}}],"line":12},"1":{"loc":{"start":{"line":16,"column":28},"end":{"line":16,"column":57}},"type":"binary-expr","locations":[{"start":{"line":16,"column":28},"end":{"line":16,"column":50}},{"start":{"line":16,"column":50},"end":{"line":16,"column":57}}],"line":16},"2":{"loc":{"start":{"line":25,"column":10},"end":{"line":25,"column":null}},"type":"cond-expr","locations":[{"start":{"line":25,"column":19},"end":{"line":25,"column":37}},{"start":{"line":25,"column":37},"end":{"line":25,"column":null}}],"line":25}},"s":{"0":37,"1":37,"2":0,"3":21,"4":21,"5":21},"f":{"0":37,"1":0,"2":21,"3":21,"4":21},"b":{"0":[37,9],"1":[0,0],"2":[9,28]},"meta":{"lastBranch":3,"lastFunction":5,"lastStatement":6,"seen":{"f:8:9:8:19":0,"s:9:25:9:52":0,"s:10:2:34:Infinity":1,"b:12:7:12:Infinity:13:8:22:7":0,"f:16:10:16:22":1,"s:16:28:16:57":2,"b:16:28:16:50:16:50:16:57":1,"b:25:19:25:37:25:37:25:Infinity":2,"f:38:9:38:33":2,"s:39:2:47:Infinity":3,"f:51:9:51:25":3,"s:52:2:67:Infinity":4,"f:72:16:72:27":4,"s:73:2:76:Infinity":5}}}
,"/home/eduardo/workspaces/ws-react/my-bible-app/src/components/layout/BottomBar.tsx": {"path":"/home/eduardo/workspaces/ws-react/my-bible-app/src/components/layout/BottomBar.tsx","statementMap":{"0":{"start":{"line":4,"column":8},"end":{"line":4,"column":32}},"1":{"start":{"line":5,"column":2},"end":{"line":44,"column":null}},"2":{"start":{"line":22,"column":25},"end":{"line":22,"column":44}},"3":{"start":{"line":33,"column":25},"end":{"line":33,"column":46}}},"fnMap":{"0":{"name":"BottomBar","decl":{"start":{"line":3,"column":16},"end":{"line":3,"column":28}},"loc":{"start":{"line":3,"column":28},"end":{"line":44,"column":null}},"line":3},"1":{"name":"(anonymous_1)","decl":{"start":{"line":22,"column":10},"end":{"line":22,"column":25}},"loc":{"start":{"line":22,"column":25},"end":{"line":22,"column":44}},"line":22},"2":{"name":"(anonymous_2)","decl":{"start":{"line":33,"column":10},"end":{"line":33,"column":25}},"loc":{"start":{"line":33,"column":25},"end":{"line":33,"column":46}},"line":33}},"branchMap":{},"s":{"0":27,"1":27,"2":0,"3":0},"f":{"0":27,"1":0,"2":0},"b":{},"meta":{"lastBranch":0,"lastFunction":3,"lastStatement":4,"seen":{"f:3:16:3:28":0,"s:4:8:4:32":0,"s:5:2:44:Infinity":1,"f:22:10:22:25":1,"s:22:25:22:44":2,"f:33:10:33:25":2,"s:33:25:33:46":3}}}
,"/home/eduardo/workspaces/ws-react/my-bible-app/src/components/layout/ErrorBoundary.tsx": {"path":"/home/eduardo/workspaces/ws-react/my-bible-app/src/components/layout/ErrorBoundary.tsx","statementMap":{"0":{"start":{"line":26,"column":2},"end":{"line":27,"column":null}},"1":{"start":{"line":14,"column":4},"end":{"line":14,"column":null}},"2":{"start":{"line":15,"column":4},"end":{"line":15,"column":null}},"3":{"start":{"line":19,"column":4},"end":{"line":19,"column":null}},"4":{"start":{"line":23,"column":4},"end":{"line":23,"column":null}},"5":{"start":{"line":27,"column":4},"end":{"line":27,"column":null}},"6":{"start":{"line":31,"column":4},"end":{"line":57,"column":null}},"7":{"start":{"line":32,"column":6},"end":{"line":57,"column":null}},"8":{"start":{"line":61,"column":4},"end":{"line":61,"column":null}}},"fnMap":{"0":{"name":"(anonymous_0)","decl":{"start":{"line":13,"column":2},"end":{"line":13,"column":14}},"loc":{"start":{"line":13,"column":41},"end":{"line":15,"column":null}},"line":13},"1":{"name":"(anonymous_1)","decl":{"start":{"line":18,"column":9},"end":{"line":18,"column":34}},"loc":{"start":{"line":18,"column":68},"end":{"line":19,"column":null}},"line":18},"2":{"name":"(anonymous_2)","decl":{"start":{"line":22,"column":2},"end":{"line":22,"column":20}},"loc":{"start":{"line":22,"column":56},"end":{"line":23,"column":null}},"line":22},"3":{"name":"(anonymous_3)","decl":{"start":{"line":26,"column":2},"end":{"line":26,"column":23}},"loc":{"start":{"line":26,"column":23},"end":{"line":27,"column":null}},"line":26},"4":{"name":"(anonymous_4)","decl":{"start":{"line":30,"column":2},"end":{"line":30,"column":11}},"loc":{"start":{"line":30,"column":11},"end":{"line":61,"column":null}},"line":30}},"branchMap":{"0":{"loc":{"start":{"line":31,"column":4},"end":{"line":57,"column":null}},"type":"if","locations":[{"start":{"line":31,"column":4},"end":{"line":57,"column":null}},{"start":{},"end":{}}],"line":31},"1":{"loc":{"start":{"line":44,"column":13},"end":{"line":47,"column":null}},"type":"binary-expr","locations":[{"start":{"line":44,"column":13},"end":{"line":44,"column":null}},{"start":{"line":45,"column":14},"end":{"line":47,"column":null}}],"line":44}},"s":{"0":1,"1":8,"2":8,"3":6,"4":3,"5":1,"6":13,"7":6,"8":7},"f":{"0":8,"1":7,"2":3,"3":1,"4":13},"b":{"0":[6,7],"1":[6,6]},"meta":{"lastBranch":2,"lastFunction":5,"lastStatement":9,"seen":{"s:26:2:27:Infinity":0,"f:13:2:13:14":0,"s:14:4:14:Infinity":1,"s:15:4:15:Infinity":2,"f:18:9:18:34":1,"s:19:4:19:Infinity":3,"f:22:2:22:20":2,"s:23:4:23:Infinity":4,"f:26:2:26:23":3,"s:27:4:27:Infinity":5,"f:30:2:30:11":4,"b:31:4:57:Infinity:undefined:undefined:undefined:undefined":0,"s:31:4:57:Infinity":6,"s:32:6:57:Infinity":7,"b:44:13:44:Infinity:45:14:47:Infinity":1,"s:61:4:61:Infinity":8}}}
,"/home/eduardo/workspaces/ws-react/my-bible-app/src/components/layout/Header.tsx": {"path":"/home/eduardo/workspaces/ws-react/my-bible-app/src/components/layout/Header.tsx","statementMap":{"0":{"start":{"line":10,"column":8},"end":{"line":10,"column":47}},"1":{"start":{"line":10,"column":38},"end":{"line":10,"column":47}},"2":{"start":{"line":11,"column":8},"end":{"line":11,"column":49}},"3":{"start":{"line":11,"column":39},"end":{"line":11,"column":49}},"4":{"start":{"line":12,"column":8},"end":{"line":12,"column":69}},"5":{"start":{"line":12,"column":49},"end":{"line":12,"column":69}},"6":{"start":{"line":13,"column":8},"end":{"line":13,"column":75}},"7":{"start":{"line":13,"column":52},"end":{"line":13,"column":75}},"8":{"start":{"line":14,"column":10},"end":{"line":14,"column":33}},"9":{"start":{"line":15,"column":8},"end":{"line":15,"column":32}},"10":{"start":{"line":16,"column":8},"end":{"line":16,"column":50}},"11":{"start":{"line":18,"column":8},"end":{"line":22,"column":null}},"12":{"start":{"line":20,"column":6},"end":{"line":20,"column":null}},"13":{"start":{"line":25,"column":8},"end":{"line":49,"column":null}},"14":{"start":{"line":27,"column":20},"end":{"line":27,"column":67}},"15":{"start":{"line":28,"column":6},"end":{"line":28,"column":null}},"16":{"start":{"line":28,"column":18},"end":{"line":28,"column":null}},"17":{"start":{"line":30,"column":22},"end":{"line":30,"column":null}},"18":{"start":{"line":31,"column":6},"end":{"line":42,"column":null}},"19":{"start":{"line":32,"column":8},"end":{"line":32,"column":null}},"20":{"start":{"line":33,"column":8},"end":{"line":33,"column":null}},"21":{"start":{"line":34,"column":17},"end":{"line":42,"column":null}},"22":{"start":{"line":35,"column":8},"end":{"line":35,"column":null}},"23":{"start":{"line":36,"column":8},"end":{"line":36,"column":null}},"24":{"start":{"line":37,"column":17},"end":{"line":42,"column":null}},"25":{"start":{"line":38,"column":8},"end":{"line":38,"column":null}},"26":{"start":{"line":39,"column":8},"end":{"line":39,"column":null}},"27":{"start":{"line":40,"column":17},"end":{"line":42,"column":null}},"28":{"start":{"line":41,"column":8},"end":{"line":41,"column":null}},"29":{"start":{"line":42,"column":8},"end":{"line":42,"column":null}},"30":{"start":{"line":45,"column":6},"end":{"line":46,"column":null}},"31":{"start":{"line":46,"column":9},"end":{"line":46,"column":null}},"32":{"start":{"line":52,"column":2},"end":{"line":143,"column":null}},"33":{"start":{"line":97,"column":27},"end":{"line":97,"column":46}},"34":{"start":{"line":123,"column":31},"end":{"line":123,"column":null}},"35":{"start":{"line":124,"column":14},"end":{"line":137,"column":null}},"36":{"start":{"line":128,"column":33},"end":{"line":128,"column":62}},"37":{"start":{"line":129,"column":36},"end":{"line":129,"column":59}}},"fnMap":{"0":{"name":"Header","decl":{"start":{"line":9,"column":16},"end":{"line":9,"column":25}},"loc":{"start":{"line":9,"column":25},"end":{"line":143,"column":null}},"line":9},"1":{"name":"(anonymous_1)","decl":{"start":{"line":10,"column":17},"end":{"line":10,"column":32}},"loc":{"start":{"line":10,"column":38},"end":{"line":10,"column":47}},"line":10},"2":{"name":"(anonymous_2)","decl":{"start":{"line":11,"column":18},"end":{"line":11,"column":33}},"loc":{"start":{"line":11,"column":39},"end":{"line":11,"column":49}},"line":11},"3":{"name":"(anonymous_3)","decl":{"start":{"line":12,"column":28},"end":{"line":12,"column":43}},"loc":{"start":{"line":12,"column":49},"end":{"line":12,"column":69}},"line":12},"4":{"name":"(anonymous_4)","decl":{"start":{"line":13,"column":31},"end":{"line":13,"column":46}},"loc":{"start":{"line":13,"column":52},"end":{"line":13,"column":75}},"line":13},"5":{"name":"(anonymous_5)","decl":{"start":{"line":18,"column":34},"end":{"line":18,"column":null}},"loc":{"start":{"line":19,"column":27},"end":{"line":22,"column":5}},"line":19},"6":{"name":"(anonymous_6)","decl":{"start":{"line":25,"column":24},"end":{"line":25,"column":null}},"loc":{"start":{"line":26,"column":54},"end":{"line":49,"column":6}},"line":26},"7":{"name":"(anonymous_7)","decl":{"start":{"line":97,"column":12},"end":{"line":97,"column":27}},"loc":{"start":{"line":97,"column":27},"end":{"line":97,"column":46}},"line":97},"8":{"name":"(anonymous_8)","decl":{"start":{"line":122,"column":26},"end":{"line":122,"column":31}},"loc":{"start":{"line":122,"column":44},"end":{"line":137,"column":null}},"line":122},"9":{"name":"(anonymous_9)","decl":{"start":{"line":128,"column":18},"end":{"line":128,"column":33}},"loc":{"start":{"line":128,"column":33},"end":{"line":128,"column":62}},"line":128},"10":{"name":"(anonymous_10)","decl":{"start":{"line":129,"column":18},"end":{"line":129,"column":30}},"loc":{"start":{"line":129,"column":36},"end":{"line":129,"column":59}},"line":129}},"branchMap":{"0":{"loc":{"start":{"line":28,"column":6},"end":{"line":28,"column":null}},"type":"if","locations":[{"start":{"line":28,"column":6},"end":{"line":28,"column":null}},{"start":{},"end":{}}],"line":28},"1":{"loc":{"start":{"line":31,"column":6},"end":{"line":42,"column":null}},"type":"if","locations":[{"start":{"line":31,"column":6},"end":{"line":42,"column":null}},{"start":{"line":34,"column":17},"end":{"line":42,"column":null}}],"line":31},"2":{"loc":{"start":{"line":31,"column":10},"end":{"line":31,"column":59}},"type":"binary-expr","locations":[{"start":{"line":31,"column":10},"end":{"line":31,"column":36}},{"start":{"line":31,"column":36},"end":{"line":31,"column":59}}],"line":31},"3":{"loc":{"start":{"line":34,"column":17},"end":{"line":42,"column":null}},"type":"if","locations":[{"start":{"line":34,"column":17},"end":{"line":42,"column":null}},{"start":{"line":37,"column":17},"end":{"line":42,"column":null}}],"line":34},"4":{"loc":{"start":{"line":34,"column":17},"end":{"line":34,"column":63}},"type":"binary-expr","locations":[{"start":{"line":34,"column":17},"end":{"line":34,"column":42}},{"start":{"line":34,"column":42},"end":{"line":34,"column":63}}],"line":34},"5":{"loc":{"start":{"line":37,"column":17},"end":{"line":42,"column":null}},"type":"if","locations":[{"start":{"line":37,"column":17},"end":{"line":42,"column":null}},{"start":{"line":40,"column":17},"end":{"line":42,"column":null}}],"line":37},"6":{"loc":{"start":{"line":40,"column":17},"end":{"line":42,"column":null}},"type":"if","locations":[{"start":{"line":40,"column":17},"end":{"line":42,"column":null}},{"start":{},"end":{}}],"line":40},"7":{"loc":{"start":{"line":45,"column":6},"end":{"line":46,"column":null}},"type":"if","locations":[{"start":{"line":45,"column":6},"end":{"line":46,"column":null}},{"start":{},"end":{}}],"line":45},"8":{"loc":{"start":{"line":80,"column":13},"end":{"line":90,"column":null}},"type":"cond-expr","locations":[{"start":{"line":81,"column":14},"end":{"line":90,"column":15}},{"start":{"line":90,"column":14},"end":{"line":90,"column":null}}],"line":80},"9":{"loc":{"start":{"line":83,"column":17},"end":{"line":86,"column":null}},"type":"binary-expr","locations":[{"start":{"line":83,"column":17},"end":{"line":83,"column":null}},{"start":{"line":84,"column":18},"end":{"line":86,"column":null}}],"line":83},"10":{"loc":{"start":{"line":130,"column":37},"end":{"line":130,"column":null}},"type":"cond-expr","locations":[{"start":{"line":130,"column":48},"end":{"line":130,"column":59}},{"start":{"line":130,"column":59},"end":{"line":130,"column":null}}],"line":130},"11":{"loc":{"start":{"line":134,"column":28},"end":{"line":134,"column":null}},"type":"cond-expr","locations":[{"start":{"line":134,"column":39},"end":{"line":134,"column":43}},{"start":{"line":134,"column":43},"end":{"line":134,"column":null}}],"line":134}},"s":{"0":70,"1":234,"2":70,"3":234,"4":70,"5":234,"6":70,"7":234,"8":70,"9":70,"10":70,"11":70,"12":11,"13":70,"14":6,"15":6,"16":0,"17":6,"18":6,"19":1,"20":1,"21":5,"22":1,"23":1,"24":4,"25":1,"26":1,"27":3,"28":1,"29":1,"30":6,"31":4,"32":70,"33":0,"34":210,"35":210,"36":11,"37":6},"f":{"0":70,"1":234,"2":234,"3":234,"4":234,"5":11,"6":6,"7":0,"8":210,"9":11,"10":6},"b":{"0":[0,6],"1":[1,5],"2":[6,5],"3":[1,4],"4":[5,4],"5":[1,3],"6":[1,2],"7":[4,2],"8":[7,63],"9":[7,7],"10":[70,140],"11":[70,140]},"meta":{"lastBranch":12,"lastFunction":11,"lastStatement":38,"seen":{"f:9:16:9:25":0,"s:10:8:10:47":0,"f:10:17:10:32":1,"s:10:38:10:47":1,"s:11:8:11:49":2,"f:11:18:11:33":2,"s:11:39:11:49":3,"s:12:8:12:69":4,"f:12:28:12:43":3,"s:12:49:12:69":5,"s:13:8:13:75":6,"f:13:31:13:46":4,"s:13:52:13:75":7,"s:14:10:14:33":8,"s:15:8:15:32":9,"s:16:8:16:50":10,"s:18:8:22:Infinity":11,"f:18:34:18:Infinity":5,"s:20:6:20:Infinity":12,"s:25:8:49:Infinity":13,"f:25:24:25:Infinity":6,"s:27:20:27:67":14,"b:28:6:28:Infinity:undefined:undefined:undefined:undefined":0,"s:28:6:28:Infinity":15,"s:28:18:28:Infinity":16,"s:30:22:30:Infinity":17,"b:31:6:42:Infinity:34:17:42:Infinity":1,"s:31:6:42:Infinity":18,"b:31:10:31:36:31:36:31:59":2,"s:32:8:32:Infinity":19,"s:33:8:33:Infinity":20,"b:34:17:42:Infinity:37:17:42:Infinity":3,"s:34:17:42:Infinity":21,"b:34:17:34:42:34:42:34:63":4,"s:35:8:35:Infinity":22,"s:36:8:36:Infinity":23,"b:37:17:42:Infinity:40:17:42:Infinity":5,"s:37:17:42:Infinity":24,"s:38:8:38:Infinity":25,"s:39:8:39:Infinity":26,"b:40:17:42:Infinity:undefined:undefined:undefined:undefined":6,"s:40:17:42:Infinity":27,"s:41:8:41:Infinity":28,"s:42:8:42:Infinity":29,"b:45:6:46:Infinity:undefined:undefined:undefined:undefined":7,"s:45:6:46:Infinity":30,"s:46:9:46:Infinity":31,"s:52:2:143:Infinity":32,"b:81:14:90:15:90:14:90:Infinity":8,"b:83:17:83:Infinity:84:18:86:Infinity":9,"f:97:12:97:27":7,"s:97:27:97:46":33,"f:122:26:122:31":8,"s:123:31:123:Infinity":34,"s:124:14:137:Infinity":35,"f:128:18:128:33":9,"s:128:33:128:62":36,"f:129:18:129:30":10,"s:129:36:129:59":37,"b:130:48:130:59:130:59:130:Infinity":10,"b:134:39:134:43:134:43:134:Infinity":11}}}
,"/home/eduardo/workspaces/ws-react/my-bible-app/src/components/layout/SidebarContext.tsx": {"path":"/home/eduardo/workspaces/ws-react/my-bible-app/src/components/layout/SidebarContext.tsx","statementMap":{"0":{"start":{"line":12,"column":6},"end":{"line":12,"column":70}},"1":{"start":{"line":15,"column":17},"end":{"line":15,"column":45}},"2":{"start":{"line":16,"column":8},"end":{"line":16,"column":46}},"3":{"start":{"line":17,"column":8},"end":{"line":17,"column":59}},"4":{"start":{"line":19,"column":8},"end":{"line":22,"column":8}},"5":{"start":{"line":20,"column":4},"end":{"line":20,"column":null}},"6":{"start":{"line":21,"column":4},"end":{"line":21,"column":null}},"7":{"start":{"line":24,"column":8},"end":{"line":29,"column":8}},"8":{"start":{"line":25,"column":4},"end":{"line":25,"column":null}},"9":{"start":{"line":26,"column":4},"end":{"line":28,"column":null}},"10":{"start":{"line":27,"column":6},"end":{"line":27,"column":null}},"11":{"start":{"line":31,"column":8},"end":{"line":41,"column":14}},"12":{"start":{"line":32,"column":4},"end":{"line":39,"column":null}},"13":{"start":{"line":33,"column":6},"end":{"line":33,"column":null}},"14":{"start":{"line":34,"column":6},"end":{"line":36,"column":null}},"15":{"start":{"line":35,"column":8},"end":{"line":35,"column":null}},"16":{"start":{"line":38,"column":6},"end":{"line":38,"column":null}},"17":{"start":{"line":39,"column":6},"end":{"line":39,"column":null}},"18":{"start":{"line":43,"column":2},"end":{"line":48,"column":null}},"19":{"start":{"line":44,"column":4},"end":{"line":46,"column":null}},"20":{"start":{"line":45,"column":24},"end":{"line":45,"column":145}},"21":{"start":{"line":46,"column":6},"end":{"line":46,"column":null}},"22":{"start":{"line":50,"column":2},"end":{"line":53,"column":null}},"23":{"start":{"line":59,"column":8},"end":{"line":59,"column":40}},"24":{"start":{"line":60,"column":2},"end":{"line":60,"column":null}},"25":{"start":{"line":60,"column":12},"end":{"line":60,"column":null}},"26":{"start":{"line":61,"column":2},"end":{"line":61,"column":null}}},"fnMap":{"0":{"name":"SidebarProvider","decl":{"start":{"line":14,"column":16},"end":{"line":14,"column":32}},"loc":{"start":{"line":14,"column":71},"end":{"line":53,"column":null}},"line":14},"1":{"name":"(anonymous_1)","decl":{"start":{"line":19,"column":15},"end":{"line":19,"column":33}},"loc":{"start":{"line":19,"column":33},"end":{"line":22,"column":7}},"line":19},"2":{"name":"(anonymous_2)","decl":{"start":{"line":24,"column":16},"end":{"line":24,"column":34}},"loc":{"start":{"line":24,"column":34},"end":{"line":29,"column":7}},"line":24},"3":{"name":"(anonymous_3)","decl":{"start":{"line":26,"column":4},"end":{"line":26,"column":21}},"loc":{"start":{"line":26,"column":21},"end":{"line":28,"column":9}},"line":26},"4":{"name":"(anonymous_4)","decl":{"start":{"line":31,"column":17},"end":{"line":31,"column":35}},"loc":{"start":{"line":31,"column":35},"end":{"line":41,"column":6}},"line":31},"5":{"name":"(anonymous_5)","decl":{"start":{"line":34,"column":6},"end":{"line":34,"column":23}},"loc":{"start":{"line":34,"column":23},"end":{"line":36,"column":11}},"line":34},"6":{"name":"(anonymous_6)","decl":{"start":{"line":43,"column":2},"end":{"line":43,"column":18}},"loc":{"start":{"line":43,"column":18},"end":{"line":48,"column":6}},"line":43},"7":{"name":"useSidebar","decl":{"start":{"line":58,"column":16},"end":{"line":58,"column":29}},"loc":{"start":{"line":58,"column":29},"end":{"line":61,"column":null}},"line":58}},"branchMap":{"0":{"loc":{"start":{"line":32,"column":4},"end":{"line":39,"column":null}},"type":"if","locations":[{"start":{"line":32,"column":4},"end":{"line":39,"column":null}},{"start":{"line":37,"column":11},"end":{"line":39,"column":null}}],"line":32},"1":{"loc":{"start":{"line":44,"column":4},"end":{"line":46,"column":null}},"type":"if","locations":[{"start":{"line":44,"column":4},"end":{"line":46,"column":null}},{"start":{},"end":{}}],"line":44},"2":{"loc":{"start":{"line":44,"column":8},"end":{"line":44,"column":38}},"type":"binary-expr","locations":[{"start":{"line":44,"column":8},"end":{"line":44,"column":18}},{"start":{"line":44,"column":18},"end":{"line":44,"column":38}}],"line":44},"3":{"loc":{"start":{"line":60,"column":2},"end":{"line":60,"column":null}},"type":"if","locations":[{"start":{"line":60,"column":2},"end":{"line":60,"column":null}},{"start":{},"end":{}}],"line":60}},"s":{"0":4,"1":65,"2":65,"3":65,"4":65,"5":0,"6":0,"7":65,"8":8,"9":8,"10":8,"11":65,"12":9,"13":0,"14":0,"15":0,"16":9,"17":9,"18":65,"19":65,"20":9,"21":9,"22":65,"23":3084,"24":3084,"25":0,"26":3084},"f":{"0":65,"1":0,"2":8,"3":8,"4":9,"5":0,"6":65,"7":3084},"b":{"0":[0,9],"1":[9,56],"2":[65,9],"3":[0,3084]},"meta":{"lastBranch":4,"lastFunction":8,"lastStatement":27,"seen":{"s:12:6:12:70":0,"f:14:16:14:32":0,"s:15:17:15:45":1,"s:16:8:16:46":2,"s:17:8:17:59":3,"s:19:8:22:8":4,"f:19:15:19:33":1,"s:20:4:20:Infinity":5,"s:21:4:21:Infinity":6,"s:24:8:29:8":7,"f:24:16:24:34":2,"s:25:4:25:Infinity":8,"s:26:4:28:Infinity":9,"f:26:4:26:21":3,"s:27:6:27:Infinity":10,"s:31:8:41:14":11,"f:31:17:31:35":4,"b:32:4:39:Infinity:37:11:39:Infinity":0,"s:32:4:39:Infinity":12,"s:33:6:33:Infinity":13,"s:34:6:36:Infinity":14,"f:34:6:34:23":5,"s:35:8:35:Infinity":15,"s:38:6:38:Infinity":16,"s:39:6:39:Infinity":17,"s:43:2:48:Infinity":18,"f:43:2:43:18":6,"b:44:4:46:Infinity:undefined:undefined:undefined:undefined":1,"s:44:4:46:Infinity":19,"b:44:8:44:18:44:18:44:38":2,"s:45:24:45:145":20,"s:46:6:46:Infinity":21,"s:50:2:53:Infinity":22,"f:58:16:58:29":7,"s:59:8:59:40":23,"b:60:2:60:Infinity:undefined:undefined:undefined:undefined":3,"s:60:2:60:Infinity":24,"s:60:12:60:Infinity":25,"s:61:2:61:Infinity":26}}}
,"/home/eduardo/workspaces/ws-react/my-bible-app/src/components/layout/ThemeInitializer.tsx": {"path":"/home/eduardo/workspaces/ws-react/my-bible-app/src/components/layout/ThemeInitializer.tsx","statementMap":{"0":{"start":{"line":5,"column":8},"end":{"line":5,"column":55}},"1":{"start":{"line":5,"column":42},"end":{"line":5,"column":55}},"2":{"start":{"line":6,"column":8},"end":{"line":6,"column":67}},"3":{"start":{"line":6,"column":48},"end":{"line":6,"column":67}},"4":{"start":{"line":8,"column":2},"end":{"line":11,"column":null}},"5":{"start":{"line":9,"column":18},"end":{"line":9,"column":36}},"6":{"start":{"line":10,"column":4},"end":{"line":10,"column":null}},"7":{"start":{"line":13,"column":2},"end":{"line":24,"column":null}},"8":{"start":{"line":14,"column":4},"end":{"line":14,"column":null}},"9":{"start":{"line":14,"column":33},"end":{"line":14,"column":null}},"10":{"start":{"line":16,"column":23},"end":{"line":16,"column":72}},"11":{"start":{"line":17,"column":10},"end":{"line":19,"column":null}},"12":{"start":{"line":18,"column":20},"end":{"line":18,"column":63}},"13":{"start":{"line":19,"column":6},"end":{"line":19,"column":null}},"14":{"start":{"line":22,"column":4},"end":{"line":22,"column":null}},"15":{"start":{"line":23,"column":4},"end":{"line":23,"column":null}},"16":{"start":{"line":23,"column":17},"end":{"line":23,"column":71}},"17":{"start":{"line":26,"column":2},"end":{"line":26,"column":null}}},"fnMap":{"0":{"name":"ThemeInitializer","decl":{"start":{"line":4,"column":16},"end":{"line":4,"column":35}},"loc":{"start":{"line":4,"column":35},"end":{"line":26,"column":null}},"line":4},"1":{"name":"(anonymous_1)","decl":{"start":{"line":5,"column":21},"end":{"line":5,"column":36}},"loc":{"start":{"line":5,"column":42},"end":{"line":5,"column":55}},"line":5},"2":{"name":"(anonymous_2)","decl":{"start":{"line":6,"column":27},"end":{"line":6,"column":42}},"loc":{"start":{"line":6,"column":48},"end":{"line":6,"column":67}},"line":6},"3":{"name":"(anonymous_3)","decl":{"start":{"line":8,"column":2},"end":{"line":8,"column":18}},"loc":{"start":{"line":8,"column":18},"end":{"line":11,"column":6}},"line":8},"4":{"name":"(anonymous_4)","decl":{"start":{"line":13,"column":2},"end":{"line":13,"column":18}},"loc":{"start":{"line":13,"column":18},"end":{"line":24,"column":6}},"line":13},"5":{"name":"(anonymous_5)","decl":{"start":{"line":17,"column":10},"end":{"line":17,"column":31}},"loc":{"start":{"line":17,"column":31},"end":{"line":19,"column":null}},"line":17},"6":{"name":"(anonymous_6)","decl":{"start":{"line":23,"column":4},"end":{"line":23,"column":17}},"loc":{"start":{"line":23,"column":17},"end":{"line":23,"column":71}},"line":23}},"branchMap":{"0":{"loc":{"start":{"line":14,"column":4},"end":{"line":14,"column":null}},"type":"if","locations":[{"start":{"line":14,"column":4},"end":{"line":14,"column":null}},{"start":{},"end":{}}],"line":14}},"s":{"0":12,"1":38,"2":12,"3":38,"4":12,"5":12,"6":12,"7":12,"8":12,"9":9,"10":3,"11":3,"12":0,"13":0,"14":3,"15":3,"16":3,"17":12},"f":{"0":12,"1":38,"2":38,"3":12,"4":12,"5":0,"6":3},"b":{"0":[9,3]},"meta":{"lastBranch":1,"lastFunction":7,"lastStatement":18,"seen":{"f:4:16:4:35":0,"s:5:8:5:55":0,"f:5:21:5:36":1,"s:5:42:5:55":1,"s:6:8:6:67":2,"f:6:27:6:42":2,"s:6:48:6:67":3,"s:8:2:11:Infinity":4,"f:8:2:8:18":3,"s:9:18:9:36":5,"s:10:4:10:Infinity":6,"s:13:2:24:Infinity":7,"f:13:2:13:18":4,"b:14:4:14:Infinity:undefined:undefined:undefined:undefined":0,"s:14:4:14:Infinity":8,"s:14:33:14:Infinity":9,"s:16:23:16:72":10,"s:17:10:19:Infinity":11,"f:17:10:17:31":5,"s:18:20:18:63":12,"s:19:6:19:Infinity":13,"s:22:4:22:Infinity":14,"s:23:4:23:Infinity":15,"f:23:4:23:17":6,"s:23:17:23:71":16,"s:26:2:26:Infinity":17}}}
,"/home/eduardo/workspaces/ws-react/my-bible-app/src/components/navigation/BookItem.tsx": {"path":"/home/eduardo/workspaces/ws-react/my-bible-app/src/components/navigation/BookItem.tsx","statementMap":{"0":{"start":{"line":11,"column":8},"end":{"line":11,"column":32}},"1":{"start":{"line":12,"column":10},"end":{"line":12,"column":32}},"2":{"start":{"line":15,"column":4},"end":{"line":15,"column":null}},"3":{"start":{"line":16,"column":4},"end":{"line":16,"column":null}},"4":{"start":{"line":20,"column":4},"end":{"line":29,"column":null}},"5":{"start":{"line":21,"column":6},"end":{"line":21,"column":null}},"6":{"start":{"line":22,"column":15},"end":{"line":29,"column":null}},"7":{"start":{"line":23,"column":6},"end":{"line":23,"column":null}},"8":{"start":{"line":24,"column":19},"end":{"line":24,"column":null}},"9":{"start":{"line":25,"column":6},"end":{"line":25,"column":null}},"10":{"start":{"line":26,"column":15},"end":{"line":29,"column":null}},"11":{"start":{"line":27,"column":6},"end":{"line":27,"column":null}},"12":{"start":{"line":28,"column":19},"end":{"line":28,"column":null}},"13":{"start":{"line":29,"column":6},"end":{"line":29,"column":null}},"14":{"start":{"line":33,"column":2},"end":{"line":45,"column":null}}},"fnMap":{"0":{"name":"BookItem","decl":{"start":{"line":10,"column":16},"end":{"line":10,"column":25}},"loc":{"start":{"line":10,"column":60},"end":{"line":45,"column":null}},"line":10},"1":{"name":"handleClick","decl":{"start":{"line":14,"column":11},"end":{"line":14,"column":25}},"loc":{"start":{"line":14,"column":25},"end":{"line":16,"column":null}},"line":14},"2":{"name":"handleKeyDown","decl":{"start":{"line":19,"column":11},"end":{"line":19,"column":25}},"loc":{"start":{"line":19,"column":49},"end":{"line":29,"column":null}},"line":19}},"branchMap":{"0":{"loc":{"start":{"line":20,"column":4},"end":{"line":29,"column":null}},"type":"if","locations":[{"start":{"line":20,"column":4},"end":{"line":29,"column":null}},{"start":{"line":22,"column":15},"end":{"line":29,"column":null}}],"line":20},"1":{"loc":{"start":{"line":22,"column":15},"end":{"line":29,"column":null}},"type":"if","locations":[{"start":{"line":22,"column":15},"end":{"line":29,"column":null}},{"start":{"line":26,"column":15},"end":{"line":29,"column":null}}],"line":22},"2":{"loc":{"start":{"line":22,"column":15},"end":{"line":22,"column":64}},"type":"binary-expr","locations":[{"start":{"line":22,"column":15},"end":{"line":22,"column":40}},{"start":{"line":22,"column":40},"end":{"line":22,"column":64}}],"line":22},"3":{"loc":{"start":{"line":26,"column":15},"end":{"line":29,"column":null}},"type":"if","locations":[{"start":{"line":26,"column":15},"end":{"line":29,"column":null}},{"start":{},"end":{}}],"line":26},"4":{"loc":{"start":{"line":26,"column":15},"end":{"line":26,"column":61}},"type":"binary-expr","locations":[{"start":{"line":26,"column":15},"end":{"line":26,"column":38}},{"start":{"line":26,"column":38},"end":{"line":26,"column":61}}],"line":26},"5":{"loc":{"start":{"line":38,"column":8},"end":{"line":38,"column":null}},"type":"cond-expr","locations":[{"start":{"line":38,"column":19},"end":{"line":38,"column":30}},{"start":{"line":38,"column":30},"end":{"line":38,"column":null}}],"line":38}},"s":{"0":2977,"1":2977,"2":4,"3":4,"4":2,"5":1,"6":1,"7":1,"8":1,"9":1,"10":0,"11":0,"12":0,"13":0,"14":2977},"f":{"0":2977,"1":4,"2":2},"b":{"0":[1,1],"1":[1,0],"2":[1,0],"3":[0,0],"4":[0,0],"5":[5,2972]},"meta":{"lastBranch":6,"lastFunction":3,"lastStatement":15,"seen":{"f:10:16:10:25":0,"s:11:8:11:32":0,"s:12:10:12:32":1,"f:14:11:14:25":1,"s:15:4:15:Infinity":2,"s:16:4:16:Infinity":3,"f:19:11:19:25":2,"b:20:4:29:Infinity:22:15:29:Infinity":0,"s:20:4:29:Infinity":4,"s:21:6:21:Infinity":5,"b:22:15:29:Infinity:26:15:29:Infinity":1,"s:22:15:29:Infinity":6,"b:22:15:22:40:22:40:22:64":2,"s:23:6:23:Infinity":7,"s:24:19:24:Infinity":8,"s:25:6:25:Infinity":9,"b:26:15:29:Infinity:undefined:undefined:undefined:undefined":3,"s:26:15:29:Infinity":10,"b:26:15:26:38:26:38:26:61":4,"s:27:6:27:Infinity":11,"s:28:19:28:Infinity":12,"s:29:6:29:Infinity":13,"s:33:2:45:Infinity":14,"b:38:19:38:30:38:30:38:Infinity":5}}}
,"/home/eduardo/workspaces/ws-react/my-bible-app/src/components/navigation/BookList.tsx": {"path":"/home/eduardo/workspaces/ws-react/my-bible-app/src/components/navigation/BookList.tsx","statementMap":{"0":{"start":{"line":6,"column":8},"end":{"line":6,"column":47}},"1":{"start":{"line":6,"column":38},"end":{"line":6,"column":47}},"2":{"start":{"line":8,"column":2},"end":{"line":18,"column":null}},"3":{"start":{"line":11,"column":8},"end":{"line":16,"column":null}}},"fnMap":{"0":{"name":"BookList","decl":{"start":{"line":5,"column":16},"end":{"line":5,"column":27}},"loc":{"start":{"line":5,"column":27},"end":{"line":18,"column":null}},"line":5},"1":{"name":"(anonymous_1)","decl":{"start":{"line":6,"column":17},"end":{"line":6,"column":32}},"loc":{"start":{"line":6,"column":38},"end":{"line":6,"column":47}},"line":6},"2":{"name":"(anonymous_2)","decl":{"start":{"line":10,"column":23},"end":{"line":10,"column":28}},"loc":{"start":{"line":11,"column":8},"end":{"line":16,"column":null}},"line":11}},"branchMap":{},"s":{"0":41,"1":123,"2":41,"3":82},"f":{"0":41,"1":123,"2":82},"b":{},"meta":{"lastBranch":0,"lastFunction":3,"lastStatement":4,"seen":{"f:5:16:5:27":0,"s:6:8:6:47":0,"f:6:17:6:32":1,"s:6:38:6:47":1,"s:8:2:18:Infinity":2,"f:10:23:10:28":2,"s:11:8:16:Infinity":3}}}
,"/home/eduardo/workspaces/ws-react/my-bible-app/src/components/navigation/ChapterGrid.tsx": {"path":"/home/eduardo/workspaces/ws-react/my-bible-app/src/components/navigation/ChapterGrid.tsx","statementMap":{"0":{"start":{"line":10,"column":8},"end":{"line":10,"column":32}},"1":{"start":{"line":11,"column":8},"end":{"line":11,"column":64}},"2":{"start":{"line":11,"column":48},"end":{"line":11,"column":64}},"3":{"start":{"line":13,"column":19},"end":{"line":13,"column":73}},"4":{"start":{"line":13,"column":67},"end":{"line":13,"column":73}},"5":{"start":{"line":16,"column":4},"end":{"line":16,"column":null}},"6":{"start":{"line":19,"column":2},"end":{"line":47,"column":null}},"7":{"start":{"line":27,"column":21},"end":{"line":27,"column":51}},"8":{"start":{"line":28,"column":8},"end":{"line":44,"column":null}},"9":{"start":{"line":31,"column":27},"end":{"line":31,"column":54}}},"fnMap":{"0":{"name":"ChapterGrid","decl":{"start":{"line":9,"column":16},"end":{"line":9,"column":28}},"loc":{"start":{"line":9,"column":73},"end":{"line":47,"column":null}},"line":9},"1":{"name":"(anonymous_1)","decl":{"start":{"line":11,"column":24},"end":{"line":11,"column":42}},"loc":{"start":{"line":11,"column":48},"end":{"line":11,"column":64}},"line":11},"2":{"name":"(anonymous_2)","decl":{"start":{"line":13,"column":55},"end":{"line":13,"column":58}},"loc":{"start":{"line":13,"column":67},"end":{"line":13,"column":73}},"line":13},"3":{"name":"handleChapterClick","decl":{"start":{"line":15,"column":11},"end":{"line":15,"column":30}},"loc":{"start":{"line":15,"column":47},"end":{"line":16,"column":null}},"line":15},"4":{"name":"(anonymous_4)","decl":{"start":{"line":26,"column":16},"end":{"line":26,"column":21}},"loc":{"start":{"line":26,"column":33},"end":{"line":44,"column":null}},"line":26},"5":{"name":"(anonymous_5)","decl":{"start":{"line":31,"column":12},"end":{"line":31,"column":27}},"loc":{"start":{"line":31,"column":27},"end":{"line":31,"column":54}},"line":31}},"branchMap":{"0":{"loc":{"start":{"line":32,"column":40},"end":{"line":32,"column":null}},"type":"cond-expr","locations":[{"start":{"line":32,"column":47},"end":{"line":32,"column":58}},{"start":{"line":32,"column":58},"end":{"line":32,"column":null}}],"line":32},"1":{"loc":{"start":{"line":34,"column":46},"end":{"line":34,"column":null}},"type":"cond-expr","locations":[{"start":{"line":34,"column":53},"end":{"line":34,"column":67}},{"start":{"line":34,"column":67},"end":{"line":34,"column":null}}],"line":34},"2":{"loc":{"start":{"line":38,"column":13},"end":{"line":42,"column":null}},"type":"binary-expr","locations":[{"start":{"line":38,"column":13},"end":{"line":38,"column":null}},{"start":{"line":39,"column":14},"end":{"line":42,"column":null}}],"line":38}},"s":{"0":11,"1":11,"2":35,"3":11,"4":372,"5":2,"6":11,"7":372,"8":372,"9":2},"f":{"0":11,"1":35,"2":372,"3":2,"4":372,"5":2},"b":{"0":[4,368],"1":[4,368],"2":[372,4]},"meta":{"lastBranch":3,"lastFunction":6,"lastStatement":10,"seen":{"f:9:16:9:28":0,"s:10:8:10:32":0,"s:11:8:11:64":1,"f:11:24:11:42":1,"s:11:48:11:64":2,"s:13:19:13:73":3,"f:13:55:13:58":2,"s:13:67:13:73":4,"f:15:11:15:30":3,"s:16:4:16:Infinity":5,"s:19:2:47:Infinity":6,"f:26:16:26:21":4,"s:27:21:27:51":7,"s:28:8:44:Infinity":8,"f:31:12:31:27":5,"s:31:27:31:54":9,"b:32:47:32:58:32:58:32:Infinity":0,"b:34:53:34:67:34:67:34:Infinity":1,"b:38:13:38:Infinity:39:14:42:Infinity":2}}}
,"/home/eduardo/workspaces/ws-react/my-bible-app/src/components/navigation/TestamentGroup.tsx": {"path":"/home/eduardo/workspaces/ws-react/my-bible-app/src/components/navigation/TestamentGroup.tsx","statementMap":{"0":{"start":{"line":11,"column":2},"end":{"line":24,"column":null}},"1":{"start":{"line":18,"column":10},"end":{"line":22,"column":null}}},"fnMap":{"0":{"name":"TestamentGroup","decl":{"start":{"line":10,"column":16},"end":{"line":10,"column":31}},"loc":{"start":{"line":10,"column":84},"end":{"line":24,"column":null}},"line":10},"1":{"name":"(anonymous_1)","decl":{"start":{"line":17,"column":15},"end":{"line":17,"column":20}},"loc":{"start":{"line":18,"column":10},"end":{"line":22,"column":null}},"line":18}},"branchMap":{},"s":{"0":84,"1":2710},"f":{"0":84,"1":2710},"b":{},"meta":{"lastBranch":0,"lastFunction":2,"lastStatement":2,"seen":{"f:10:16:10:31":0,"s:11:2:24:Infinity":0,"f:17:15:17:20":1,"s:18:10:22:Infinity":1}}}
,"/home/eduardo/workspaces/ws-react/my-bible-app/src/components/progress/OverallProgress.tsx": {"path":"/home/eduardo/workspaces/ws-react/my-bible-app/src/components/progress/OverallProgress.tsx","statementMap":{"0":{"start":{"line":4,"column":8},"end":{"line":4,"column":67}},"1":{"start":{"line":4,"column":46},"end":{"line":4,"column":67}},"2":{"start":{"line":5,"column":19},"end":{"line":5,"column":32}},"3":{"start":{"line":7,"column":21},"end":{"line":9,"column":null}},"4":{"start":{"line":11,"column":2},"end":{"line":43,"column":null}}},"fnMap":{"0":{"name":"OverallProgress","decl":{"start":{"line":3,"column":16},"end":{"line":3,"column":34}},"loc":{"start":{"line":3,"column":34},"end":{"line":43,"column":null}},"line":3},"1":{"name":"(anonymous_1)","decl":{"start":{"line":4,"column":22},"end":{"line":4,"column":40}},"loc":{"start":{"line":4,"column":46},"end":{"line":4,"column":67}},"line":4}},"branchMap":{"0":{"loc":{"start":{"line":7,"column":21},"end":{"line":9,"column":null}},"type":"cond-expr","locations":[{"start":{"line":7,"column":38},"end":{"line":8,"column":57}},{"start":{"line":9,"column":6},"end":{"line":9,"column":null}}],"line":7}},"s":{"0":4,"1":13,"2":4,"3":4,"4":4},"f":{"0":4,"1":13},"b":{"0":[4,0]},"meta":{"lastBranch":1,"lastFunction":2,"lastStatement":5,"seen":{"f:3:16:3:34":0,"s:4:8:4:67":0,"f:4:22:4:40":1,"s:4:46:4:67":1,"s:5:19:5:32":2,"s:7:21:9:Infinity":3,"b:7:38:8:57:9:6:9:Infinity":0,"s:11:2:43:Infinity":4}}}
,"/home/eduardo/workspaces/ws-react/my-bible-app/src/components/progress/ProgressIndicator.tsx": {"path":"/home/eduardo/workspaces/ws-react/my-bible-app/src/components/progress/ProgressIndicator.tsx","statementMap":{"0":{"start":{"line":10,"column":2},"end":{"line":10,"column":null}},"1":{"start":{"line":10,"column":18},"end":{"line":10,"column":null}},"2":{"start":{"line":11,"column":2},"end":{"line":11,"column":null}},"3":{"start":{"line":11,"column":22},"end":{"line":11,"column":null}},"4":{"start":{"line":12,"column":2},"end":{"line":12,"column":null}},"5":{"start":{"line":21,"column":8},"end":{"line":21,"column":38}},"6":{"start":{"line":22,"column":8},"end":{"line":22,"column":64}},"7":{"start":{"line":22,"column":46},"end":{"line":22,"column":64}},"8":{"start":{"line":23,"column":19},"end":{"line":23,"column":38}},"9":{"start":{"line":24,"column":17},"end":{"line":24,"column":61}},"10":{"start":{"line":26,"column":52},"end":{"line":30,"column":null}},"11":{"start":{"line":32,"column":2},"end":{"line":62,"column":null}}},"fnMap":{"0":{"name":"getReadStatus","decl":{"start":{"line":9,"column":9},"end":{"line":9,"column":23}},"loc":{"start":{"line":9,"column":64},"end":{"line":12,"column":null}},"line":9},"1":{"name":"ProgressIndicator","decl":{"start":{"line":20,"column":16},"end":{"line":20,"column":34}},"loc":{"start":{"line":20,"column":88},"end":{"line":62,"column":null}},"line":20},"2":{"name":"(anonymous_2)","decl":{"start":{"line":22,"column":22},"end":{"line":22,"column":40}},"loc":{"start":{"line":22,"column":46},"end":{"line":22,"column":64}},"line":22}},"branchMap":{"0":{"loc":{"start":{"line":10,"column":2},"end":{"line":10,"column":null}},"type":"if","locations":[{"start":{"line":10,"column":2},"end":{"line":10,"column":null}},{"start":{},"end":{}}],"line":10},"1":{"loc":{"start":{"line":11,"column":2},"end":{"line":11,"column":null}},"type":"if","locations":[{"start":{"line":11,"column":2},"end":{"line":11,"column":null}},{"start":{},"end":{}}],"line":11},"2":{"loc":{"start":{"line":20,"column":44},"end":{"line":20,"column":88}},"type":"default-arg","locations":[{"start":{"line":20,"column":56},"end":{"line":20,"column":88}}],"line":20},"3":{"loc":{"start":{"line":40,"column":7},"end":{"line":45,"column":7}},"type":"binary-expr","locations":[{"start":{"line":40,"column":7},"end":{"line":40,"column":20}},{"start":{"line":40,"column":20},"end":{"line":40,"column":null}},{"start":{"line":41,"column":8},"end":{"line":45,"column":7}}],"line":40},"4":{"loc":{"start":{"line":53,"column":14},"end":{"line":53,"column":null}},"type":"cond-expr","locations":[{"start":{"line":53,"column":34},"end":{"line":53,"column":63}},{"start":{"line":53,"column":63},"end":{"line":53,"column":null}}],"line":53}},"s":{"0":3,"1":1,"2":2,"3":2,"4":1,"5":3,"6":3,"7":9,"8":3,"9":3,"10":3,"11":3},"f":{"0":3,"1":3,"2":9},"b":{"0":[1,2],"1":[1,1],"2":[3],"3":[3,3,3],"4":[1,2]},"meta":{"lastBranch":5,"lastFunction":3,"lastStatement":12,"seen":{"f:9:9:9:23":0,"b:10:2:10:Infinity:undefined:undefined:undefined:undefined":0,"s:10:2:10:Infinity":0,"s:10:18:10:Infinity":1,"b:11:2:11:Infinity:undefined:undefined:undefined:undefined":1,"s:11:2:11:Infinity":2,"s:11:22:11:Infinity":3,"s:12:2:12:Infinity":4,"f:20:16:20:34":1,"b:20:56:20:88":2,"s:21:8:21:38":5,"s:22:8:22:64":6,"f:22:22:22:40":2,"s:22:46:22:64":7,"s:23:19:23:38":8,"s:24:17:24:61":9,"s:26:52:30:Infinity":10,"s:32:2:62:Infinity":11,"b:40:7:40:20:40:20:40:Infinity:41:8:45:7":3,"b:53:34:53:63:53:63:53:Infinity":4}}}
,"/home/eduardo/workspaces/ws-react/my-bible-app/src/components/progress/ProgressPage.tsx": {"path":"/home/eduardo/workspaces/ws-react/my-bible-app/src/components/progress/ProgressPage.tsx","statementMap":{"0":{"start":{"line":5,"column":2},"end":{"line":9,"column":null}}},"fnMap":{"0":{"name":"ProgressPage","decl":{"start":{"line":4,"column":16},"end":{"line":4,"column":31}},"loc":{"start":{"line":4,"column":31},"end":{"line":9,"column":null}},"line":4}},"branchMap":{},"s":{"0":0},"f":{"0":0},"b":{},"meta":{"lastBranch":0,"lastFunction":1,"lastStatement":1,"seen":{"f:4:16:4:31":0,"s:5:2:9:Infinity":0}}}
,"/home/eduardo/workspaces/ws-react/my-bible-app/src/components/progress/ProgressPanel.tsx": {"path":"/home/eduardo/workspaces/ws-react/my-bible-app/src/components/progress/ProgressPanel.tsx","statementMap":{"0":{"start":{"line":8,"column":2},"end":{"line":8,"column":null}},"1":{"start":{"line":8,"column":18},"end":{"line":8,"column":null}},"2":{"start":{"line":9,"column":2},"end":{"line":9,"column":null}},"3":{"start":{"line":9,"column":22},"end":{"line":9,"column":null}},"4":{"start":{"line":10,"column":2},"end":{"line":10,"column":null}},"5":{"start":{"line":18,"column":8},"end":{"line":18,"column":64}},"6":{"start":{"line":18,"column":46},"end":{"line":18,"column":64}},"7":{"start":{"line":19,"column":19},"end":{"line":19,"column":39}},"8":{"start":{"line":20,"column":17},"end":{"line":20,"column":61}},"9":{"start":{"line":22,"column":52},"end":{"line":26,"column":null}},"10":{"start":{"line":28,"column":2},"end":{"line":62,"column":null}},"11":{"start":{"line":70,"column":8},"end":{"line":70,"column":67}},"12":{"start":{"line":70,"column":46},"end":{"line":70,"column":67}},"13":{"start":{"line":71,"column":19},"end":{"line":71,"column":32}},"14":{"start":{"line":73,"column":20},"end":{"line":73,"column":null}},"15":{"start":{"line":74,"column":24},"end":{"line":74,"column":null}},"16":{"start":{"line":75,"column":21},"end":{"line":77,"column":null}},"17":{"start":{"line":79,"column":2},"end":{"line":113,"column":null}},"18":{"start":{"line":97,"column":8},"end":{"line":112,"column":null}},"19":{"start":{"line":109,"column":14},"end":{"line":109,"column":null}}},"fnMap":{"0":{"name":"getReadStatus","decl":{"start":{"line":7,"column":9},"end":{"line":7,"column":23}},"loc":{"start":{"line":7,"column":64},"end":{"line":10,"column":null}},"line":7},"1":{"name":"BookProgressItem","decl":{"start":{"line":17,"column":9},"end":{"line":17,"column":26}},"loc":{"start":{"line":17,"column":59},"end":{"line":62,"column":null}},"line":17},"2":{"name":"(anonymous_2)","decl":{"start":{"line":18,"column":22},"end":{"line":18,"column":40}},"loc":{"start":{"line":18,"column":46},"end":{"line":18,"column":64}},"line":18},"3":{"name":"ProgressPanel","decl":{"start":{"line":69,"column":16},"end":{"line":69,"column":32}},"loc":{"start":{"line":69,"column":32},"end":{"line":113,"column":null}},"line":69},"4":{"name":"(anonymous_4)","decl":{"start":{"line":70,"column":22},"end":{"line":70,"column":40}},"loc":{"start":{"line":70,"column":46},"end":{"line":70,"column":67}},"line":70},"5":{"name":"(anonymous_5)","decl":{"start":{"line":96,"column":23},"end":{"line":96,"column":28}},"loc":{"start":{"line":97,"column":8},"end":{"line":112,"column":null}},"line":97},"6":{"name":"(anonymous_6)","decl":{"start":{"line":108,"column":25},"end":{"line":108,"column":30}},"loc":{"start":{"line":109,"column":14},"end":{"line":109,"column":null}},"line":109}},"branchMap":{"0":{"loc":{"start":{"line":8,"column":2},"end":{"line":8,"column":null}},"type":"if","locations":[{"start":{"line":8,"column":2},"end":{"line":8,"column":null}},{"start":{},"end":{}}],"line":8},"1":{"loc":{"start":{"line":9,"column":2},"end":{"line":9,"column":null}},"type":"if","locations":[{"start":{"line":9,"column":2},"end":{"line":9,"column":null}},{"start":{},"end":{}}],"line":9},"2":{"loc":{"start":{"line":47,"column":14},"end":{"line":47,"column":null}},"type":"cond-expr","locations":[{"start":{"line":47,"column":34},"end":{"line":47,"column":63}},{"start":{"line":47,"column":63},"end":{"line":47,"column":null}}],"line":47},"3":{"loc":{"start":{"line":55,"column":12},"end":{"line":59,"column":null}},"type":"cond-expr","locations":[{"start":{"line":56,"column":16},"end":{"line":56,"column":null}},{"start":{"line":57,"column":16},"end":{"line":59,"column":null}}],"line":55},"4":{"loc":{"start":{"line":57,"column":16},"end":{"line":59,"column":null}},"type":"cond-expr","locations":[{"start":{"line":58,"column":18},"end":{"line":58,"column":null}},{"start":{"line":59,"column":18},"end":{"line":59,"column":null}}],"line":57},"5":{"loc":{"start":{"line":75,"column":21},"end":{"line":77,"column":null}},"type":"cond-expr","locations":[{"start":{"line":75,"column":37},"end":{"line":76,"column":52}},{"start":{"line":77,"column":6},"end":{"line":77,"column":null}}],"line":75}},"s":{"0":198,"1":196,"2":2,"3":2,"4":1,"5":198,"6":594,"7":198,"8":198,"9":198,"10":198,"11":3,"12":9,"13":3,"14":3,"15":3,"16":3,"17":3,"18":6,"19":198},"f":{"0":198,"1":198,"2":594,"3":3,"4":9,"5":6,"6":198},"b":{"0":[196,2],"1":[1,1],"2":[1,197],"3":[196,2],"4":[1,1],"5":[3,0]},"meta":{"lastBranch":6,"lastFunction":7,"lastStatement":20,"seen":{"f:7:9:7:23":0,"b:8:2:8:Infinity:undefined:undefined:undefined:undefined":0,"s:8:2:8:Infinity":0,"s:8:18:8:Infinity":1,"b:9:2:9:Infinity:undefined:undefined:undefined:undefined":1,"s:9:2:9:Infinity":2,"s:9:22:9:Infinity":3,"s:10:2:10:Infinity":4,"f:17:9:17:26":1,"s:18:8:18:64":5,"f:18:22:18:40":2,"s:18:46:18:64":6,"s:19:19:19:39":7,"s:20:17:20:61":8,"s:22:52:26:Infinity":9,"s:28:2:62:Infinity":10,"b:47:34:47:63:47:63:47:Infinity":2,"b:56:16:56:Infinity:57:16:59:Infinity":3,"b:58:18:58:Infinity:59:18:59:Infinity":4,"f:69:16:69:32":3,"s:70:8:70:67":11,"f:70:22:70:40":4,"s:70:46:70:67":12,"s:71:19:71:32":13,"s:73:20:73:Infinity":14,"s:74:24:74:Infinity":15,"s:75:21:77:Infinity":16,"b:75:37:76:52:77:6:77:Infinity":5,"s:79:2:113:Infinity":17,"f:96:23:96:28":5,"s:97:8:112:Infinity":18,"f:108:25:108:30":6,"s:109:14:109:Infinity":19}}}
,"/home/eduardo/workspaces/ws-react/my-bible-app/src/components/progress/index.ts": {"path":"/home/eduardo/workspaces/ws-react/my-bible-app/src/components/progress/index.ts","statementMap":{},"fnMap":{},"branchMap":{},"s":{},"f":{},"b":{},"meta":{"lastBranch":0,"lastFunction":0,"lastStatement":0,"seen":{}}}
,"/home/eduardo/workspaces/ws-react/my-bible-app/src/components/progress/progressUtils.ts": {"path":"/home/eduardo/workspaces/ws-react/my-bible-app/src/components/progress/progressUtils.ts","statementMap":{"0":{"start":{"line":4,"column":2},"end":{"line":4,"column":null}},"1":{"start":{"line":4,"column":18},"end":{"line":4,"column":null}},"2":{"start":{"line":5,"column":2},"end":{"line":5,"column":null}},"3":{"start":{"line":5,"column":22},"end":{"line":5,"column":null}},"4":{"start":{"line":6,"column":2},"end":{"line":6,"column":null}}},"fnMap":{"0":{"name":"getReadStatus","decl":{"start":{"line":3,"column":16},"end":{"line":3,"column":30}},"loc":{"start":{"line":3,"column":71},"end":{"line":6,"column":null}},"line":3}},"branchMap":{"0":{"loc":{"start":{"line":4,"column":2},"end":{"line":4,"column":null}},"type":"if","locations":[{"start":{"line":4,"column":2},"end":{"line":4,"column":null}},{"start":{},"end":{}}],"line":4},"1":{"loc":{"start":{"line":5,"column":2},"end":{"line":5,"column":null}},"type":"if","locations":[{"start":{"line":5,"column":2},"end":{"line":5,"column":null}},{"start":{},"end":{}}],"line":5}},"s":{"0":3,"1":1,"2":2,"3":2,"4":1},"f":{"0":3},"b":{"0":[1,2],"1":[1,1]},"meta":{"lastBranch":2,"lastFunction":1,"lastStatement":5,"seen":{"f:3:16:3:30":0,"b:4:2:4:Infinity:undefined:undefined:undefined:undefined":0,"s:4:2:4:Infinity":0,"s:4:18:4:Infinity":1,"b:5:2:5:Infinity:undefined:undefined:undefined:undefined":1,"s:5:2:5:Infinity":2,"s:5:22:5:Infinity":3,"s:6:2:6:Infinity":4}}}
,"/home/eduardo/workspaces/ws-react/my-bible-app/src/components/reader/ChapterReader.tsx": {"path":"/home/eduardo/workspaces/ws-react/my-bible-app/src/components/reader/ChapterReader.tsx","statementMap":{"0":{"start":{"line":20,"column":2},"end":{"line":27,"column":null}},"1":{"start":{"line":21,"column":4},"end":{"line":27,"column":null}},"2":{"start":{"line":27,"column":6},"end":{"line":27,"column":null}},"3":{"start":{"line":30,"column":2},"end":{"line":30,"column":null}},"4":{"start":{"line":40,"column":2},"end":{"line":47,"column":null}},"5":{"start":{"line":43,"column":8},"end":{"line":46,"column":null}},"6":{"start":{"line":58,"column":2},"end":{"line":63,"column":null}},"7":{"start":{"line":60,"column":6},"end":{"line":62,"column":null}},"8":{"start":{"line":73,"column":2},"end":{"line":80,"column":null}},"9":{"start":{"line":76,"column":8},"end":{"line":79,"column":null}},"10":{"start":{"line":90,"column":2},"end":{"line":95,"column":null}},"11":{"start":{"line":92,"column":6},"end":{"line":94,"column":null}},"12":{"start":{"line":104,"column":8},"end":{"line":104,"column":49}},"13":{"start":{"line":104,"column":39},"end":{"line":104,"column":49}},"14":{"start":{"line":105,"column":8},"end":{"line":105,"column":55}},"15":{"start":{"line":105,"column":42},"end":{"line":105,"column":55}},"16":{"start":{"line":106,"column":8},"end":{"line":106,"column":63}},"17":{"start":{"line":106,"column":46},"end":{"line":106,"column":63}},"18":{"start":{"line":107,"column":8},"end":{"line":107,"column":79}},"19":{"start":{"line":107,"column":54},"end":{"line":107,"column":79}},"20":{"start":{"line":108,"column":8},"end":{"line":108,"column":69}},"21":{"start":{"line":108,"column":49},"end":{"line":108,"column":69}},"22":{"start":{"line":109,"column":8},"end":{"line":110,"column":null}},"23":{"start":{"line":110,"column":11},"end":{"line":110,"column":null}},"24":{"start":{"line":112,"column":8},"end":{"line":112,"column":75}},"25":{"start":{"line":112,"column":52},"end":{"line":112,"column":75}},"26":{"start":{"line":113,"column":8},"end":{"line":113,"column":72}},"27":{"start":{"line":113,"column":52},"end":{"line":113,"column":72}},"28":{"start":{"line":114,"column":8},"end":{"line":114,"column":55}},"29":{"start":{"line":114,"column":42},"end":{"line":114,"column":55}},"30":{"start":{"line":115,"column":8},"end":{"line":115,"column":45}},"31":{"start":{"line":115,"column":37},"end":{"line":115,"column":45}},"32":{"start":{"line":116,"column":8},"end":{"line":116,"column":59}},"33":{"start":{"line":116,"column":44},"end":{"line":116,"column":59}},"34":{"start":{"line":117,"column":8},"end":{"line":117,"column":65}},"35":{"start":{"line":117,"column":47},"end":{"line":117,"column":65}},"36":{"start":{"line":118,"column":8},"end":{"line":118,"column":71}},"37":{"start":{"line":118,"column":50},"end":{"line":118,"column":71}},"38":{"start":{"line":119,"column":8},"end":{"line":119,"column":49}},"39":{"start":{"line":119,"column":39},"end":{"line":119,"column":49}},"40":{"start":{"line":120,"column":8},"end":{"line":120,"column":55}},"41":{"start":{"line":120,"column":42},"end":{"line":120,"column":55}},"42":{"start":{"line":121,"column":8},"end":{"line":121,"column":55}},"43":{"start":{"line":121,"column":42},"end":{"line":121,"column":55}},"44":{"start":{"line":123,"column":8},"end":{"line":128,"column":null}},"45":{"start":{"line":125,"column":6},"end":{"line":126,"column":null}},"46":{"start":{"line":126,"column":15},"end":{"line":126,"column":null}},"47":{"start":{"line":131,"column":8},"end":{"line":134,"column":null}},"48":{"start":{"line":133,"column":6},"end":{"line":133,"column":74}},"49":{"start":{"line":133,"column":26},"end":{"line":133,"column":74}},"50":{"start":{"line":137,"column":8},"end":{"line":139,"column":null}},"51":{"start":{"line":137,"column":26},"end":{"line":138,"column":63}},"52":{"start":{"line":142,"column":8},"end":{"line":148,"column":14}},"53":{"start":{"line":143,"column":10},"end":{"line":143,"column":32}},"54":{"start":{"line":144,"column":4},"end":{"line":146,"column":null}},"55":{"start":{"line":146,"column":56},"end":{"line":146,"column":71}},"56":{"start":{"line":150,"column":25},"end":{"line":150,"column":75}},"57":{"start":{"line":151,"column":25},"end":{"line":154,"column":17}},"58":{"start":{"line":155,"column":24},"end":{"line":158,"column":17}},"59":{"start":{"line":159,"column":8},"end":{"line":159,"column":50}},"60":{"start":{"line":161,"column":2},"end":{"line":164,"column":null}},"61":{"start":{"line":162,"column":4},"end":{"line":162,"column":null}},"62":{"start":{"line":163,"column":4},"end":{"line":163,"column":null}},"63":{"start":{"line":166,"column":2},"end":{"line":191,"column":null}},"64":{"start":{"line":167,"column":21},"end":{"line":167,"column":null}},"65":{"start":{"line":168,"column":4},"end":{"line":168,"column":null}},"66":{"start":{"line":168,"column":19},"end":{"line":168,"column":null}},"67":{"start":{"line":170,"column":26},"end":{"line":170,"column":null}},"68":{"start":{"line":172,"column":6},"end":{"line":172,"column":null}},"69":{"start":{"line":173,"column":10},"end":{"line":174,"column":null}},"70":{"start":{"line":174,"column":6},"end":{"line":174,"column":null}},"71":{"start":{"line":176,"column":4},"end":{"line":176,"column":null}},"72":{"start":{"line":178,"column":21},"end":{"line":184,"column":null}},"73":{"start":{"line":180,"column":8},"end":{"line":181,"column":null}},"74":{"start":{"line":181,"column":10},"end":{"line":181,"column":null}},"75":{"start":{"line":186,"column":4},"end":{"line":186,"column":null}},"76":{"start":{"line":187,"column":4},"end":{"line":189,"column":null}},"77":{"start":{"line":188,"column":6},"end":{"line":188,"column":null}},"78":{"start":{"line":189,"column":6},"end":{"line":189,"column":null}},"79":{"start":{"line":193,"column":8},"end":{"line":196,"column":8}},"80":{"start":{"line":194,"column":4},"end":{"line":194,"column":null}},"81":{"start":{"line":195,"column":4},"end":{"line":195,"column":null}},"82":{"start":{"line":198,"column":2},"end":{"line":206,"column":null}},"83":{"start":{"line":199,"column":10},"end":{"line":201,"column":null}},"84":{"start":{"line":200,"column":6},"end":{"line":201,"column":null}},"85":{"start":{"line":201,"column":8},"end":{"line":201,"column":null}},"86":{"start":{"line":204,"column":4},"end":{"line":204,"column":null}},"87":{"start":{"line":205,"column":4},"end":{"line":205,"column":null}},"88":{"start":{"line":205,"column":17},"end":{"line":205,"column":71}},"89":{"start":{"line":208,"column":8},"end":{"line":220,"column":null}},"90":{"start":{"line":210,"column":6},"end":{"line":217,"column":null}},"91":{"start":{"line":211,"column":8},"end":{"line":214,"column":null}},"92":{"start":{"line":216,"column":8},"end":{"line":216,"column":null}},"93":{"start":{"line":217,"column":8},"end":{"line":217,"column":null}},"94":{"start":{"line":223,"column":8},"end":{"line":238,"column":4}},"95":{"start":{"line":224,"column":4},"end":{"line":229,"column":null}},"96":{"start":{"line":225,"column":21},"end":{"line":225,"column":75}},"97":{"start":{"line":225,"column":48},"end":{"line":225,"column":75}},"98":{"start":{"line":226,"column":6},"end":{"line":229,"column":null}},"99":{"start":{"line":231,"column":4},"end":{"line":231,"column":null}},"100":{"start":{"line":240,"column":8},"end":{"line":249,"column":61}},"101":{"start":{"line":241,"column":4},"end":{"line":241,"column":null}},"102":{"start":{"line":241,"column":25},"end":{"line":241,"column":null}},"103":{"start":{"line":242,"column":4},"end":{"line":248,"column":null}},"104":{"start":{"line":251,"column":32},"end":{"line":251,"column":null}},"105":{"start":{"line":253,"column":8},"end":{"line":289,"column":null}},"106":{"start":{"line":255,"column":6},"end":{"line":255,"column":null}},"107":{"start":{"line":255,"column":27},"end":{"line":255,"column":null}},"108":{"start":{"line":257,"column":6},"end":{"line":274,"column":null}},"109":{"start":{"line":258,"column":8},"end":{"line":258,"column":null}},"110":{"start":{"line":260,"column":28},"end":{"line":265,"column":null}},"111":{"start":{"line":267,"column":8},"end":{"line":267,"column":null}},"112":{"start":{"line":267,"column":35},"end":{"line":267,"column":56}},"113":{"start":{"line":268,"column":8},"end":{"line":274,"column":null}},"114":{"start":{"line":277,"column":6},"end":{"line":277,"column":null}},"115":{"start":{"line":292,"column":8},"end":{"line":300,"column":73}},"116":{"start":{"line":293,"column":4},"end":{"line":293,"column":null}},"117":{"start":{"line":293,"column":25},"end":{"line":293,"column":null}},"118":{"start":{"line":295,"column":4},"end":{"line":296,"column":null}},"119":{"start":{"line":296,"column":6},"end":{"line":296,"column":null}},"120":{"start":{"line":299,"column":4},"end":{"line":299,"column":null}},"121":{"start":{"line":302,"column":8},"end":{"line":311,"column":56}},"122":{"start":{"line":303,"column":4},"end":{"line":303,"column":null}},"123":{"start":{"line":303,"column":25},"end":{"line":303,"column":null}},"124":{"start":{"line":304,"column":4},"end":{"line":310,"column":null}},"125":{"start":{"line":313,"column":8},"end":{"line":339,"column":null}},"126":{"start":{"line":315,"column":6},"end":{"line":315,"column":null}},"127":{"start":{"line":315,"column":27},"end":{"line":315,"column":null}},"128":{"start":{"line":317,"column":6},"end":{"line":326,"column":null}},"129":{"start":{"line":318,"column":8},"end":{"line":318,"column":null}},"130":{"start":{"line":320,"column":8},"end":{"line":326,"column":null}},"131":{"start":{"line":329,"column":6},"end":{"line":329,"column":null}},"132":{"start":{"line":342,"column":8},"end":{"line":346,"column":47}},"133":{"start":{"line":343,"column":4},"end":{"line":343,"column":null}},"134":{"start":{"line":343,"column":22},"end":{"line":343,"column":null}},"135":{"start":{"line":344,"column":4},"end":{"line":344,"column":null}},"136":{"start":{"line":345,"column":4},"end":{"line":345,"column":null}},"137":{"start":{"line":348,"column":8},"end":{"line":353,"column":null}},"138":{"start":{"line":350,"column":6},"end":{"line":350,"column":null}},"139":{"start":{"line":350,"column":27},"end":{"line":350,"column":null}},"140":{"start":{"line":351,"column":6},"end":{"line":351,"column":null}},"141":{"start":{"line":356,"column":8},"end":{"line":359,"column":null}},"142":{"start":{"line":358,"column":6},"end":{"line":358,"column":70}},"143":{"start":{"line":362,"column":8},"end":{"line":364,"column":null}},"144":{"start":{"line":363,"column":21},"end":{"line":363,"column":72}},"145":{"start":{"line":367,"column":8},"end":{"line":369,"column":null}},"146":{"start":{"line":368,"column":5},"end":{"line":368,"column":76}},"147":{"start":{"line":372,"column":8},"end":{"line":379,"column":null}},"148":{"start":{"line":374,"column":12},"end":{"line":374,"column":70}},"149":{"start":{"line":375,"column":6},"end":{"line":376,"column":null}},"150":{"start":{"line":376,"column":8},"end":{"line":376,"column":null}},"151":{"start":{"line":382,"column":2},"end":{"line":388,"column":null}},"152":{"start":{"line":383,"column":4},"end":{"line":388,"column":null}},"153":{"start":{"line":392,"column":2},"end":{"line":500,"column":null}},"154":{"start":{"line":481,"column":14},"end":{"line":490,"column":null}},"155":{"start":{"line":489,"column":45},"end":{"line":489,"column":null}},"156":{"start":{"line":496,"column":27},"end":{"line":496,"column":null}},"157":{"start":{"line":506,"column":27},"end":{"line":506,"column":null}},"158":{"start":{"line":511,"column":2},"end":{"line":517,"column":null}},"159":{"start":{"line":512,"column":4},"end":{"line":517,"column":null}},"160":{"start":{"line":521,"column":21},"end":{"line":521,"column":41}},"161":{"start":{"line":522,"column":2},"end":{"line":528,"column":null}},"162":{"start":{"line":523,"column":4},"end":{"line":528,"column":null}},"163":{"start":{"line":532,"column":2},"end":{"line":537,"column":null}}},"fnMap":{"0":{"name":"getHighlightForVerse","decl":{"start":{"line":14,"column":9},"end":{"line":14,"column":null}},"loc":{"start":{"line":19,"column":25},"end":{"line":30,"column":null}},"line":19},"1":{"name":"getHighlightCoveringRange","decl":{"start":{"line":33,"column":9},"end":{"line":33,"column":null}},"loc":{"start":{"line":39,"column":20},"end":{"line":47,"column":null}},"line":39},"2":{"name":"(anonymous_2)","decl":{"start":{"line":41,"column":15},"end":{"line":41,"column":null}},"loc":{"start":{"line":43,"column":8},"end":{"line":46,"column":null}},"line":43},"3":{"name":"getOverlappingHighlights","decl":{"start":{"line":51,"column":9},"end":{"line":51,"column":null}},"loc":{"start":{"line":57,"column":15},"end":{"line":63,"column":null}},"line":57},"4":{"name":"(anonymous_4)","decl":{"start":{"line":58,"column":20},"end":{"line":58,"column":null}},"loc":{"start":{"line":60,"column":6},"end":{"line":62,"column":null}},"line":60},"5":{"name":"getNoteForVerseRange","decl":{"start":{"line":66,"column":9},"end":{"line":66,"column":null}},"loc":{"start":{"line":72,"column":15},"end":{"line":80,"column":null}},"line":72},"6":{"name":"(anonymous_6)","decl":{"start":{"line":74,"column":10},"end":{"line":74,"column":null}},"loc":{"start":{"line":76,"column":8},"end":{"line":79,"column":null}},"line":76},"7":{"name":"verseHasNote","decl":{"start":{"line":84,"column":9},"end":{"line":84,"column":null}},"loc":{"start":{"line":89,"column":11},"end":{"line":95,"column":null}},"line":89},"8":{"name":"(anonymous_8)","decl":{"start":{"line":90,"column":15},"end":{"line":90,"column":null}},"loc":{"start":{"line":92,"column":6},"end":{"line":94,"column":null}},"line":92},"9":{"name":"ChapterReaderInner","decl":{"start":{"line":103,"column":9},"end":{"line":103,"column":28}},"loc":{"start":{"line":103,"column":77},"end":{"line":500,"column":null}},"line":103},"10":{"name":"(anonymous_10)","decl":{"start":{"line":104,"column":18},"end":{"line":104,"column":33}},"loc":{"start":{"line":104,"column":39},"end":{"line":104,"column":49}},"line":104},"11":{"name":"(anonymous_11)","decl":{"start":{"line":105,"column":21},"end":{"line":105,"column":36}},"loc":{"start":{"line":105,"column":42},"end":{"line":105,"column":55}},"line":105},"12":{"name":"(anonymous_12)","decl":{"start":{"line":106,"column":25},"end":{"line":106,"column":40}},"loc":{"start":{"line":106,"column":46},"end":{"line":106,"column":63}},"line":106},"13":{"name":"(anonymous_13)","decl":{"start":{"line":107,"column":33},"end":{"line":107,"column":48}},"loc":{"start":{"line":107,"column":54},"end":{"line":107,"column":79}},"line":107},"14":{"name":"(anonymous_14)","decl":{"start":{"line":108,"column":28},"end":{"line":108,"column":43}},"loc":{"start":{"line":108,"column":49},"end":{"line":108,"column":69}},"line":108},"15":{"name":"(anonymous_15)","decl":{"start":{"line":109,"column":36},"end":{"line":109,"column":null}},"loc":{"start":{"line":110,"column":11},"end":{"line":110,"column":null}},"line":110},"16":{"name":"(anonymous_16)","decl":{"start":{"line":112,"column":31},"end":{"line":112,"column":46}},"loc":{"start":{"line":112,"column":52},"end":{"line":112,"column":75}},"line":112},"17":{"name":"(anonymous_17)","decl":{"start":{"line":113,"column":28},"end":{"line":113,"column":46}},"loc":{"start":{"line":113,"column":52},"end":{"line":113,"column":72}},"line":113},"18":{"name":"(anonymous_18)","decl":{"start":{"line":114,"column":21},"end":{"line":114,"column":36}},"loc":{"start":{"line":114,"column":42},"end":{"line":114,"column":55}},"line":114},"19":{"name":"(anonymous_19)","decl":{"start":{"line":115,"column":16},"end":{"line":115,"column":31}},"loc":{"start":{"line":115,"column":37},"end":{"line":115,"column":45}},"line":115},"20":{"name":"(anonymous_20)","decl":{"start":{"line":116,"column":23},"end":{"line":116,"column":38}},"loc":{"start":{"line":116,"column":44},"end":{"line":116,"column":59}},"line":116},"21":{"name":"(anonymous_21)","decl":{"start":{"line":117,"column":26},"end":{"line":117,"column":41}},"loc":{"start":{"line":117,"column":47},"end":{"line":117,"column":65}},"line":117},"22":{"name":"(anonymous_22)","decl":{"start":{"line":118,"column":29},"end":{"line":118,"column":44}},"loc":{"start":{"line":118,"column":50},"end":{"line":118,"column":71}},"line":118},"23":{"name":"(anonymous_23)","decl":{"start":{"line":119,"column":18},"end":{"line":119,"column":33}},"loc":{"start":{"line":119,"column":39},"end":{"line":119,"column":49}},"line":119},"24":{"name":"(anonymous_24)","decl":{"start":{"line":120,"column":21},"end":{"line":120,"column":36}},"loc":{"start":{"line":120,"column":42},"end":{"line":120,"column":55}},"line":120},"25":{"name":"(anonymous_25)","decl":{"start":{"line":121,"column":21},"end":{"line":121,"column":36}},"loc":{"start":{"line":121,"column":42},"end":{"line":121,"column":55}},"line":121},"26":{"name":"(anonymous_26)","decl":{"start":{"line":123,"column":28},"end":{"line":123,"column":null}},"loc":{"start":{"line":125,"column":6},"end":{"line":126,"column":null}},"line":125},"27":{"name":"(anonymous_27)","decl":{"start":{"line":125,"column":17},"end":{"line":125,"column":null}},"loc":{"start":{"line":126,"column":15},"end":{"line":126,"column":null}},"line":126},"28":{"name":"(anonymous_28)","decl":{"start":{"line":131,"column":23},"end":{"line":131,"column":null}},"loc":{"start":{"line":133,"column":6},"end":{"line":133,"column":74}},"line":133},"29":{"name":"(anonymous_29)","decl":{"start":{"line":133,"column":12},"end":{"line":133,"column":20}},"loc":{"start":{"line":133,"column":26},"end":{"line":133,"column":74}},"line":133},"30":{"name":"(anonymous_30)","decl":{"start":{"line":137,"column":26},"end":{"line":137,"column":null}},"loc":{"start":{"line":137,"column":26},"end":{"line":138,"column":63}},"line":137},"31":{"name":"(anonymous_31)","decl":{"start":{"line":142,"column":19},"end":{"line":142,"column":33}},"loc":{"start":{"line":142,"column":33},"end":{"line":148,"column":6}},"line":142},"32":{"name":"(anonymous_32)","decl":{"start":{"line":146,"column":40},"end":{"line":146,"column":50}},"loc":{"start":{"line":146,"column":56},"end":{"line":146,"column":71}},"line":146},"33":{"name":"(anonymous_33)","decl":{"start":{"line":161,"column":2},"end":{"line":161,"column":18}},"loc":{"start":{"line":161,"column":18},"end":{"line":164,"column":6}},"line":161},"34":{"name":"(anonymous_34)","decl":{"start":{"line":166,"column":2},"end":{"line":166,"column":18}},"loc":{"start":{"line":166,"column":18},"end":{"line":191,"column":6}},"line":166},"35":{"name":"(anonymous_35)","decl":{"start":{"line":173,"column":10},"end":{"line":173,"column":27}},"loc":{"start":{"line":173,"column":27},"end":{"line":174,"column":null}},"line":173},"36":{"name":"(anonymous_36)","decl":{"start":{"line":178,"column":25},"end":{"line":178,"column":null}},"loc":{"start":{"line":179,"column":19},"end":{"line":184,"column":8}},"line":179},"37":{"name":"(anonymous_37)","decl":{"start":{"line":187,"column":4},"end":{"line":187,"column":17}},"loc":{"start":{"line":187,"column":17},"end":{"line":189,"column":null}},"line":187},"38":{"name":"(anonymous_38)","decl":{"start":{"line":193,"column":25},"end":{"line":193,"column":43}},"loc":{"start":{"line":193,"column":43},"end":{"line":196,"column":7}},"line":193},"39":{"name":"(anonymous_39)","decl":{"start":{"line":198,"column":2},"end":{"line":198,"column":18}},"loc":{"start":{"line":198,"column":18},"end":{"line":206,"column":6}},"line":198},"40":{"name":"(anonymous_40)","decl":{"start":{"line":199,"column":10},"end":{"line":199,"column":27}},"loc":{"start":{"line":199,"column":48},"end":{"line":201,"column":null}},"line":199},"41":{"name":"(anonymous_41)","decl":{"start":{"line":205,"column":4},"end":{"line":205,"column":17}},"loc":{"start":{"line":205,"column":17},"end":{"line":205,"column":71}},"line":205},"42":{"name":"(anonymous_42)","decl":{"start":{"line":208,"column":28},"end":{"line":208,"column":null}},"loc":{"start":{"line":209,"column":48},"end":{"line":220,"column":5}},"line":209},"43":{"name":"(anonymous_43)","decl":{"start":{"line":223,"column":33},"end":{"line":223,"column":51}},"loc":{"start":{"line":223,"column":51},"end":{"line":232,"column":null}},"line":223},"44":{"name":"(anonymous_44)","decl":{"start":{"line":225,"column":34},"end":{"line":225,"column":42}},"loc":{"start":{"line":225,"column":48},"end":{"line":225,"column":75}},"line":225},"45":{"name":"(anonymous_45)","decl":{"start":{"line":240,"column":27},"end":{"line":240,"column":41}},"loc":{"start":{"line":240,"column":41},"end":{"line":249,"column":6}},"line":240},"46":{"name":"(anonymous_46)","decl":{"start":{"line":253,"column":37},"end":{"line":253,"column":null}},"loc":{"start":{"line":254,"column":31},"end":{"line":279,"column":null}},"line":254},"47":{"name":"(anonymous_47)","decl":{"start":{"line":267,"column":20},"end":{"line":267,"column":29}},"loc":{"start":{"line":267,"column":35},"end":{"line":267,"column":56}},"line":267},"48":{"name":"(anonymous_48)","decl":{"start":{"line":292,"column":32},"end":{"line":292,"column":50}},"loc":{"start":{"line":292,"column":50},"end":{"line":300,"column":6}},"line":292},"49":{"name":"(anonymous_49)","decl":{"start":{"line":302,"column":22},"end":{"line":302,"column":36}},"loc":{"start":{"line":302,"column":36},"end":{"line":311,"column":6}},"line":302},"50":{"name":"(anonymous_50)","decl":{"start":{"line":313,"column":25},"end":{"line":313,"column":null}},"loc":{"start":{"line":314,"column":22},"end":{"line":331,"column":null}},"line":314},"51":{"name":"(anonymous_51)","decl":{"start":{"line":342,"column":27},"end":{"line":342,"column":45}},"loc":{"start":{"line":342,"column":45},"end":{"line":346,"column":6}},"line":342},"52":{"name":"(anonymous_52)","decl":{"start":{"line":348,"column":26},"end":{"line":348,"column":null}},"loc":{"start":{"line":349,"column":21},"end":{"line":353,"column":5}},"line":349},"53":{"name":"(anonymous_53)","decl":{"start":{"line":356,"column":33},"end":{"line":356,"column":null}},"loc":{"start":{"line":358,"column":6},"end":{"line":358,"column":70}},"line":358},"54":{"name":"(anonymous_54)","decl":{"start":{"line":362,"column":26},"end":{"line":362,"column":null}},"loc":{"start":{"line":363,"column":21},"end":{"line":363,"column":72}},"line":363},"55":{"name":"(anonymous_55)","decl":{"start":{"line":367,"column":34},"end":{"line":367,"column":null}},"loc":{"start":{"line":368,"column":5},"end":{"line":368,"column":76}},"line":368},"56":{"name":"(anonymous_56)","decl":{"start":{"line":372,"column":36},"end":{"line":372,"column":null}},"loc":{"start":{"line":373,"column":29},"end":{"line":379,"column":5}},"line":373},"57":{"name":"(anonymous_57)","decl":{"start":{"line":446,"column":18},"end":{"line":446,"column":33}},"loc":{"start":{"line":446,"column":33},"end":{"line":446,"column":null}},"line":446},"58":{"name":"(anonymous_58)","decl":{"start":{"line":480,"column":20},"end":{"line":480,"column":25}},"loc":{"start":{"line":481,"column":14},"end":{"line":490,"column":null}},"line":481},"59":{"name":"(anonymous_59)","decl":{"start":{"line":489,"column":16},"end":{"line":489,"column":45}},"loc":{"start":{"line":489,"column":45},"end":{"line":489,"column":null}},"line":489},"60":{"name":"(anonymous_60)","decl":{"start":{"line":496,"column":12},"end":{"line":496,"column":27}},"loc":{"start":{"line":496,"column":27},"end":{"line":496,"column":null}},"line":496},"61":{"name":"ChapterReader","decl":{"start":{"line":505,"column":16},"end":{"line":505,"column":32}},"loc":{"start":{"line":505,"column":32},"end":{"line":537,"column":null}},"line":505}},"branchMap":{"0":{"loc":{"start":{"line":21,"column":4},"end":{"line":27,"column":null}},"type":"if","locations":[{"start":{"line":21,"column":4},"end":{"line":27,"column":null}},{"start":{},"end":{}}],"line":21},"1":{"loc":{"start":{"line":22,"column":6},"end":{"line":25,"column":null}},"type":"binary-expr","locations":[{"start":{"line":22,"column":6},"end":{"line":22,"column":null}},{"start":{"line":23,"column":6},"end":{"line":23,"column":null}},{"start":{"line":24,"column":6},"end":{"line":24,"column":null}},{"start":{"line":25,"column":6},"end":{"line":25,"column":null}}],"line":22},"2":{"loc":{"start":{"line":41,"column":4},"end":{"line":47,"column":null}},"type":"binary-expr","locations":[{"start":{"line":41,"column":4},"end":{"line":46,"column":null}},{"start":{"line":47,"column":9},"end":{"line":47,"column":null}}],"line":41},"3":{"loc":{"start":{"line":43,"column":8},"end":{"line":46,"column":null}},"type":"binary-expr","locations":[{"start":{"line":43,"column":8},"end":{"line":43,"column":null}},{"start":{"line":44,"column":8},"end":{"line":44,"column":null}},{"start":{"line":45,"column":8},"end":{"line":45,"column":null}},{"start":{"line":46,"column":8},"end":{"line":46,"column":null}}],"line":43},"4":{"loc":{"start":{"line":60,"column":6},"end":{"line":62,"column":null}},"type":"binary-expr","locations":[{"start":{"line":60,"column":6},"end":{"line":60,"column":null}},{"start":{"line":61,"column":6},"end":{"line":61,"column":null}},{"start":{"line":62,"column":6},"end":{"lin
[...]
umn":null}},"10":{"start":{"line":40,"column":23},"end":{"line":40,"column":null}},"11":{"start":{"line":41,"column":8},"end":{"line":42,"column":null}},"12":{"start":{"line":42,"column":10},"end":{"line":42,"column":null}},"13":{"start":{"line":42,"column":38},"end":{"line":42,"column":null}},"14":{"start":{"line":44,"column":8},"end":{"line":44,"column":null}},"15":{"start":{"line":48,"column":14},"end":{"line":48,"column":40}},"16":{"start":{"line":49,"column":8},"end":{"line":49,"column":null}},"17":{"start":{"line":55,"column":8},"end":{"line":62,"column":null}},"18":{"start":{"line":56,"column":10},"end":{"line":56,"column":null}},"19":{"start":{"line":58,"column":10},"end":{"line":62,"column":null}},"20":{"start":{"line":59,"column":27},"end":{"line":59,"column":null}},"21":{"start":{"line":65,"column":30},"end":{"line":66,"column":null}},"22":{"start":{"line":69,"column":18},"end":{"line":69,"column":null}},"23":{"start":{"line":70,"column":8},"end":{"line":73,"column":null}}},"fnMap":{"0":{"name":"chapterKey","decl":{"start":{"line":18,"column":9},"end":{"line":18,"column":20}},"loc":{"start":{"line":18,"column":61},"end":{"line":19,"column":null}},"line":18},"1":{"name":"(anonymous_1)","decl":{"start":{"line":23,"column":2},"end":{"line":23,"column":null}},"loc":{"start":{"line":24,"column":19},"end":{"line":51,"column":null}},"line":24},"2":{"name":"(anonymous_2)","decl":{"start":{"line":27,"column":6},"end":{"line":27,"column":26}},"loc":{"start":{"line":28,"column":8},"end":{"line":32,"column":null}},"line":28},"3":{"name":"(anonymous_3)","decl":{"start":{"line":28,"column":8},"end":{"line":28,"column":13}},"loc":{"start":{"line":28,"column":23},"end":{"line":32,"column":null}},"line":28},"4":{"name":"(anonymous_4)","decl":{"start":{"line":34,"column":6},"end":{"line":34,"column":22}},"loc":{"start":{"line":35,"column":8},"end":{"line":35,"column":59}},"line":35},"5":{"name":"(anonymous_5)","decl":{"start":{"line":37,"column":6},"end":{"line":37,"column":24}},"loc":{"start":{"line":37,"column":35},"end":{"line":44,"column":null}},"line":37},"6":{"name":"(anonymous_6)","decl":{"start":{"line":47,"column":6},"end":{"line":47,"column":32}},"loc":{"start":{"line":47,"column":32},"end":{"line":49,"column":null}},"line":47},"7":{"name":"(anonymous_7)","decl":{"start":{"line":54,"column":15},"end":{"line":54,"column":39}},"loc":{"start":{"line":54,"column":39},"end":{"line":64,"column":null}},"line":54},"8":{"name":"(anonymous_8)","decl":{"start":{"line":59,"column":12},"end":{"line":59,"column":27}},"loc":{"start":{"line":59,"column":27},"end":{"line":59,"column":null}},"line":59},"9":{"name":"(anonymous_9)","decl":{"start":{"line":60,"column":12},"end":{"line":60,"column":27}},"loc":{"start":{"line":60,"column":27},"end":{"line":60,"column":null}},"line":60},"10":{"name":"(anonymous_10)","decl":{"start":{"line":61,"column":12},"end":{"line":61,"column":30}},"loc":{"start":{"line":61,"column":30},"end":{"line":61,"column":null}},"line":61},"11":{"name":"(anonymous_11)","decl":{"start":{"line":65,"column":6},"end":{"line":65,"column":19}},"loc":{"start":{"line":65,"column":30},"end":{"line":66,"column":null}},"line":65},"12":{"name":"(anonymous_12)","decl":{"start":{"line":68,"column":6},"end":{"line":68,"column":14}},"loc":{"start":{"line":68,"column":37},"end":{"line":73,"column":null}},"line":68}},"branchMap":{"0":{"loc":{"start":{"line":42,"column":10},"end":{"line":42,"column":null}},"type":"if","locations":[{"start":{"line":42,"column":10},"end":{"line":42,"column":null}},{"start":{},"end":{}}],"line":42},"1":{"loc":{"start":{"line":72,"column":32},"end":{"line":72,"column":53}},"type":"binary-expr","locations":[{"start":{"line":72,"column":32},"end":{"line":72,"column":51}},{"start":{"line":72,"column":51},"end":{"line":72,"column":53}}],"line":72}},"s":{"0":505,"1":15,"2":15,"3":128,"4":128,"5":128,"6":128,"7":377,"8":203,"9":203,"10":203,"11":203,"12":391,"13":65,"14":203,"15":11,"16":11,"17":15,"18":15,"19":0,"20":0,"21":357,"22":15,"23":15},"f":{"0":505,"1":15,"2":128,"3":128,"4":377,"5":203,"6":11,"7":15,"8":0,"9":0,"10":0,"11":357,"12":15},"b":{"0":[65,326],"1":[15,15]},"meta":{"lastBranch":2,"lastFunction":13,"lastStatement":24,"seen":{"f:18:9:18:20":0,"s:19:2:19:Infinity":0,"s:22:13:76:Infinity":1,"f:23:2:23:Infinity":1,"s:24:19:51:Infinity":2,"f:27:6:27:26":2,"s:28:8:32:Infinity":3,"f:28:8:28:13":3,"s:29:23:29:50":4,"s:30:10:30:Infinity":5,"s:31:10:31:Infinity":6,"f:34:6:34:22":4,"s:35:8:35:59":7,"f:37:6:37:24":5,"s:38:14:38:46":8,"s:39:19:39:Infinity":9,"s:40:23:40:Infinity":10,"s:41:8:42:Infinity":11,"b:42:10:42:Infinity:undefined:undefined:undefined:undefined":0,"s:42:10:42:Infinity":12,"s:42:38:42:Infinity":13,"s:44:8:44:Infinity":14,"f:47:6:47:32":6,"s:48:14:48:40":15,"s:49:8:49:Infinity":16,"f:54:15:54:39":7,"s:55:8:62:Infinity":17,"s:56:10:56:Infinity":18,"s:58:10:62:Infinity":19,"f:59:12:59:27":8,"s:59:27:59:Infinity":20,"f:60:12:60:27":9,"f:61:12:61:30":10,"f:65:6:65:19":11,"s:65:30:66:Infinity":21,"f:68:6:68:14":12,"s:69:18:69:Infinity":22,"s:70:8:73:Infinity":23,"b:72:32:72:51:72:51:72:53":1}}}
,"/home/eduardo/workspaces/ws-react/my-bible-app/src/stores/studyStore.ts": {"path":"/home/eduardo/workspaces/ws-react/my-bible-app/src/stores/studyStore.ts","statementMap":{"0":{"start":{"line":26,"column":2},"end":{"line":26,"column":null}},"1":{"start":{"line":29,"column":13},"end":{"line":110,"column":null}},"2":{"start":{"line":31,"column":14},"end":{"line":95,"column":null}},"3":{"start":{"line":37,"column":8},"end":{"line":42,"column":11}},"4":{"start":{"line":37,"column":24},"end":{"line":41,"column":null}},"5":{"start":{"line":45,"column":8},"end":{"line":47,"column":11}},"6":{"start":{"line":45,"column":24},"end":{"line":46,"column":null}},"7":{"start":{"line":46,"column":53},"end":{"line":46,"column":65}},"8":{"start":{"line":50,"column":8},"end":{"line":54,"column":11}},"9":{"start":{"line":50,"column":24},"end":{"line":53,"column":null}},"10":{"start":{"line":52,"column":12},"end":{"line":52,"column":null}},"11":{"start":{"line":57,"column":8},"end":{"line":62,"column":11}},"12":{"start":{"line":57,"column":24},"end":{"line":61,"column":null}},"13":{"start":{"line":65,"column":8},"end":{"line":69,"column":11}},"14":{"start":{"line":65,"column":24},"end":{"line":68,"column":null}},"15":{"start":{"line":67,"column":12},"end":{"line":67,"column":null}},"16":{"start":{"line":72,"column":8},"end":{"line":74,"column":11}},"17":{"start":{"line":72,"column":24},"end":{"line":73,"column":null}},"18":{"start":{"line":73,"column":43},"end":{"line":73,"column":55}},"19":{"start":{"line":77,"column":8},"end":{"line":82,"column":11}},"20":{"start":{"line":77,"column":24},"end":{"line":81,"column":null}},"21":{"start":{"line":85,"column":8},"end":{"line":87,"column":11}},"22":{"start":{"line":85,"column":24},"end":{"line":86,"column":null}},"23":{"start":{"line":86,"column":51},"end":{"line":86,"column":63}},"24":{"start":{"line":90,"column":8},"end":{"line":94,"column":null}},"25":{"start":{"line":90,"column":24},"end":{"line":93,"column":null}},"26":{"start":{"line":92,"column":12},"end":{"line":92,"column":null}},"27":{"start":{"line":99,"column":8},"end":{"line":106,"column":null}},"28":{"start":{"line":100,"column":10},"end":{"line":100,"column":null}},"29":{"start":{"line":102,"column":10},"end":{"line":106,"column":null}},"30":{"start":{"line":103,"column":27},"end":{"line":103,"column":null}}},"fnMap":{"0":{"name":"generateId","decl":{"start":{"line":25,"column":9},"end":{"line":25,"column":30}},"loc":{"start":{"line":25,"column":30},"end":{"line":26,"column":null}},"line":25},"1":{"name":"(anonymous_1)","decl":{"start":{"line":30,"column":2},"end":{"line":30,"column":null}},"loc":{"start":{"line":31,"column":14},"end":{"line":95,"column":null}},"line":31},"2":{"name":"(anonymous_2)","decl":{"start":{"line":36,"column":6},"end":{"line":36,"column":21}},"loc":{"start":{"line":37,"column":8},"end":{"line":42,"column":11}},"line":37},"3":{"name":"(anonymous_3)","decl":{"start":{"line":37,"column":8},"end":{"line":37,"column":13}},"loc":{"start":{"line":37,"column":24},"end":{"line":41,"column":null}},"line":37},"4":{"name":"(anonymous_4)","decl":{"start":{"line":44,"column":6},"end":{"line":44,"column":24}},"loc":{"start":{"line":45,"column":8},"end":{"line":47,"column":11}},"line":45},"5":{"name":"(anonymous_5)","decl":{"start":{"line":45,"column":8},"end":{"line":45,"column":13}},"loc":{"start":{"line":45,"column":24},"end":{"line":46,"column":null}},"line":45},"6":{"name":"(anonymous_6)","decl":{"start":{"line":46,"column":39},"end":{"line":46,"column":47}},"loc":{"start":{"line":46,"column":53},"end":{"line":46,"column":65}},"line":46},"7":{"name":"(anonymous_7)","decl":{"start":{"line":49,"column":6},"end":{"line":49,"column":27}},"loc":{"start":{"line":50,"column":8},"end":{"line":54,"column":11}},"line":50},"8":{"name":"(anonymous_8)","decl":{"start":{"line":50,"column":8},"end":{"line":50,"column":13}},"loc":{"start":{"line":50,"column":24},"end":{"line":53,"column":null}},"line":50},"9":{"name":"(anonymous_9)","decl":{"start":{"line":51,"column":39},"end":{"line":51,"column":44}},"loc":{"start":{"line":52,"column":12},"end":{"line":52,"column":null}},"line":52},"10":{"name":"(anonymous_10)","decl":{"start":{"line":56,"column":6},"end":{"line":56,"column":16}},"loc":{"start":{"line":57,"column":8},"end":{"line":62,"column":11}},"line":57},"11":{"name":"(anonymous_11)","decl":{"start":{"line":57,"column":8},"end":{"line":57,"column":13}},"loc":{"start":{"line":57,"column":24},"end":{"line":61,"column":null}},"line":57},"12":{"name":"(anonymous_12)","decl":{"start":{"line":64,"column":6},"end":{"line":64,"column":19}},"loc":{"start":{"line":65,"column":8},"end":{"line":69,"column":11}},"line":65},"13":{"name":"(anonymous_13)","decl":{"start":{"line":65,"column":8},"end":{"line":65,"column":13}},"loc":{"start":{"line":65,"column":24},"end":{"line":68,"column":null}},"line":65},"14":{"name":"(anonymous_14)","decl":{"start":{"line":66,"column":29},"end":{"line":66,"column":34}},"loc":{"start":{"line":67,"column":12},"end":{"line":67,"column":null}},"line":67},"15":{"name":"(anonymous_15)","decl":{"start":{"line":71,"column":6},"end":{"line":71,"column":19}},"loc":{"start":{"line":72,"column":8},"end":{"line":74,"column":11}},"line":72},"16":{"name":"(anonymous_16)","decl":{"start":{"line":72,"column":8},"end":{"line":72,"column":13}},"loc":{"start":{"line":72,"column":24},"end":{"line":73,"column":null}},"line":72},"17":{"name":"(anonymous_17)","decl":{"start":{"line":73,"column":29},"end":{"line":73,"column":37}},"loc":{"start":{"line":73,"column":43},"end":{"line":73,"column":55}},"line":73},"18":{"name":"(anonymous_18)","decl":{"start":{"line":76,"column":6},"end":{"line":76,"column":20}},"loc":{"start":{"line":77,"column":8},"end":{"line":82,"column":11}},"line":77},"19":{"name":"(anonymous_19)","decl":{"start":{"line":77,"column":8},"end":{"line":77,"column":13}},"loc":{"start":{"line":77,"column":24},"end":{"line":81,"column":null}},"line":77},"20":{"name":"(anonymous_20)","decl":{"start":{"line":84,"column":6},"end":{"line":84,"column":23}},"loc":{"start":{"line":85,"column":8},"end":{"line":87,"column":11}},"line":85},"21":{"name":"(anonymous_21)","decl":{"start":{"line":85,"column":8},"end":{"line":85,"column":13}},"loc":{"start":{"line":85,"column":24},"end":{"line":86,"column":null}},"line":85},"22":{"name":"(anonymous_22)","decl":{"start":{"line":86,"column":37},"end":{"line":86,"column":45}},"loc":{"start":{"line":86,"column":51},"end":{"line":86,"column":63}},"line":86},"23":{"name":"(anonymous_23)","decl":{"start":{"line":89,"column":6},"end":{"line":89,"column":28}},"loc":{"start":{"line":90,"column":8},"end":{"line":94,"column":null}},"line":90},"24":{"name":"(anonymous_24)","decl":{"start":{"line":90,"column":8},"end":{"line":90,"column":13}},"loc":{"start":{"line":90,"column":24},"end":{"line":93,"column":null}},"line":90},"25":{"name":"(anonymous_25)","decl":{"start":{"line":91,"column":37},"end":{"line":91,"column":42}},"loc":{"start":{"line":92,"column":12},"end":{"line":92,"column":null}},"line":92},"26":{"name":"(anonymous_26)","decl":{"start":{"line":98,"column":15},"end":{"line":98,"column":39}},"loc":{"start":{"line":98,"column":39},"end":{"line":106,"column":null}},"line":98},"27":{"name":"(anonymous_27)","decl":{"start":{"line":103,"column":12},"end":{"line":103,"column":27}},"loc":{"start":{"line":103,"column":27},"end":{"line":103,"column":null}},"line":103},"28":{"name":"(anonymous_28)","decl":{"start":{"line":104,"column":12},"end":{"line":104,"column":27}},"loc":{"start":{"line":104,"column":27},"end":{"line":104,"column":null}},"line":104},"29":{"name":"(anonymous_29)","decl":{"start":{"line":105,"column":12},"end":{"line":105,"column":30}},"loc":{"start":{"line":105,"column":30},"end":{"line":105,"column":null}},"line":105}},"branchMap":{"0":{"loc":{"start":{"line":52,"column":12},"end":{"line":52,"column":null}},"type":"cond-expr","locations":[{"start":{"line":52,"column":26},"end":{"line":52,"column":44}},{"start":{"line":52,"column":44},"end":{"line":52,"column":null}}],"line":52},"1":{"loc":{"start":{"line":67,"column":12},"end":{"line":67,"column":null}},"type":"cond-expr","locations":[{"start":{"line":67,"column":26},"end":{"line":67,"column":66}},{"start":{"line":67,"column":66},"end":{"line":67,"column":null}}],"line":67},"2":{"loc":{"start":{"line":92,"column":12},"end":{"line":92,"column":null}},"type":"cond-expr","locations":[{"start":{"line":92,"column":26},"end":{"line":92,"column":44}},{"start":{"line":92,"column":44},"end":{"line":92,"column":null}}],"line":92}},"s":{"0":67,"1":15,"2":15,"3":17,"4":17,"5":3,"6":3,"7":3,"8":3,"9":3,"10":3,"11":23,"12":23,"13":4,"14":4,"15":4,"16":4,"17":4,"18":4,"19":27,"20":27,"21":5,"22":5,"23":5,"24":1,"25":1,"26":1,"27":15,"28":15,"29":0,"30":0},"f":{"0":67,"1":15,"2":17,"3":17,"4":3,"5":3,"6":3,"7":3,"8":3,"9":3,"10":23,"11":23,"12":4,"13":4,"14":4,"15":4,"16":4,"17":4,"18":27,"19":27,"20":5,"21":5,"22":5,"23":1,"24":1,"25":1,"26":15,"27":0,"28":0,"29":0},"b":{"0":[3,0],"1":[4,0],"2":[1,0]},"meta":{"lastBranch":3,"lastFunction":30,"lastStatement":31,"seen":{"f:25:9:25:30":0,"s:26:2:26:Infinity":0,"s:29:13:110:Infinity":1,"f:30:2:30:Infinity":1,"s:31:14:95:Infinity":2,"f:36:6:36:21":2,"s:37:8:42:11":3,"f:37:8:37:13":3,"s:37:24:41:Infinity":4,"f:44:6:44:24":4,"s:45:8:47:11":5,"f:45:8:45:13":5,"s:45:24:46:Infinity":6,"f:46:39:46:47":6,"s:46:53:46:65":7,"f:49:6:49:27":7,"s:50:8:54:11":8,"f:50:8:50:13":8,"s:50:24:53:Infinity":9,"f:51:39:51:44":9,"s:52:12:52:Infinity":10,"b:52:26:52:44:52:44:52:Infinity":0,"f:56:6:56:16":10,"s:57:8:62:11":11,"f:57:8:57:13":11,"s:57:24:61:Infinity":12,"f:64:6:64:19":12,"s:65:8:69:11":13,"f:65:8:65:13":13,"s:65:24:68:Infinity":14,"f:66:29:66:34":14,"s:67:12:67:Infinity":15,"b:67:26:67:66:67:66:67:Infinity":1,"f:71:6:71:19":15,"s:72:8:74:11":16,"f:72:8:72:13":16,"s:72:24:73:Infinity":17,"f:73:29:73:37":17,"s:73:43:73:55":18,"f:76:6:76:20":18,"s:77:8:82:11":19,"f:77:8:77:13":19,"s:77:24:81:Infinity":20,"f:84:6:84:23":20,"s:85:8:87:11":21,"f:85:8:85:13":21,"s:85:24:86:Infinity":22,"f:86:37:86:45":22,"s:86:51:86:63":23,"f:89:6:89:28":23,"s:90:8:94:Infinity":24,"f:90:8:90:13":24,"s:90:24:93:Infinity":25,"f:91:37:91:42":25,"s:92:12:92:Infinity":26,"b:92:26:92:44:92:44:92:Infinity":2,"f:98:15:98:39":26,"s:99:8:106:Infinity":27,"s:100:10:100:Infinity":28,"s:102:10:106:Infinity":29,"f:103:12:103:27":27,"s:103:27:103:Infinity":30,"f:104:12:104:27":28,"f:105:12:105:30":29}}}
,"/home/eduardo/workspaces/ws-react/my-bible-app/src/stores/themeStore.ts": {"path":"/home/eduardo/workspaces/ws-react/my-bible-app/src/stores/themeStore.ts","statementMap":{"0":{"start":{"line":19,"column":2},"end":{"line":19,"column":null}},"1":{"start":{"line":19,"column":37},"end":{"line":19,"column":null}},"2":{"start":{"line":20,"column":2},"end":{"line":22,"column":null}},"3":{"start":{"line":26,"column":2},"end":{"line":26,"column":null}},"4":{"start":{"line":26,"column":31},"end":{"line":26,"column":null}},"5":{"start":{"line":27,"column":2},"end":{"line":27,"column":null}},"6":{"start":{"line":30,"column":13},"end":{"line":53,"column":null}},"7":{"start":{"line":32,"column":19},"end":{"line":38,"column":null}},"8":{"start":{"line":35,"column":27},"end":{"line":35,"column":53}},"9":{"start":{"line":37,"column":30},"end":{"line":37,"column":null}},"10":{"start":{"line":42,"column":8},"end":{"line":49,"column":null}},"11":{"start":{"line":43,"column":10},"end":{"line":43,"column":null}},"12":{"start":{"line":45,"column":10},"end":{"line":49,"column":null}},"13":{"start":{"line":46,"column":27},"end":{"line":46,"column":null}}},"fnMap":{"0":{"name":"getSystemTheme","decl":{"start":{"line":18,"column":9},"end":{"line":18,"column":41}},"loc":{"start":{"line":18,"column":41},"end":{"line":22,"column":null}},"line":18},"1":{"name":"resolveTheme","decl":{"start":{"line":25,"column":9},"end":{"line":25,"column":22}},"loc":{"start":{"line":25,"column":66},"end":{"line":27,"column":null}},"line":25},"2":{"name":"(anonymous_2)","decl":{"start":{"line":31,"column":2},"end":{"line":31,"column":null}},"loc":{"start":{"line":32,"column":19},"end":{"line":38,"column":null}},"line":32},"3":{"name":"(anonymous_3)","decl":{"start":{"line":35,"column":6},"end":{"line":35,"column":17}},"loc":{"start":{"line":35,"column":27},"end":{"line":35,"column":53}},"line":35},"4":{"name":"(anonymous_4)","decl":{"start":{"line":37,"column":6},"end":{"line":37,"column":30}},"loc":{"start":{"line":37,"column":30},"end":{"line":37,"column":null}},"line":37},"5":{"name":"(anonymous_5)","decl":{"start":{"line":41,"column":15},"end":{"line":41,"column":39}},"loc":{"start":{"line":41,"column":39},"end":{"line":49,"column":null}},"line":41},"6":{"name":"(anonymous_6)","decl":{"start":{"line":46,"column":12},"end":{"line":46,"column":27}},"loc":{"start":{"line":46,"column":27},"end":{"line":46,"column":null}},"line":46},"7":{"name":"(anonymous_7)","decl":{"start":{"line":47,"column":12},"end":{"line":47,"column":27}},"loc":{"start":{"line":47,"column":27},"end":{"line":47,"column":null}},"line":47},"8":{"name":"(anonymous_8)","decl":{"start":{"line":48,"column":12},"end":{"line":48,"column":30}},"loc":{"start":{"line":48,"column":30},"end":{"line":48,"column":null}},"line":48}},"branchMap":{"0":{"loc":{"start":{"line":19,"column":2},"end":{"line":19,"column":null}},"type":"if","locations":[{"start":{"line":19,"column":2},"end":{"line":19,"column":null}},{"start":{},"end":{}}],"line":19},"1":{"loc":{"start":{"line":20,"column":9},"end":{"line":22,"column":null}},"type":"cond-expr","locations":[{"start":{"line":21,"column":6},"end":{"line":21,"column":null}},{"start":{"line":22,"column":6},"end":{"line":22,"column":null}}],"line":20},"2":{"loc":{"start":{"line":26,"column":2},"end":{"line":26,"column":null}},"type":"if","locations":[{"start":{"line":26,"column":2},"end":{"line":26,"column":null}},{"start":{},"end":{}}],"line":26}},"s":{"0":5,"1":0,"2":5,"3":20,"4":5,"5":15,"6":15,"7":15,"8":34,"9":20,"10":15,"11":15,"12":0,"13":0},"f":{"0":5,"1":20,"2":15,"3":34,"4":20,"5":15,"6":0,"7":0,"8":0},"b":{"0":[0,5],"1":[2,3],"2":[5,15]},"meta":{"lastBranch":3,"lastFunction":9,"lastStatement":14,"seen":{"f:18:9:18:41":0,"b:19:2:19:Infinity:undefined:undefined:undefined:undefined":0,"s:19:2:19:Infinity":0,"s:19:37:19:Infinity":1,"s:20:2:22:Infinity":2,"b:21:6:21:Infinity:22:6:22:Infinity":1,"f:25:9:25:22":1,"b:26:2:26:Infinity:undefined:undefined:undefined:undefined":2,"s:26:2:26:Infinity":3,"s:26:31:26:Infinity":4,"s:27:2:27:Infinity":5,"s:30:13:53:Infinity":6,"f:31:2:31:Infinity":2,"s:32:19:38:Infinity":7,"f:35:6:35:17":3,"s:35:27:35:53":8,"f:37:6:37:30":4,"s:37:30:37:Infinity":9,"f:41:15:41:39":5,"s:42:8:49:Infinity":10,"s:43:10:43:Infinity":11,"s:45:10:49:Infinity":12,"f:46:12:46:27":6,"s:46:27:46:Infinity":13,"f:47:12:47:27":7,"f:48:12:48:30":8}}}
}
