{"/home/eduardo/workspaces/ws-react/my-bible-app/src/App.tsx": {"path":"/home/eduardo/workspaces/ws-react/my-bible-app/src/App.tsx","statementMap":{"0":{"start":{"line":2,"column":2},"end":{"line":2,"column":null}}},"fnMap":{"0":{"name":"App","decl":{"start":{"line":1,"column":24},"end":{"line":1,"column":30}},"loc":{"start":{"line":1,"column":30},"end":{"line":2,"column":null}},"line":1}},"branchMap":{},"s":{"0":0},"f":{"0":0},"b":{},"meta":{"lastBranch":0,"lastFunction":1,"lastStatement":1,"seen":{"f:1:24:1:30":0,"s:2:2:2:Infinity":0}}}
,"/home/eduardo/workspaces/ws-react/my-bible-app/src/components/pages.tsx": {"path":"/home/eduardo/workspaces/ws-react/my-bible-app/src/components/pages.tsx","statementMap":{"0":{"start":{"line":11,"column":8},"end":{"line":11,"column":32}},"1":{"start":{"line":12,"column":8},"end":{"line":12,"column":47}},"2":{"start":{"line":12,"column":38},"end":{"line":12,"column":47}},"3":{"start":{"line":13,"column":8},"end":{"line":13,"column":49}},"4":{"start":{"line":13,"column":39},"end":{"line":13,"column":49}},"5":{"start":{"line":15,"column":2},"end":{"line":23,"column":null}},"6":{"start":{"line":16,"column":4},"end":{"line":21,"column":null}},"7":{"start":{"line":17,"column":6},"end":{"line":17,"column":null}},"8":{"start":{"line":18,"column":15},"end":{"line":21,"column":null}},"9":{"start":{"line":19,"column":6},"end":{"line":19,"column":null}},"10":{"start":{"line":21,"column":6},"end":{"line":21,"column":null}},"11":{"start":{"line":25,"column":2},"end":{"line":25,"column":null}},"12":{"start":{"line":29,"column":10},"end":{"line":29,"column":52}},"13":{"start":{"line":30,"column":15},"end":{"line":30,"column":null}},"14":{"start":{"line":32,"column":2},"end":{"line":36,"column":null}},"15":{"start":{"line":33,"column":4},"end":{"line":36,"column":null}},"16":{"start":{"line":40,"column":25},"end":{"line":40,"column":null}},"17":{"start":{"line":42,"column":2},"end":{"line":48,"column":null}},"18":{"start":{"line":54,"column":2},"end":{"line":54,"column":null}},"19":{"start":{"line":58,"column":2},"end":{"line":58,"column":null}},"20":{"start":{"line":62,"column":2},"end":{"line":65,"column":null}},"21":{"start":{"line":71,"column":2},"end":{"line":74,"column":null}}},"fnMap":{"0":{"name":"RootRedirect","decl":{"start":{"line":10,"column":16},"end":{"line":10,"column":31}},"loc":{"start":{"line":10,"column":31},"end":{"line":25,"column":null}},"line":10},"1":{"name":"(anonymous_1)","decl":{"start":{"line":12,"column":17},"end":{"line":12,"column":32}},"loc":{"start":{"line":12,"column":38},"end":{"line":12,"column":47}},"line":12},"2":{"name":"(anonymous_2)","decl":{"start":{"line":13,"column":18},"end":{"line":13,"column":33}},"loc":{"start":{"line":13,"column":39},"end":{"line":13,"column":49}},"line":13},"3":{"name":"(anonymous_3)","decl":{"start":{"line":15,"column":2},"end":{"line":15,"column":18}},"loc":{"start":{"line":15,"column":18},"end":{"line":23,"column":6}},"line":15},"4":{"name":"ChapterSelectionPage","decl":{"start":{"line":28,"column":16},"end":{"line":28,"column":39}},"loc":{"start":{"line":28,"column":39},"end":{"line":48,"column":null}},"line":28},"5":{"name":"ChapterPage","decl":{"start":{"line":53,"column":16},"end":{"line":53,"column":30}},"loc":{"start":{"line":53,"column":30},"end":{"line":54,"column":null}},"line":53},"6":{"name":"ProgressPage","decl":{"start":{"line":57,"column":16},"end":{"line":57,"column":31}},"loc":{"start":{"line":57,"column":31},"end":{"line":58,"column":null}},"line":57},"7":{"name":"BookmarksPage","decl":{"start":{"line":61,"column":16},"end":{"line":61,"column":32}},"loc":{"start":{"line":61,"column":32},"end":{"line":65,"column":null}},"line":61},"8":{"name":"NotesPage","decl":{"start":{"line":70,"column":16},"end":{"line":70,"column":28}},"loc":{"start":{"line":70,"column":28},"end":{"line":74,"column":null}},"line":70}},"branchMap":{"0":{"loc":{"start":{"line":16,"column":4},"end":{"line":21,"column":null}},"type":"if","locations":[{"start":{"line":16,"column":4},"end":{"line":21,"column":null}},{"start":{"line":18,"column":15},"end":{"line":21,"column":null}}],"line":16},"1":{"loc":{"start":{"line":16,"column":8},"end":{"line":16,"column":27}},"type":"binary-expr","locations":[{"start":{"line":16,"column":8},"end":{"line":16,"column":18}},{"start":{"line":16,"column":18},"end":{"line":16,"column":27}}],"line":16},"2":{"loc":{"start":{"line":18,"column":15},"end":{"line":21,"column":null}},"type":"if","locations":[{"start":{"line":18,"column":15},"end":{"line":21,"column":null}},{"start":{"line":20,"column":11},"end":{"line":21,"column":null}}],"line":18},"3":{"loc":{"start":{"line":30,"column":15},"end":{"line":30,"column":null}},"type":"cond-expr","locations":[{"start":{"line":30,"column":15},"end":{"line":30,"column":43}},{"start":{"line":30,"column":46},"end":{"line":30,"column":null}}],"line":30},"4":{"loc":{"start":{"line":32,"column":2},"end":{"line":36,"column":null}},"type":"if","locations":[{"start":{"line":32,"column":2},"end":{"line":36,"column":null}},{"start":{},"end":{}}],"line":32},"5":{"loc":{"start":{"line":40,"column":25},"end":{"line":40,"column":null}},"type":"cond-expr","locations":[{"start":{"line":40,"column":52},"end":{"line":40,"column":74}},{"start":{"line":40,"column":74},"end":{"line":40,"column":null}}],"line":40}},"s":{"0":0,"1":0,"2":0,"3":0,"4":0,"5":0,"6":0,"7":0,"8":0,"9":0,"10":0,"11":0,"12":0,"13":0,"14":0,"15":0,"16":0,"17":0,"18":0,"19":0,"20":0,"21":0},"f":{"0":0,"1":0,"2":0,"3":0,"4":0,"5":0,"6":0,"7":0,"8":0},"b":{"0":[0,0],"1":[0,0],"2":[0,0],"3":[0,0],"4":[0,0],"5":[0,0]},"meta":{"lastBranch":6,"lastFunction":9,"lastStatement":22,"seen":{"f:10:16:10:31":0,"s:11:8:11:32":0,"s:12:8:12:47":1,"f:12:17:12:32":1,"s:12:38:12:47":2,"s:13:8:13:49":3,"f:13:18:13:33":2,"s:13:39:13:49":4,"s:15:2:23:Infinity":5,"f:15:2:15:18":3,"b:16:4:21:Infinity:18:15:21:Infinity":0,"s:16:4:21:Infinity":6,"b:16:8:16:18:16:18:16:27":1,"s:17:6:17:Infinity":7,"b:18:15:21:Infinity:20:11:21:Infinity":2,"s:18:15:21:Infinity":8,"s:19:6:19:Infinity":9,"s:21:6:21:Infinity":10,"s:25:2:25:Infinity":11,"f:28:16:28:39":4,"s:29:10:29:52":12,"s:30:15:30:Infinity":13,"b:30:15:30:43:30:46:30:Infinity":3,"b:32:2:36:Infinity:undefined:undefined:undefined:undefined":4,"s:32:2:36:Infinity":14,"s:33:4:36:Infinity":15,"s:40:25:40:Infinity":16,"b:40:52:40:74:40:74:40:Infinity":5,"s:42:2:48:Infinity":17,"f:53:16:53:30":5,"s:54:2:54:Infinity":18,"f:57:16:57:31":6,"s:58:2:58:Infinity":19,"f:61:16:61:32":7,"s:62:2:65:Infinity":20,"f:70:16:70:28":8,"s:71:2:74:Infinity":21}}}
,"/home/eduardo/workspaces/ws-react/my-bible-app/src/components/layout/AppShell.tsx": {"path":"/home/eduardo/workspaces/ws-react/my-bible-app/src/components/layout/AppShell.tsx","statementMap":{"0":{"start":{"line":9,"column":25},"end":{"line":9,"column":52}},"1":{"start":{"line":10,"column":2},"end":{"line":32,"column":null}},"2":{"start":{"line":37,"column":2},"end":{"line":45,"column":null}},"3":{"start":{"line":50,"column":2},"end":{"line":65,"column":null}},"4":{"start":{"line":71,"column":2},"end":{"line":74,"column":null}}},"fnMap":{"0":{"name":"Sidebar","decl":{"start":{"line":8,"column":9},"end":{"line":8,"column":19}},"loc":{"start":{"line":8,"column":19},"end":{"line":32,"column":null}},"line":8},"1":{"name":"StudyPanelDesktop","decl":{"start":{"line":36,"column":9},"end":{"line":36,"column":29}},"loc":{"start":{"line":36,"column":29},"end":{"line":45,"column":null}},"line":36},"2":{"name":"AppShellInner","decl":{"start":{"line":49,"column":9},"end":{"line":49,"column":25}},"loc":{"start":{"line":49,"column":25},"end":{"line":65,"column":null}},"line":49},"3":{"name":"AppShell","decl":{"start":{"line":70,"column":16},"end":{"line":70,"column":27}},"loc":{"start":{"line":70,"column":27},"end":{"line":74,"column":null}},"line":70}},"branchMap":{"0":{"loc":{"start":{"line":12,"column":7},"end":{"line":20,"column":7}},"type":"binary-expr","locations":[{"start":{"line":12,"column":7},"end":{"line":12,"column":null}},{"start":{"line":13,"column":8},"end":{"line":20,"column":7}}],"line":12},"1":{"loc":{"start":{"line":23,"column":10},"end":{"line":23,"column":null}},"type":"cond-expr","locations":[{"start":{"line":23,"column":19},"end":{"line":23,"column":37}},{"start":{"line":23,"column":37},"end":{"line":23,"column":null}}],"line":23}},"s":{"0":38,"1":38,"2":22,"3":22,"4":22},"f":{"0":38,"1":22,"2":22,"3":22},"b":{"0":[38,9],"1":[9,29]},"meta":{"lastBranch":2,"lastFunction":4,"lastStatement":5,"seen":{"f:8:9:8:19":0,"s:9:25:9:52":0,"s:10:2:32:Infinity":1,"b:12:7:12:Infinity:13:8:20:7":0,"b:23:19:23:37:23:37:23:Infinity":1,"f:36:9:36:29":1,"s:37:2:45:Infinity":2,"f:49:9:49:25":2,"s:50:2:65:Infinity":3,"f:70:16:70:27":3,"s:71:2:74:Infinity":4}}}
,"/home/eduardo/workspaces/ws-react/my-bible-app/src/components/layout/BottomBar.tsx": {"path":"/home/eduardo/workspaces/ws-react/my-bible-app/src/components/layout/BottomBar.tsx","statementMap":{"0":{"start":{"line":5,"column":8},"end":{"line":5,"column":32}},"1":{"start":{"line":6,"column":10},"end":{"line":6,"column":33}},"2":{"start":{"line":7,"column":2},"end":{"line":57,"column":null}},"3":{"start":{"line":25,"column":25},"end":{"line":25,"column":44}},"4":{"start":{"line":36,"column":25},"end":{"line":36,"column":47}},"5":{"start":{"line":46,"column":25},"end":{"line":46,"column":46}}},"fnMap":{"0":{"name":"BottomBar","decl":{"start":{"line":4,"column":16},"end":{"line":4,"column":28}},"loc":{"start":{"line":4,"column":28},"end":{"line":57,"column":null}},"line":4},"1":{"name":"(anonymous_1)","decl":{"start":{"line":25,"column":10},"end":{"line":25,"column":25}},"loc":{"start":{"line":25,"column":25},"end":{"line":25,"column":44}},"line":25},"2":{"name":"(anonymous_2)","decl":{"start":{"line":36,"column":10},"end":{"line":36,"column":25}},"loc":{"start":{"line":36,"column":25},"end":{"line":36,"column":47}},"line":36},"3":{"name":"(anonymous_3)","decl":{"start":{"line":46,"column":10},"end":{"line":46,"column":25}},"loc":{"start":{"line":46,"column":25},"end":{"line":46,"column":46}},"line":46}},"branchMap":{},"s":{"0":44,"1":44,"2":44,"3":0,"4":0,"5":0},"f":{"0":44,"1":0,"2":0,"3":0},"b":{},"meta":{"lastBranch":0,"lastFunction":4,"lastStatement":6,"seen":{"f:4:16:4:28":0,"s:5:8:5:32":0,"s:6:10:6:33":1,"s:7:2:57:Infinity":2,"f:25:10:25:25":1,"s:25:25:25:44":3,"f:36:10:36:25":2,"s:36:25:36:47":4,"f:46:10:46:25":3,"s:46:25:46:46":5}}}
,"/home/eduardo/workspaces/ws-react/my-bible-app/src/components/layout/ErrorBoundary.tsx": {"path":"/home/eduardo/workspaces/ws-react/my-bible-app/src/components/layout/ErrorBoundary.tsx","statementMap":{"0":{"start":{"line":26,"column":2},"end":{"line":27,"column":null}},"1":{"start":{"line":30,"column":2},"end":{"line":36,"column":null}},"2":{"start":{"line":14,"column":4},"end":{"line":14,"column":null}},"3":{"start":{"line":15,"column":4},"end":{"line":15,"column":null}},"4":{"start":{"line":19,"column":4},"end":{"line":19,"column":null}},"5":{"start":{"line":23,"column":4},"end":{"line":23,"column":null}},"6":{"start":{"line":27,"column":4},"end":{"line":27,"column":null}},"7":{"start":{"line":31,"column":4},"end":{"line":33,"column":null}},"8":{"start":{"line":32,"column":6},"end":{"line":32,"column":null}},"9":{"start":{"line":36,"column":4},"end":{"line":36,"column":null}},"10":{"start":{"line":40,"column":4},"end":{"line":75,"column":null}},"11":{"start":{"line":41,"column":6},"end":{"line":75,"column":null}},"12":{"start":{"line":79,"column":4},"end":{"line":79,"column":null}}},"fnMap":{"0":{"name":"(anonymous_0)","decl":{"start":{"line":13,"column":2},"end":{"line":13,"column":14}},"loc":{"start":{"line":13,"column":41},"end":{"line":15,"column":null}},"line":13},"1":{"name":"(anonymous_1)","decl":{"start":{"line":18,"column":9},"end":{"line":18,"column":34}},"loc":{"start":{"line":18,"column":68},"end":{"line":19,"column":null}},"line":18},"2":{"name":"(anonymous_2)","decl":{"start":{"line":22,"column":2},"end":{"line":22,"column":20}},"loc":{"start":{"line":22,"column":56},"end":{"line":23,"column":null}},"line":22},"3":{"name":"(anonymous_3)","decl":{"start":{"line":26,"column":2},"end":{"line":26,"column":23}},"loc":{"start":{"line":26,"column":23},"end":{"line":27,"column":null}},"line":26},"4":{"name":"(anonymous_4)","decl":{"start":{"line":30,"column":2},"end":{"line":30,"column":31}},"loc":{"start":{"line":30,"column":31},"end":{"line":36,"column":null}},"line":30},"5":{"name":"(anonymous_5)","decl":{"start":{"line":39,"column":2},"end":{"line":39,"column":11}},"loc":{"start":{"line":39,"column":11},"end":{"line":79,"column":null}},"line":39}},"branchMap":{"0":{"loc":{"start":{"line":40,"column":4},"end":{"line":75,"column":null}},"type":"if","locations":[{"start":{"line":40,"column":4},"end":{"line":75,"column":null}},{"start":{},"end":{}}],"line":40},"1":{"loc":{"start":{"line":53,"column":13},"end":{"line":55,"column":null}},"type":"binary-expr","locations":[{"start":{"line":53,"column":13},"end":{"line":53,"column":null}},{"start":{"line":54,"column":14},"end":{"line":55,"column":null}}],"line":53}},"s":{"0":1,"1":0,"2":8,"3":8,"4":6,"5":3,"6":1,"7":0,"8":0,"9":0,"10":13,"11":6,"12":7},"f":{"0":8,"1":7,"2":3,"3":1,"4":0,"5":13},"b":{"0":[6,7],"1":[6,6]},"meta":{"lastBranch":2,"lastFunction":6,"lastStatement":13,"seen":{"s:26:2:27:Infinity":0,"s:30:2:36:Infinity":1,"f:13:2:13:14":0,"s:14:4:14:Infinity":2,"s:15:4:15:Infinity":3,"f:18:9:18:34":1,"s:19:4:19:Infinity":4,"f:22:2:22:20":2,"s:23:4:23:Infinity":5,"f:26:2:26:23":3,"s:27:4:27:Infinity":6,"f:30:2:30:31":4,"s:31:4:33:Infinity":7,"s:32:6:32:Infinity":8,"s:36:4:36:Infinity":9,"f:39:2:39:11":5,"b:40:4:75:Infinity:undefined:undefined:undefined:undefined":0,"s:40:4:75:Infinity":10,"s:41:6:75:Infinity":11,"b:53:13:53:Infinity:54:14:55:Infinity":1,"s:79:4:79:Infinity":12}}}
,"/home/eduardo/workspaces/ws-react/my-bible-app/src/components/layout/Header.tsx": {"path":"/home/eduardo/workspaces/ws-react/my-bible-app/src/components/layout/Header.tsx","statementMap":{"0":{"start":{"line":11,"column":8},"end":{"line":11,"column":47}},"1":{"start":{"line":11,"column":38},"end":{"line":11,"column":47}},"2":{"start":{"line":12,"column":8},"end":{"line":12,"column":49}},"3":{"start":{"line":12,"column":39},"end":{"line":12,"column":49}},"4":{"start":{"line":13,"column":8},"end":{"line":13,"column":69}},"5":{"start":{"line":13,"column":49},"end":{"line":13,"column":69}},"6":{"start":{"line":14,"column":8},"end":{"line":14,"column":75}},"7":{"start":{"line":14,"column":52},"end":{"line":14,"column":75}},"8":{"start":{"line":15,"column":10},"end":{"line":15,"column":33}},"9":{"start":{"line":16,"column":8},"end":{"line":16,"column":32}},"10":{"start":{"line":17,"column":8},"end":{"line":17,"column":50}},"11":{"start":{"line":19,"column":8},"end":{"line":23,"column":null}},"12":{"start":{"line":21,"column":6},"end":{"line":21,"column":null}},"13":{"start":{"line":26,"column":8},"end":{"line":50,"column":null}},"14":{"start":{"line":28,"column":20},"end":{"line":28,"column":67}},"15":{"start":{"line":29,"column":6},"end":{"line":29,"column":null}},"16":{"start":{"line":29,"column":18},"end":{"line":29,"column":null}},"17":{"start":{"line":31,"column":22},"end":{"line":31,"column":null}},"18":{"start":{"line":32,"column":6},"end":{"line":43,"column":null}},"19":{"start":{"line":33,"column":8},"end":{"line":33,"column":null}},"20":{"start":{"line":34,"column":8},"end":{"line":34,"column":null}},"21":{"start":{"line":35,"column":17},"end":{"line":43,"column":null}},"22":{"start":{"line":36,"column":8},"end":{"line":36,"column":null}},"23":{"start":{"line":37,"column":8},"end":{"line":37,"column":null}},"24":{"start":{"line":38,"column":17},"end":{"line":43,"column":null}},"25":{"start":{"line":39,"column":8},"end":{"line":39,"column":null}},"26":{"start":{"line":40,"column":8},"end":{"line":40,"column":null}},"27":{"start":{"line":41,"column":17},"end":{"line":43,"column":null}},"28":{"start":{"line":42,"column":8},"end":{"line":42,"column":null}},"29":{"start":{"line":43,"column":8},"end":{"line":43,"column":null}},"30":{"start":{"line":46,"column":6},"end":{"line":47,"column":null}},"31":{"start":{"line":47,"column":9},"end":{"line":47,"column":null}},"32":{"start":{"line":53,"column":2},"end":{"line":144,"column":null}},"33":{"start":{"line":98,"column":27},"end":{"line":98,"column":46}},"34":{"start":{"line":124,"column":31},"end":{"line":124,"column":null}},"35":{"start":{"line":125,"column":14},"end":{"line":138,"column":null}},"36":{"start":{"line":129,"column":33},"end":{"line":129,"column":62}},"37":{"start":{"line":130,"column":36},"end":{"line":130,"column":59}}},"fnMap":{"0":{"name":"Header","decl":{"start":{"line":10,"column":16},"end":{"line":10,"column":25}},"loc":{"start":{"line":10,"column":25},"end":{"line":144,"column":null}},"line":10},"1":{"name":"(anonymous_1)","decl":{"start":{"line":11,"column":17},"end":{"line":11,"column":32}},"loc":{"start":{"line":11,"column":38},"end":{"line":11,"column":47}},"line":11},"2":{"name":"(anonymous_2)","decl":{"start":{"line":12,"column":18},"end":{"line":12,"column":33}},"loc":{"start":{"line":12,"column":39},"end":{"line":12,"column":49}},"line":12},"3":{"name":"(anonymous_3)","decl":{"start":{"line":13,"column":28},"end":{"line":13,"column":43}},"loc":{"start":{"line":13,"column":49},"end":{"line":13,"column":69}},"line":13},"4":{"name":"(anonymous_4)","decl":{"start":{"line":14,"column":31},"end":{"line":14,"column":46}},"loc":{"start":{"line":14,"column":52},"end":{"line":14,"column":75}},"line":14},"5":{"name":"(anonymous_5)","decl":{"start":{"line":19,"column":34},"end":{"line":19,"column":null}},"loc":{"start":{"line":20,"column":27},"end":{"line":23,"column":5}},"line":20},"6":{"name":"(anonymous_6)","decl":{"start":{"line":26,"column":24},"end":{"line":26,"column":null}},"loc":{"start":{"line":27,"column":54},"end":{"line":50,"column":6}},"line":27},"7":{"name":"(anonymous_7)","decl":{"start":{"line":98,"column":12},"end":{"line":98,"column":27}},"loc":{"start":{"line":98,"column":27},"end":{"line":98,"column":46}},"line":98},"8":{"name":"(anonymous_8)","decl":{"start":{"line":123,"column":26},"end":{"line":123,"column":31}},"loc":{"start":{"line":123,"column":44},"end":{"line":138,"column":null}},"line":123},"9":{"name":"(anonymous_9)","decl":{"start":{"line":129,"column":18},"end":{"line":129,"column":33}},"loc":{"start":{"line":129,"column":33},"end":{"line":129,"column":62}},"line":129},"10":{"name":"(anonymous_10)","decl":{"start":{"line":130,"column":18},"end":{"line":130,"column":30}},"loc":{"start":{"line":130,"column":36},"end":{"line":130,"column":59}},"line":130}},"branchMap":{"0":{"loc":{"start":{"line":29,"column":6},"end":{"line":29,"column":null}},"type":"if","locations":[{"start":{"line":29,"column":6},"end":{"line":29,"column":null}},{"start":{},"end":{}}],"line":29},"1":{"loc":{"start":{"line":32,"column":6},"end":{"line":43,"column":null}},"type":"if","locations":[{"start":{"line":32,"column":6},"end":{"line":43,"column":null}},{"start":{"line":35,"column":17},"end":{"line":43,"column":null}}],"line":32},"2":{"loc":{"start":{"line":32,"column":10},"end":{"line":32,"column":59}},"type":"binary-expr","locations":[{"start":{"line":32,"column":10},"end":{"line":32,"column":36}},{"start":{"line":32,"column":36},"end":{"line":32,"column":59}}],"line":32},"3":{"loc":{"start":{"line":35,"column":17},"end":{"line":43,"column":null}},"type":"if","locations":[{"start":{"line":35,"column":17},"end":{"line":43,"column":null}},{"start":{"line":38,"column":17},"end":{"line":43,"column":null}}],"line":35},"4":{"loc":{"start":{"line":35,"column":17},"end":{"line":35,"column":63}},"type":"binary-expr","locations":[{"start":{"line":35,"column":17},"end":{"line":35,"column":42}},{"start":{"line":35,"column":42},"end":{"line":35,"column":63}}],"line":35},"5":{"loc":{"start":{"line":38,"column":17},"end":{"line":43,"column":null}},"type":"if","locations":[{"start":{"line":38,"column":17},"end":{"line":43,"column":null}},{"start":{"line":41,"column":17},"end":{"line":43,"column":null}}],"line":38},"6":{"loc":{"start":{"line":41,"column":17},"end":{"line":43,"column":null}},"type":"if","locations":[{"start":{"line":41,"column":17},"end":{"line":43,"column":null}},{"start":{},"end":{}}],"line":41},"7":{"loc":{"start":{"line":46,"column":6},"end":{"line":47,"column":null}},"type":"if","locations":[{"start":{"line":46,"column":6},"end":{"line":47,"column":null}},{"start":{},"end":{}}],"line":46},"8":{"loc":{"start":{"line":81,"column":13},"end":{"line":91,"column":null}},"type":"cond-expr","locations":[{"start":{"line":82,"column":16},"end":{"line":91,"column":15}},{"start":{"line":91,"column":14},"end":{"line":91,"column":null}}],"line":81},"9":{"loc":{"start":{"line":83,"column":16},"end":{"line":83,"column":62}},"type":"binary-expr","locations":[{"start":{"line":83,"column":16},"end":{"line":83,"column":48}},{"start":{"line":83,"column":48},"end":{"line":83,"column":62}}],"line":83},"10":{"loc":{"start":{"line":84,"column":17},"end":{"line":87,"column":null}},"type":"binary-expr","locations":[{"start":{"line":84,"column":17},"end":{"line":84,"column":null}},{"start":{"line":85,"column":18},"end":{"line":87,"column":null}}],"line":84},"11":{"loc":{"start":{"line":131,"column":37},"end":{"line":131,"column":null}},"type":"cond-expr","locations":[{"start":{"line":131,"column":48},"end":{"line":131,"column":59}},{"start":{"line":131,"column":59},"end":{"line":131,"column":null}}],"line":131},"12":{"loc":{"start":{"line":135,"column":28},"end":{"line":135,"column":null}},"type":"cond-expr","locations":[{"start":{"line":135,"column":39},"end":{"line":135,"column":43}},{"start":{"line":135,"column":43},"end":{"line":135,"column":null}}],"line":135}},"s":{"0":70,"1":234,"2":70,"3":234,"4":70,"5":234,"6":70,"7":234,"8":70,"9":70,"10":70,"11":70,"12":11,"13":70,"14":6,"15":6,"16":0,"17":6,"18":6,"19":1,"20":1,"21":5,"22":1,"23":1,"24":4,"25":1,"26":1,"27":3,"28":1,"29":1,"30":6,"31":4,"32":70,"33":0,"34":210,"35":210,"36":11,"37":6},"f":{"0":70,"1":234,"2":234,"3":234,"4":234,"5":11,"6":6,"7":0,"8":210,"9":11,"10":6},"b":{"0":[0,6],"1":[1,5],"2":[6,5],"3":[1,4],"4":[5,4],"5":[1,3],"6":[1,2],"7":[4,2],"8":[7,63],"9":[7,0],"10":[7,7],"11":[70,140],"12":[70,140]},"meta":{"lastBranch":13,"lastFunction":11,"lastStatement":38,"seen":{"f:10:16:10:25":0,"s:11:8:11:47":0,"f:11:17:11:32":1,"s:11:38:11:47":1,"s:12:8:12:49":2,"f:12:18:12:33":2,"s:12:39:12:49":3,"s:13:8:13:69":4,"f:13:28:13:43":3,"s:13:49:13:69":5,"s:14:8:14:75":6,"f:14:31:14:46":4,"s:14:52:14:75":7,"s:15:10:15:33":8,"s:16:8:16:32":9,"s:17:8:17:50":10,"s:19:8:23:Infinity":11,"f:19:34:19:Infinity":5,"s:21:6:21:Infinity":12,"s:26:8:50:Infinity":13,"f:26:24:26:Infinity":6,"s:28:20:28:67":14,"b:29:6:29:Infinity:undefined:undefined:undefined:undefined":0,"s:29:6:29:Infinity":15,"s:29:18:29:Infinity":16,"s:31:22:31:Infinity":17,"b:32:6:43:Infinity:35:17:43:Infinity":1,"s:32:6:43:Infinity":18,"b:32:10:32:36:32:36:32:59":2,"s:33:8:33:Infinity":19,"s:34:8:34:Infinity":20,"b:35:17:43:Infinity:38:17:43:Infinity":3,"s:35:17:43:Infinity":21,"b:35:17:35:42:35:42:35:63":4,"s:36:8:36:Infinity":22,"s:37:8:37:Infinity":23,"b:38:17:43:Infinity:41:17:43:Infinity":5,"s:38:17:43:Infinity":24,"s:39:8:39:Infinity":25,"s:40:8:40:Infinity":26,"b:41:17:43:Infinity:undefined:undefined:undefined:undefined":6,"s:41:17:43:Infinity":27,"s:42:8:42:Infinity":28,"s:43:8:43:Infinity":29,"b:46:6:47:Infinity:undefined:undefined:undefined:undefined":7,"s:46:6:47:Infinity":30,"s:47:9:47:Infinity":31,"s:53:2:144:Infinity":32,"b:82:16:91:15:91:14:91:Infinity":8,"b:83:16:83:48:83:48:83:62":9,"b:84:17:84:Infinity:85:18:87:Infinity":10,"f:98:12:98:27":7,"s:98:27:98:46":33,"f:123:26:123:31":8,"s:124:31:124:Infinity":34,"s:125:14:138:Infinity":35,"f:129:18:129:33":9,"s:129:33:129:62":36,"f:130:18:130:30":10,"s:130:36:130:59":37,"b:131:48:131:59:131:59:131:Infinity":11,"b:135:39:135:43:135:43:135:Infinity":12}}}
,"/home/eduardo/workspaces/ws-react/my-bible-app/src/components/layout/SidebarContext.tsx": {"path":"/home/eduardo/workspaces/ws-react/my-bible-app/src/components/layout/SidebarContext.tsx","statementMap":{"0":{"start":{"line":12,"column":6},"end":{"line":12,"column":70}},"1":{"start":{"line":15,"column":17},"end":{"line":15,"column":45}},"2":{"start":{"line":16,"column":8},"end":{"line":16,"column":46}},"3":{"start":{"line":17,"column":8},"end":{"line":17,"column":59}},"4":{"start":{"line":19,"column":8},"end":{"line":22,"column":8}},"5":{"start":{"line":20,"column":4},"end":{"line":20,"column":null}},"6":{"start":{"line":21,"column":4},"end":{"line":21,"column":null}},"7":{"start":{"line":24,"column":8},"end":{"line":29,"column":8}},"8":{"start":{"line":25,"column":4},"end":{"line":25,"column":null}},"9":{"start":{"line":26,"column":4},"end":{"line":28,"column":null}},"10":{"start":{"line":27,"column":6},"end":{"line":27,"column":null}},"11":{"start":{"line":31,"column":8},"end":{"line":41,"column":14}},"12":{"start":{"line":32,"column":4},"end":{"line":39,"column":null}},"13":{"start":{"line":33,"column":6},"end":{"line":33,"column":null}},"14":{"start":{"line":34,"column":6},"end":{"line":36,"column":null}},"15":{"start":{"line":35,"column":8},"end":{"line":35,"column":null}},"16":{"start":{"line":38,"column":6},"end":{"line":38,"column":null}},"17":{"start":{"line":39,"column":6},"end":{"line":39,"column":null}},"18":{"start":{"line":43,"column":2},"end":{"line":48,"column":null}},"19":{"start":{"line":44,"column":4},"end":{"line":46,"column":null}},"20":{"start":{"line":45,"column":24},"end":{"line":45,"column":145}},"21":{"start":{"line":46,"column":6},"end":{"line":46,"column":null}},"22":{"start":{"line":50,"column":2},"end":{"line":53,"column":null}},"23":{"start":{"line":59,"column":8},"end":{"line":59,"column":40}},"24":{"start":{"line":60,"column":2},"end":{"line":60,"column":null}},"25":{"start":{"line":60,"column":12},"end":{"line":60,"column":null}},"26":{"start":{"line":61,"column":2},"end":{"line":61,"column":null}}},"fnMap":{"0":{"name":"SidebarProvider","decl":{"start":{"line":14,"column":16},"end":{"line":14,"column":32}},"loc":{"start":{"line":14,"column":71},"end":{"line":53,"column":null}},"line":14},"1":{"name":"(anonymous_1)","decl":{"start":{"line":19,"column":15},"end":{"line":19,"column":33}},"loc":{"start":{"line":19,"column":33},"end":{"line":22,"column":7}},"line":19},"2":{"name":"(anonymous_2)","decl":{"start":{"line":24,"column":16},"end":{"line":24,"column":34}},"loc":{"start":{"line":24,"column":34},"end":{"line":29,"column":7}},"line":24},"3":{"name":"(anonymous_3)","decl":{"start":{"line":26,"column":4},"end":{"line":26,"column":21}},"loc":{"start":{"line":26,"column":21},"end":{"line":28,"column":9}},"line":26},"4":{"name":"(anonymous_4)","decl":{"start":{"line":31,"column":17},"end":{"line":31,"column":35}},"loc":{"start":{"line":31,"column":35},"end":{"line":41,"column":6}},"line":31},"5":{"name":"(anonymous_5)","decl":{"start":{"line":34,"column":6},"end":{"line":34,"column":23}},"loc":{"start":{"line":34,"column":23},"end":{"line":36,"column":11}},"line":34},"6":{"name":"(anonymous_6)","decl":{"start":{"line":43,"column":2},"end":{"line":43,"column":18}},"loc":{"start":{"line":43,"column":18},"end":{"line":48,"column":6}},"line":43},"7":{"name":"useSidebar","decl":{"start":{"line":58,"column":16},"end":{"line":58,"column":29}},"loc":{"start":{"line":58,"column":29},"end":{"line":61,"column":null}},"line":58}},"branchMap":{"0":{"loc":{"start":{"line":32,"column":4},"end":{"line":39,"column":null}},"type":"if","locations":[{"start":{"line":32,"column":4},"end":{"line":39,"column":null}},{"start":{"line":37,"column":11},"end":{"line":39,"column":null}}],"line":32},"1":{"loc":{"start":{"line":44,"column":4},"end":{"line":46,"column":null}},"type":"if","locations":[{"start":{"line":44,"column":4},"end":{"line":46,"column":null}},{"start":{},"end":{}}],"line":44},"2":{"loc":{"start":{"line":44,"column":8},"end":{"line":44,"column":38}},"type":"binary-expr","locations":[{"start":{"line":44,"column":8},"end":{"line":44,"column":18}},{"start":{"line":44,"column":18},"end":{"line":44,"column":38}}],"line":44},"3":{"loc":{"start":{"line":60,"column":2},"end":{"line":60,"column":null}},"type":"if","locations":[{"start":{"line":60,"column":2},"end":{"line":60,"column":null}},{"start":{},"end":{}}],"line":60}},"s":{"0":5,"1":68,"2":68,"3":68,"4":68,"5":0,"6":0,"7":68,"8":8,"9":8,"10":8,"11":68,"12":9,"13":0,"14":0,"15":0,"16":9,"17":9,"18":68,"19":68,"20":9,"21":9,"22":68,"23":3195,"24":3195,"25":0,"26":3195},"f":{"0":68,"1":0,"2":8,"3":8,"4":9,"5":0,"6":68,"7":3195},"b":{"0":[0,9],"1":[9,59],"2":[68,9],"3":[0,3195]},"meta":{"lastBranch":4,"lastFunction":8,"lastStatement":27,"seen":{"s:12:6:12:70":0,"f:14:16:14:32":0,"s:15:17:15:45":1,"s:16:8:16:46":2,"s:17:8:17:59":3,"s:19:8:22:8":4,"f:19:15:19:33":1,"s:20:4:20:Infinity":5,"s:21:4:21:Infinity":6,"s:24:8:29:8":7,"f:24:16:24:34":2,"s:25:4:25:Infinity":8,"s:26:4:28:Infinity":9,"f:26:4:26:21":3,"s:27:6:27:Infinity":10,"s:31:8:41:14":11,"f:31:17:31:35":4,"b:32:4:39:Infinity:37:11:39:Infinity":0,"s:32:4:39:Infinity":12,"s:33:6:33:Infinity":13,"s:34:6:36:Infinity":14,"f:34:6:34:23":5,"s:35:8:35:Infinity":15,"s:38:6:38:Infinity":16,"s:39:6:39:Infinity":17,"s:43:2:48:Infinity":18,"f:43:2:43:18":6,"b:44:4:46:Infinity:undefined:undefined:undefined:undefined":1,"s:44:4:46:Infinity":19,"b:44:8:44:18:44:18:44:38":2,"s:45:24:45:145":20,"s:46:6:46:Infinity":21,"s:50:2:53:Infinity":22,"f:58:16:58:29":7,"s:59:8:59:40":23,"b:60:2:60:Infinity:undefined:undefined:undefined:undefined":3,"s:60:2:60:Infinity":24,"s:60:12:60:Infinity":25,"s:61:2:61:Infinity":26}}}
,"/home/eduardo/workspaces/ws-react/my-bible-app/src/components/layout/ThemeInitializer.tsx": {"path":"/home/eduardo/workspaces/ws-react/my-bible-app/src/components/layout/ThemeInitializer.tsx","statementMap":{"0":{"start":{"line":5,"column":8},"end":{"line":5,"column":55}},"1":{"start":{"line":5,"column":42},"end":{"line":5,"column":55}},"2":{"start":{"line":6,"column":8},"end":{"line":6,"column":67}},"3":{"start":{"line":6,"column":48},"end":{"line":6,"column":67}},"4":{"start":{"line":8,"column":2},"end":{"line":11,"column":null}},"5":{"start":{"line":9,"column":18},"end":{"line":9,"column":36}},"6":{"start":{"line":10,"column":4},"end":{"line":10,"column":null}},"7":{"start":{"line":13,"column":2},"end":{"line":24,"column":null}},"8":{"start":{"line":14,"column":4},"end":{"line":14,"column":null}},"9":{"start":{"line":14,"column":33},"end":{"line":14,"column":null}},"10":{"start":{"line":16,"column":23},"end":{"line":16,"column":72}},"11":{"start":{"line":17,"column":10},"end":{"line":19,"column":null}},"12":{"start":{"line":18,"column":20},"end":{"line":18,"column":63}},"13":{"start":{"line":19,"column":6},"end":{"line":19,"column":null}},"14":{"start":{"line":22,"column":4},"end":{"line":22,"column":null}},"15":{"start":{"line":23,"column":4},"end":{"line":23,"column":null}},"16":{"start":{"line":23,"column":17},"end":{"line":23,"column":71}},"17":{"start":{"line":26,"column":2},"end":{"line":26,"column":null}}},"fnMap":{"0":{"name":"ThemeInitializer","decl":{"start":{"line":4,"column":16},"end":{"line":4,"column":35}},"loc":{"start":{"line":4,"column":35},"end":{"line":26,"column":null}},"line":4},"1":{"name":"(anonymous_1)","decl":{"start":{"line":5,"column":21},"end":{"line":5,"column":36}},"loc":{"start":{"line":5,"column":42},"end":{"line":5,"column":55}},"line":5},"2":{"name":"(anonymous_2)","decl":{"start":{"line":6,"column":27},"end":{"line":6,"column":42}},"loc":{"start":{"line":6,"column":48},"end":{"line":6,"column":67}},"line":6},"3":{"name":"(anonymous_3)","decl":{"start":{"line":8,"column":2},"end":{"line":8,"column":18}},"loc":{"start":{"line":8,"column":18},"end":{"line":11,"column":6}},"line":8},"4":{"name":"(anonymous_4)","decl":{"start":{"line":13,"column":2},"end":{"line":13,"column":18}},"loc":{"start":{"line":13,"column":18},"end":{"line":24,"column":6}},"line":13},"5":{"name":"(anonymous_5)","decl":{"start":{"line":17,"column":10},"end":{"line":17,"column":31}},"loc":{"start":{"line":17,"column":31},"end":{"line":19,"column":null}},"line":17},"6":{"name":"(anonymous_6)","decl":{"start":{"line":23,"column":4},"end":{"line":23,"column":17}},"loc":{"start":{"line":23,"column":17},"end":{"line":23,"column":71}},"line":23}},"branchMap":{"0":{"loc":{"start":{"line":14,"column":4},"end":{"line":14,"column":null}},"type":"if","locations":[{"start":{"line":14,"column":4},"end":{"line":14,"column":null}},{"start":{},"end":{}}],"line":14}},"s":{"0":12,"1":38,"2":12,"3":38,"4":12,"5":12,"6":12,"7":12,"8":12,"9":9,"10":3,"11":3,"12":0,"13":0,"14":3,"15":3,"16":3,"17":12},"f":{"0":12,"1":38,"2":38,"3":12,"4":12,"5":0,"6":3},"b":{"0":[9,3]},"meta":{"lastBranch":1,"lastFunction":7,"lastStatement":18,"seen":{"f:4:16:4:35":0,"s:5:8:5:55":0,"f:5:21:5:36":1,"s:5:42:5:55":1,"s:6:8:6:67":2,"f:6:27:6:42":2,"s:6:48:6:67":3,"s:8:2:11:Infinity":4,"f:8:2:8:18":3,"s:9:18:9:36":5,"s:10:4:10:Infinity":6,"s:13:2:24:Infinity":7,"f:13:2:13:18":4,"b:14:4:14:Infinity:undefined:undefined:undefined:undefined":0,"s:14:4:14:Infinity":8,"s:14:33:14:Infinity":9,"s:16:23:16:72":10,"s:17:10:19:Infinity":11,"f:17:10:17:31":5,"s:18:20:18:63":12,"s:19:6:19:Infinity":13,"s:22:4:22:Infinity":14,"s:23:4:23:Infinity":15,"f:23:4:23:17":6,"s:23:17:23:71":16,"s:26:2:26:Infinity":17}}}
,"/home/eduardo/workspaces/ws-react/my-bible-app/src/components/navigation/BookItem.tsx": {"path":"/home/eduardo/workspaces/ws-react/my-bible-app/src/components/navigation/BookItem.tsx","statementMap":{"0":{"start":{"line":11,"column":8},"end":{"line":11,"column":32}},"1":{"start":{"line":12,"column":10},"end":{"line":12,"column":32}},"2":{"start":{"line":15,"column":4},"end":{"line":15,"column":null}},"3":{"start":{"line":16,"column":4},"end":{"line":16,"column":null}},"4":{"start":{"line":20,"column":4},"end":{"line":29,"column":null}},"5":{"start":{"line":21,"column":6},"end":{"line":21,"column":null}},"6":{"start":{"line":22,"column":15},"end":{"line":29,"column":null}},"7":{"start":{"line":23,"column":6},"end":{"line":23,"column":null}},"8":{"start":{"line":24,"column":19},"end":{"line":24,"column":null}},"9":{"start":{"line":25,"column":6},"end":{"line":25,"column":null}},"10":{"start":{"line":26,"column":15},"end":{"line":29,"column":null}},"11":{"start":{"line":27,"column":6},"end":{"line":27,"column":null}},"12":{"start":{"line":28,"column":19},"end":{"line":28,"column":null}},"13":{"start":{"line":29,"column":6},"end":{"line":29,"column":null}},"14":{"start":{"line":33,"column":2},"end":{"line":45,"column":null}}},"fnMap":{"0":{"name":"BookItem","decl":{"start":{"line":10,"column":16},"end":{"line":10,"column":25}},"loc":{"start":{"line":10,"column":60},"end":{"line":45,"column":null}},"line":10},"1":{"name":"handleClick","decl":{"start":{"line":14,"column":11},"end":{"line":14,"column":25}},"loc":{"start":{"line":14,"column":25},"end":{"line":16,"column":null}},"line":14},"2":{"name":"handleKeyDown","decl":{"start":{"line":19,"column":11},"end":{"line":19,"column":25}},"loc":{"start":{"line":19,"column":49},"end":{"line":29,"column":null}},"line":19}},"branchMap":{"0":{"loc":{"start":{"line":20,"column":4},"end":{"line":29,"column":null}},"type":"if","locations":[{"start":{"line":20,"column":4},"end":{"line":29,"column":null}},{"start":{"line":22,"column":15},"end":{"line":29,"column":null}}],"line":20},"1":{"loc":{"start":{"line":22,"column":15},"end":{"line":29,"column":null}},"type":"if","locations":[{"start":{"line":22,"column":15},"end":{"line":29,"column":null}},{"start":{"line":26,"column":15},"end":{"line":29,"column":null}}],"line":22},"2":{"loc":{"start":{"line":22,"column":15},"end":{"line":22,"column":64}},"type":"binary-expr","locations":[{"start":{"line":22,"column":15},"end":{"line":22,"column":40}},{"start":{"line":22,"column":40},"end":{"line":22,"column":64}}],"line":22},"3":{"loc":{"start":{"line":26,"column":15},"end":{"line":29,"column":null}},"type":"if","locations":[{"start":{"line":26,"column":15},"end":{"line":29,"column":null}},{"start":{},"end":{}}],"line":26},"4":{"loc":{"start":{"line":26,"column":15},"end":{"line":26,"column":61}},"type":"binary-expr","locations":[{"start":{"line":26,"column":15},"end":{"line":26,"column":38}},{"start":{"line":26,"column":38},"end":{"line":26,"column":61}}],"line":26},"5":{"loc":{"start":{"line":38,"column":8},"end":{"line":38,"column":null}},"type":"cond-expr","locations":[{"start":{"line":38,"column":19},"end":{"line":38,"column":30}},{"start":{"line":38,"column":30},"end":{"line":38,"column":null}}],"line":38}},"s":{"0":3043,"1":3043,"2":4,"3":4,"4":2,"5":1,"6":1,"7":1,"8":1,"9":1,"10":0,"11":0,"12":0,"13":0,"14":3043},"f":{"0":3043,"1":4,"2":2},"b":{"0":[1,1],"1":[1,0],"2":[1,0],"3":[0,0],"4":[0,0],"5":[5,3038]},"meta":{"lastBranch":6,"lastFunction":3,"lastStatement":15,"seen":{"f:10:16:10:25":0,"s:11:8:11:32":0,"s:12:10:12:32":1,"f:14:11:14:25":1,"s:15:4:15:Infinity":2,"s:16:4:16:Infinity":3,"f:19:11:19:25":2,"b:20:4:29:Infinity:22:15:29:Infinity":0,"s:20:4:29:Infinity":4,"s:21:6:21:Infinity":5,"b:22:15:29:Infinity:26:15:29:Infinity":1,"s:22:15:29:Infinity":6,"b:22:15:22:40:22:40:22:64":2,"s:23:6:23:Infinity":7,"s:24:19:24:Infinity":8,"s:25:6:25:Infinity":9,"b:26:15:29:Infinity:undefined:undefined:undefined:undefined":3,"s:26:15:29:Infinity":10,"b:26:15:26:38:26:38:26:61":4,"s:27:6:27:Infinity":11,"s:28:19:28:Infinity":12,"s:29:6:29:Infinity":13,"s:33:2:45:Infinity":14,"b:38:19:38:30:38:30:38:Infinity":5}}}
,"/home/eduardo/workspaces/ws-react/my-bible-app/src/components/navigation/BookList.tsx": {"path":"/home/eduardo/workspaces/ws-react/my-bible-app/src/components/navigation/BookList.tsx","statementMap":{"0":{"start":{"line":6,"column":8},"end":{"line":6,"column":47}},"1":{"start":{"line":6,"column":38},"end":{"line":6,"column":47}},"2":{"start":{"line":8,"column":2},"end":{"line":18,"column":null}},"3":{"start":{"line":11,"column":8},"end":{"line":16,"column":null}}},"fnMap":{"0":{"name":"BookList","decl":{"start":{"line":5,"column":16},"end":{"line":5,"column":27}},"loc":{"start":{"line":5,"column":27},"end":{"line":18,"column":null}},"line":5},"1":{"name":"(anonymous_1)","decl":{"start":{"line":6,"column":17},"end":{"line":6,"column":32}},"loc":{"start":{"line":6,"column":38},"end":{"line":6,"column":47}},"line":6},"2":{"name":"(anonymous_2)","decl":{"start":{"line":10,"column":23},"end":{"line":10,"column":28}},"loc":{"start":{"line":11,"column":8},"end":{"line":16,"column":null}},"line":11}},"branchMap":{},"s":{"0":42,"1":126,"2":42,"3":84},"f":{"0":42,"1":126,"2":84},"b":{},"meta":{"lastBranch":0,"lastFunction":3,"lastStatement":4,"seen":{"f:5:16:5:27":0,"s:6:8:6:47":0,"f:6:17:6:32":1,"s:6:38:6:47":1,"s:8:2:18:Infinity":2,"f:10:23:10:28":2,"s:11:8:16:Infinity":3}}}
,"/home/eduardo/workspaces/ws-react/my-bible-app/src/components/navigation/ChapterGrid.tsx": {"path":"/home/eduardo/workspaces/ws-react/my-bible-app/src/components/navigation/ChapterGrid.tsx","statementMap":{"0":{"start":{"line":10,"column":8},"end":{"line":10,"column":32}},"1":{"start":{"line":11,"column":8},"end":{"line":11,"column":64}},"2":{"start":{"line":11,"column":48},"end":{"line":11,"column":64}},"3":{"start":{"line":13,"column":19},"end":{"line":13,"column":73}},"4":{"start":{"line":13,"column":67},"end":{"line":13,"column":73}},"5":{"start":{"line":16,"column":4},"end":{"line":16,"column":null}},"6":{"start":{"line":19,"column":2},"end":{"line":47,"column":null}},"7":{"start":{"line":27,"column":21},"end":{"line":27,"column":51}},"8":{"start":{"line":28,"column":8},"end":{"line":44,"column":null}},"9":{"start":{"line":31,"column":27},"end":{"line":31,"column":54}}},"fnMap":{"0":{"name":"ChapterGrid","decl":{"start":{"line":9,"column":16},"end":{"line":9,"column":28}},"loc":{"start":{"line":9,"column":73},"end":{"line":47,"column":null}},"line":9},"1":{"name":"(anonymous_1)","decl":{"start":{"line":11,"column":24},"end":{"line":11,"column":42}},"loc":{"start":{"line":11,"column":48},"end":{"line":11,"column":64}},"line":11},"2":{"name":"(anonymous_2)","decl":{"start":{"line":13,"column":55},"end":{"line":13,"column":58}},"loc":{"start":{"line":13,"column":67},"end":{"line":13,"column":73}},"line":13},"3":{"name":"handleChapterClick","decl":{"start":{"line":15,"column":11},"end":{"line":15,"column":30}},"loc":{"start":{"line":15,"column":47},"end":{"line":16,"column":null}},"line":15},"4":{"name":"(anonymous_4)","decl":{"start":{"line":26,"column":16},"end":{"line":26,"column":21}},"loc":{"start":{"line":26,"column":33},"end":{"line":44,"column":null}},"line":26},"5":{"name":"(anonymous_5)","decl":{"start":{"line":31,"column":12},"end":{"line":31,"column":27}},"loc":{"start":{"line":31,"column":27},"end":{"line":31,"column":54}},"line":31}},"branchMap":{"0":{"loc":{"start":{"line":32,"column":40},"end":{"line":32,"column":null}},"type":"cond-expr","locations":[{"start":{"line":32,"column":47},"end":{"line":32,"column":58}},{"start":{"line":32,"column":58},"end":{"line":32,"column":null}}],"line":32},"1":{"loc":{"start":{"line":34,"column":46},"end":{"line":34,"column":null}},"type":"cond-expr","locations":[{"start":{"line":34,"column":53},"end":{"line":34,"column":67}},{"start":{"line":34,"column":67},"end":{"line":34,"column":null}}],"line":34},"2":{"loc":{"start":{"line":38,"column":13},"end":{"line":42,"column":null}},"type":"binary-expr","locations":[{"start":{"line":38,"column":13},"end":{"line":38,"column":null}},{"start":{"line":39,"column":14},"end":{"line":42,"column":null}}],"line":38}},"s":{"0":11,"1":11,"2":35,"3":11,"4":372,"5":2,"6":11,"7":372,"8":372,"9":2},"f":{"0":11,"1":35,"2":372,"3":2,"4":372,"5":2},"b":{"0":[4,368],"1":[4,368],"2":[372,4]},"meta":{"lastBranch":3,"lastFunction":6,"lastStatement":10,"seen":{"f:9:16:9:28":0,"s:10:8:10:32":0,"s:11:8:11:64":1,"f:11:24:11:42":1,"s:11:48:11:64":2,"s:13:19:13:73":3,"f:13:55:13:58":2,"s:13:67:13:73":4,"f:15:11:15:30":3,"s:16:4:16:Infinity":5,"s:19:2:47:Infinity":6,"f:26:16:26:21":4,"s:27:21:27:51":7,"s:28:8:44:Infinity":8,"f:31:12:31:27":5,"s:31:27:31:54":9,"b:32:47:32:58:32:58:32:Infinity":0,"b:34:53:34:67:34:67:34:Infinity":1,"b:38:13:38:Infinity:39:14:42:Infinity":2}}}
,"/home/eduardo/workspaces/ws-react/my-bible-app/src/components/navigation/TestamentGroup.tsx": {"path":"/home/eduardo/workspaces/ws-react/my-bible-app/src/components/navigation/TestamentGroup.tsx","statementMap":{"0":{"start":{"line":11,"column":2},"end":{"line":24,"column":null}},"1":{"start":{"line":18,"column":10},"end":{"line":22,"column":null}}},"fnMap":{"0":{"name":"TestamentGroup","decl":{"start":{"line":10,"column":16},"end":{"line":10,"column":31}},"loc":{"start":{"line":10,"column":84},"end":{"line":24,"column":null}},"line":10},"1":{"name":"(anonymous_1)","decl":{"start":{"line":17,"column":15},"end":{"line":17,"column":20}},"loc":{"start":{"line":18,"column":10},"end":{"line":22,"column":null}},"line":18}},"branchMap":{},"s":{"0":86,"1":2776},"f":{"0":86,"1":2776},"b":{},"meta":{"lastBranch":0,"lastFunction":2,"lastStatement":2,"seen":{"f:10:16:10:31":0,"s:11:2:24:Infinity":0,"f:17:15:17:20":1,"s:18:10:22:Infinity":1}}}
,"/home/eduardo/workspaces/ws-react/my-bible-app/src/components/progress/OverallProgress.tsx": {"path":"/home/eduardo/workspaces/ws-react/my-bible-app/src/components/progress/OverallProgress.tsx","statementMap":{"0":{"start":{"line":5,"column":8},"end":{"line":5,"column":62}},"1":{"start":{"line":5,"column":47},"end":{"line":5,"column":62}},"2":{"start":{"line":6,"column":8},"end":{"line":6,"column":34}},"3":{"start":{"line":7,"column":15},"end":{"line":7,"column":null}},"4":{"start":{"line":9,"column":21},"end":{"line":11,"column":null}},"5":{"start":{"line":13,"column":2},"end":{"line":45,"column":null}}},"fnMap":{"0":{"name":"OverallProgress","decl":{"start":{"line":4,"column":16},"end":{"line":4,"column":34}},"loc":{"start":{"line":4,"column":34},"end":{"line":45,"column":null}},"line":4},"1":{"name":"(anonymous_1)","decl":{"start":{"line":5,"column":23},"end":{"line":5,"column":41}},"loc":{"start":{"line":5,"column":47},"end":{"line":5,"column":62}},"line":5}},"branchMap":{"0":{"loc":{"start":{"line":9,"column":21},"end":{"line":11,"column":null}},"type":"cond-expr","locations":[{"start":{"line":9,"column":29},"end":{"line":10,"column":39}},{"start":{"line":11,"column":6},"end":{"line":11,"column":null}}],"line":9}},"s":{"0":5,"1":16,"2":5,"3":5,"4":5,"5":5},"f":{"0":5,"1":16},"b":{"0":[5,0]},"meta":{"lastBranch":1,"lastFunction":2,"lastStatement":6,"seen":{"f:4:16:4:34":0,"s:5:8:5:62":0,"f:5:23:5:41":1,"s:5:47:5:62":1,"s:6:8:6:34":2,"s:7:15:7:Infinity":3,"s:9:21:11:Infinity":4,"b:9:29:10:39:11:6:11:Infinity":0,"s:13:2:45:Infinity":5}}}
,"/home/eduardo/workspaces/ws-react/my-bible-app/src/components/progress/ProgressIndicator.tsx": {"path":"/home/eduardo/workspaces/ws-react/my-bible-app/src/components/progress/ProgressIndicator.tsx","statementMap":{"0":{"start":{"line":10,"column":2},"end":{"line":10,"column":null}},"1":{"start":{"line":10,"column":18},"end":{"line":10,"column":null}},"2":{"start":{"line":11,"column":2},"end":{"line":11,"column":null}},"3":{"start":{"line":11,"column":22},"end":{"line":11,"column":null}},"4":{"start":{"line":12,"column":2},"end":{"line":12,"column":null}},"5":{"start":{"line":21,"column":8},"end":{"line":21,"column":38}},"6":{"start":{"line":22,"column":8},"end":{"line":22,"column":62}},"7":{"start":{"line":22,"column":47},"end":{"line":22,"column":62}},"8":{"start":{"line":23,"column":8},"end":{"line":23,"column":40}},"9":{"start":{"line":24,"column":13},"end":{"line":24,"column":null}},"10":{"start":{"line":25,"column":17},"end":{"line":25,"column":null}},"11":{"start":{"line":26,"column":2},"end":{"line":27,"column":null}},"12":{"start":{"line":27,"column":4},"end":{"line":27,"column":null}},"13":{"start":{"line":27,"column":32},"end":{"line":27,"column":null}},"14":{"start":{"line":29,"column":19},"end":{"line":29,"column":null}},"15":{"start":{"line":30,"column":17},"end":{"line":30,"column":61}},"16":{"start":{"line":32,"column":52},"end":{"line":36,"column":null}},"17":{"start":{"line":38,"column":2},"end":{"line":68,"column":null}}},"fnMap":{"0":{"name":"getReadStatus","decl":{"start":{"line":9,"column":9},"end":{"line":9,"column":23}},"loc":{"start":{"line":9,"column":64},"end":{"line":12,"column":null}},"line":9},"1":{"name":"ProgressIndicator","decl":{"start":{"line":20,"column":16},"end":{"line":20,"column":34}},"loc":{"start":{"line":20,"column":88},"end":{"line":68,"column":null}},"line":20},"2":{"name":"(anonymous_2)","decl":{"start":{"line":22,"column":23},"end":{"line":22,"column":41}},"loc":{"start":{"line":22,"column":47},"end":{"line":22,"column":62}},"line":22}},"branchMap":{"0":{"loc":{"start":{"line":10,"column":2},"end":{"line":10,"column":null}},"type":"if","locations":[{"start":{"line":10,"column":2},"end":{"line":10,"column":null}},{"start":{},"end":{}}],"line":10},"1":{"loc":{"start":{"line":11,"column":2},"end":{"line":11,"column":null}},"type":"if","locations":[{"start":{"line":11,"column":2},"end":{"line":11,"column":null}},{"start":{},"end":{}}],"line":11},"2":{"loc":{"start":{"line":20,"column":44},"end":{"line":20,"column":88}},"type":"default-arg","locations":[{"start":{"line":20,"column":56},"end":{"line":20,"column":88}}],"line":20},"3":{"loc":{"start":{"line":27,"column":4},"end":{"line":27,"column":null}},"type":"if","locations":[{"start":{"line":27,"column":4},"end":{"line":27,"column":null}},{"start":{},"end":{}}],"line":27},"4":{"loc":{"start":{"line":46,"column":7},"end":{"line":51,"column":7}},"type":"binary-expr","locations":[{"start":{"line":46,"column":7},"end":{"line":46,"column":20}},{"start":{"line":46,"column":20},"end":{"line":46,"column":null}},{"start":{"line":47,"column":8},"end":{"line":51,"column":7}}],"line":46},"5":{"loc":{"start":{"line":59,"column":14},"end":{"line":59,"column":null}},"type":"cond-expr","locations":[{"start":{"line":59,"column":34},"end":{"line":59,"column":63}},{"start":{"line":59,"column":63},"end":{"line":59,"column":null}}],"line":59}},"s":{"0":3,"1":1,"2":2,"3":2,"4":1,"5":3,"6":3,"7":9,"8":3,"9":3,"10":3,"11":3,"12":55,"13":55,"14":3,"15":3,"16":3,"17":3},"f":{"0":3,"1":3,"2":9},"b":{"0":[1,2],"1":[1,1],"2":[3],"3":[55,0],"4":[3,3,3],"5":[1,2]},"meta":{"lastBranch":6,"lastFunction":3,"lastStatement":18,"seen":{"f:9:9:9:23":0,"b:10:2:10:Infinity:undefined:undefined:undefined:undefined":0,"s:10:2:10:Infinity":0,"s:10:18:10:Infinity":1,"b:11:2:11:Infinity:undefined:undefined:undefined:undefined":1,"s:11:2:11:Infinity":2,"s:11:22:11:Infinity":3,"s:12:2:12:Infinity":4,"f:20:16:20:34":1,"b:20:56:20:88":2,"s:21:8:21:38":5,"s:22:8:22:62":6,"f:22:23:22:41":2,"s:22:47:22:62":7,"s:23:8:23:40":8,"s:24:13:24:Infinity":9,"s:25:17:25:Infinity":10,"s:26:2:27:Infinity":11,"b:27:4:27:Infinity:undefined:undefined:undefined:undefined":3,"s:27:4:27:Infinity":12,"s:27:32:27:Infinity":13,"s:29:19:29:Infinity":14,"s:30:17:30:61":15,"s:32:52:36:Infinity":16,"s:38:2:68:Infinity":17,"b:46:7:46:20:46:20:46:Infinity:47:8:51:7":4,"b:59:34:59:63:59:63:59:Infinity":5}}}
,"/home/eduardo/workspaces/ws-react/my-bible-app/src/components/progress/ProgressPage.tsx": {"path":"/home/eduardo/workspaces/ws-react/my-bible-app/src/components/progress/ProgressPage.tsx","statementMap":{"0":{"start":{"line":5,"column":2},"end":{"line":9,"column":null}}},"fnMap":{"0":{"name":"ProgressPage","decl":{"start":{"line":4,"column":16},"end":{"line":4,"column":31}},"loc":{"start":{"line":4,"column":31},"end":{"line":9,"column":null}},"line":4}},"branchMap":{},"s":{"0":0},"f":{"0":0},"b":{},"meta":{"lastBranch":0,"lastFunction":1,"lastStatement":1,"seen":{"f:4:16:4:31":0,"s:5:2:9:Infinity":0}}}
,"/home/eduardo/workspaces/ws-react/my-bible-app/src/components/progress/ProgressPanel.tsx": {"path":"/home/eduardo/workspaces/ws-react/my-bible-app/src/components/progress/ProgressPanel.tsx","statementMap":{"0":{"start":{"line":8,"column":2},"end":{"line":8,"column":null}},"1":{"start":{"line":8,"column":18},"end":{"line":8,"column":null}},"2":{"start":{"line":9,"column":2},"end":{"line":9,"column":null}},"3":{"start":{"line":9,"column":22},"end":{"line":9,"column":null}},"4":{"start":{"line":10,"column":2},"end":{"line":10,"column":null}},"5":{"start":{"line":18,"column":8},"end":{"line":18,"column":64}},"6":{"start":{"line":18,"column":46},"end":{"line":18,"column":64}},"7":{"start":{"line":19,"column":19},"end":{"line":19,"column":39}},"8":{"start":{"line":20,"column":17},"end":{"line":20,"column":61}},"9":{"start":{"line":22,"column":52},"end":{"line":26,"column":null}},"10":{"start":{"line":28,"column":2},"end":{"line":62,"column":null}},"11":{"start":{"line":70,"column":8},"end":{"line":70,"column":62}},"12":{"start":{"line":70,"column":47},"end":{"line":70,"column":62}},"13":{"start":{"line":71,"column":20},"end":{"line":71,"column":null}},"14":{"start":{"line":72,"column":8},"end":{"line":72,"column":42}},"15":{"start":{"line":74,"column":21},"end":{"line":76,"column":null}},"16":{"start":{"line":78,"column":2},"end":{"line":112,"column":null}},"17":{"start":{"line":96,"column":8},"end":{"line":111,"column":null}},"18":{"start":{"line":108,"column":14},"end":{"line":108,"column":null}}},"fnMap":{"0":{"name":"getReadStatus","decl":{"start":{"line":7,"column":9},"end":{"line":7,"column":23}},"loc":{"start":{"line":7,"column":64},"end":{"line":10,"column":null}},"line":7},"1":{"name":"BookProgressItem","decl":{"start":{"line":17,"column":9},"end":{"line":17,"column":26}},"loc":{"start":{"line":17,"column":59},"end":{"line":62,"column":null}},"line":17},"2":{"name":"(anonymous_2)","decl":{"start":{"line":18,"column":22},"end":{"line":18,"column":40}},"loc":{"start":{"line":18,"column":46},"end":{"line":18,"column":64}},"line":18},"3":{"name":"ProgressPanel","decl":{"start":{"line":69,"column":16},"end":{"line":69,"column":32}},"loc":{"start":{"line":69,"column":32},"end":{"line":112,"column":null}},"line":69},"4":{"name":"(anonymous_4)","decl":{"start":{"line":70,"column":23},"end":{"line":70,"column":41}},"loc":{"start":{"line":70,"column":47},"end":{"line":70,"column":62}},"line":70},"5":{"name":"(anonymous_5)","decl":{"start":{"line":95,"column":23},"end":{"line":95,"column":28}},"loc":{"start":{"line":96,"column":8},"end":{"line":111,"column":null}},"line":96},"6":{"name":"(anonymous_6)","decl":{"start":{"line":107,"column":25},"end":{"line":107,"column":30}},"loc":{"start":{"line":108,"column":14},"end":{"line":108,"column":null}},"line":108}},"branchMap":{"0":{"loc":{"start":{"line":8,"column":2},"end":{"line":8,"column":null}},"type":"if","locations":[{"start":{"line":8,"column":2},"end":{"line":8,"column":null}},{"start":{},"end":{}}],"line":8},"1":{"loc":{"start":{"line":9,"column":2},"end":{"line":9,"column":null}},"type":"if","locations":[{"start":{"line":9,"column":2},"end":{"line":9,"column":null}},{"start":{},"end":{}}],"line":9},"2":{"loc":{"start":{"line":47,"column":14},"end":{"line":47,"column":null}},"type":"cond-expr","locations":[{"start":{"line":47,"column":34},"end":{"line":47,"column":63}},{"start":{"line":47,"column":63},"end":{"line":47,"column":null}}],"line":47},"3":{"loc":{"start":{"line":55,"column":12},"end":{"line":59,"column":null}},"type":"cond-expr","locations":[{"start":{"line":56,"column":16},"end":{"line":56,"column":null}},{"start":{"line":57,"column":16},"end":{"line":59,"column":null}}],"line":55},"4":{"loc":{"start":{"line":57,"column":16},"end":{"line":59,"column":null}},"type":"cond-expr","locations":[{"start":{"line":58,"column":18},"end":{"line":58,"column":null}},{"start":{"line":59,"column":18},"end":{"line":59,"column":null}}],"line":57},"5":{"loc":{"start":{"line":74,"column":21},"end":{"line":76,"column":null}},"type":"cond-expr","locations":[{"start":{"line":74,"column":37},"end":{"line":75,"column":52}},{"start":{"line":76,"column":6},"end":{"line":76,"column":null}}],"line":74}},"s":{"0":198,"1":196,"2":2,"3":2,"4":1,"5":198,"6":594,"7":198,"8":198,"9":198,"10":198,"11":3,"12":9,"13":3,"14":3,"15":3,"16":3,"17":6,"18":198},"f":{"0":198,"1":198,"2":594,"3":3,"4":9,"5":6,"6":198},"b":{"0":[196,2],"1":[1,1],"2":[1,197],"3":[196,2],"4":[1,1],"5":[3,0]},"meta":{"lastBranch":6,"lastFunction":7,"lastStatement":19,"seen":{"f:7:9:7:23":0,"b:8:2:8:Infinity:undefined:undefined:undefined:undefined":0,"s:8:2:8:Infinity":0,"s:8:18:8:Infinity":1,"b:9:2:9:Infinity:undefined:undefined:undefined:undefined":1,"s:9:2:9:Infinity":2,"s:9:22:9:Infinity":3,"s:10:2:10:Infinity":4,"f:17:9:17:26":1,"s:18:8:18:64":5,"f:18:22:18:40":2,"s:18:46:18:64":6,"s:19:19:19:39":7,"s:20:17:20:61":8,"s:22:52:26:Infinity":9,"s:28:2:62:Infinity":10,"b:47:34:47:63:47:63:47:Infinity":2,"b:56:16:56:Infinity:57:16:59:Infinity":3,"b:58:18:58:Infinity:59:18:59:Infinity":4,"f:69:16:69:32":3,"s:70:8:70:62":11,"f:70:23:70:41":4,"s:70:47:70:62":12,"s:71:20:71:Infinity":13,"s:72:8:72:42":14,"s:74:21:76:Infinity":15,"b:74:37:75:52:76:6:76:Infinity":5,"s:78:2:112:Infinity":16,"f:95:23:95:28":5,"s:96:8:111:Infinity":17,"f:107:25:107:30":6,"s:108:14:108:Infinity":18}}}
,"/home/eduardo/workspaces/ws-react/my-bible-app/src/components/progress/index.ts": {"path":"/home/eduardo/workspaces/ws-react/my-bible-app/src/components/progress/index.ts","statementMap":{},"fnMap":{},"branchMap":{},"s":{},"f":{},"b":{},"meta":{"lastBranch":0,"lastFunction":0,"lastStatement":0,"seen":{}}}
,"/home/eduardo/workspaces/ws-react/my-bible-app/src/components/progress/progressUtils.ts": {"path":"/home/eduardo/workspaces/ws-react/my-bible-app/src/components/progress/progressUtils.ts","statementMap":{"0":{"start":{"line":4,"column":2},"end":{"line":4,"column":null}},"1":{"start":{"line":4,"column":18},"end":{"line":4,"column":null}},"2":{"start":{"line":5,"column":2},"end":{"line":5,"column":null}},"3":{"start":{"line":5,"column":22},"end":{"line":5,"column":null}},"4":{"start":{"line":6,"column":2},"end":{"line":6,"column":null}}},"fnMap":{"0":{"name":"getReadStatus","decl":{"start":{"line":3,"column":16},"end":{"line":3,"column":30}},"loc":{"start":{"line":3,"column":71},"end":{"line":6,"column":null}},"line":3}},"branchMap":{"0":{"loc":{"start":{"line":4,"column":2},"end":{"line":4,"column":null}},"type":"if","locations":[{"start":{"line":4,"column":2},"end":{"line":4,"column":null}},{"start":{},"end":{}}],"line":4},"1":{"loc":{"start":{"line":5,"column":2},"end":{"line":5,"column":null}},"type":"if","locations":[{"start":{"line":5,"column":2},"end":{"line":5,"column":null}},{"start":{},"end":{}}],"line":5}},"s":{"0":3,"1":1,"2":2,"3":2,"4":1},"f":{"0":3},"b":{"0":[1,2],"1":[1,1]},"meta":{"lastBranch":2,"lastFunction":1,"lastStatement":5,"seen":{"f:3:16:3:30":0,"b:4:2:4:Infinity:undefined:undefined:undefined:undefined":0,"s:4:2:4:Infinity":0,"s:4:18:4:Infinity":1,"b:5:2:5:Infinity:undefined:undefined:undefined:undefined":1,"s:5:2:5:Infinity":2,"s:5:22:5:Infinity":3,"s:6:2:6:Infinity":4}}}
,"/home/eduardo/workspaces/ws-react/my-bible-app/src/components/reader/ChapterReader.tsx": {"path":"/home/eduardo/workspaces/ws-react/my-bible-app/src/components/reader/ChapterReader.tsx","statementMap":{"0":{"start":{"line":22,"column":2},"end":{"line":29,"column":null}},"1":{"start":{"line":25,"column":8},"end":{"line":28,"column":null}},"2":{"start":{"line":40,"column":2},"end":{"line":45,"column":null}},"3":{"start":{"line":42,"column":6},"end":{"line":44,"column":null}},"4":{"start":{"line":55,"column":2},"end":{"line":62,"column":null}},"5":{"start":{"line":58,"column":8},"end":{"line":61,"column":null}},"6":{"start":{"line":72,"column":2},"end":{"line":78,"column":null}},"7":{"start":{"line":74,"column":6},"end":{"line":77,"column":null}},"8":{"start":{"line":88,"column":24},"end":{"line":88,"column":80}},"9":{"start":{"line":89,"column":25},"end":{"line":89,"column":61}},"10":{"start":{"line":90,"column":8},"end":{"line":90,"column":49}},"11":{"start":{"line":90,"column":39},"end":{"line":90,"column":49}},"12":{"start":{"line":91,"column":8},"end":{"line":91,"column":55}},"13":{"start":{"line":91,"column":42},"end":{"line":91,"column":55}},"14":{"start":{"line":92,"column":8},"end":{"line":92,"column":63}},"15":{"start":{"line":92,"column":46},"end":{"line":92,"column":63}},"16":{"start":{"line":93,"column":8},"end":{"line":93,"column":79}},"17":{"start":{"line":93,"column":54},"end":{"line":93,"column":79}},"18":{"start":{"line":94,"column":8},"end":{"line":94,"column":69}},"19":{"start":{"line":94,"column":49},"end":{"line":94,"column":69}},"20":{"start":{"line":95,"column":8},"end":{"line":96,"column":null}},"21":{"start":{"line":96,"column":11},"end":{"line":96,"column":null}},"22":{"start":{"line":98,"column":8},"end":{"line":98,"column":75}},"23":{"start":{"line":98,"column":52},"end":{"line":98,"column":75}},"24":{"start":{"line":99,"column":8},"end":{"line":99,"column":72}},"25":{"start":{"line":99,"column":52},"end":{"line":99,"column":72}},"26":{"start":{"line":100,"column":8},"end":{"line":100,"column":55}},"27":{"start":{"line":100,"column":42},"end":{"line":100,"column":55}},"28":{"start":{"line":101,"column":8},"end":{"line":101,"column":45}},"29":{"start":{"line":101,"column":37},"end":{"line":101,"column":45}},"30":{"start":{"line":102,"column":8},"end":{"line":102,"column":59}},"31":{"start":{"line":102,"column":44},"end":{"line":102,"column":59}},"32":{"start":{"line":103,"column":8},"end":{"line":103,"column":65}},"33":{"start":{"line":103,"column":47},"end":{"line":103,"column":65}},"34":{"start":{"line":104,"column":8},"end":{"line":104,"column":71}},"35":{"start":{"line":104,"column":50},"end":{"line":104,"column":71}},"36":{"start":{"line":105,"column":8},"end":{"line":105,"column":49}},"37":{"start":{"line":105,"column":39},"end":{"line":105,"column":49}},"38":{"start":{"line":106,"column":8},"end":{"line":106,"column":55}},"39":{"start":{"line":106,"column":42},"end":{"line":106,"column":55}},"40":{"start":{"line":107,"column":8},"end":{"line":107,"column":55}},"41":{"start":{"line":107,"column":42},"end":{"line":107,"column":55}},"42":{"start":{"line":109,"column":8},"end":{"line":114,"column":null}},"43":{"start":{"line":111,"column":6},"end":{"line":112,"column":null}},"44":{"start":{"line":112,"column":15},"end":{"line":112,"column":null}},"45":{"start":{"line":117,"column":8},"end":{"line":120,"column":null}},"46":{"start":{"line":119,"column":6},"end":{"line":119,"column":74}},"47":{"start":{"line":119,"column":26},"end":{"line":119,"column":74}},"48":{"start":{"line":123,"column":8},"end":{"line":125,"column":null}},"49":{"start":{"line":123,"column":26},"end":{"line":124,"column":63}},"50":{"start":{"line":128,"column":8},"end":{"line":134,"column":14}},"51":{"start":{"line":129,"column":10},"end":{"line":129,"column":32}},"52":{"start":{"line":130,"column":4},"end":{"line":132,"column":null}},"53":{"start":{"line":132,"column":56},"end":{"line":132,"column":71}},"54":{"start":{"line":136,"column":25},"end":{"line":136,"column":75}},"55":{"start":{"line":137,"column":25},"end":{"line":140,"column":17}},"56":{"start":{"line":141,"column":24},"end":{"line":144,"column":17}},"57":{"start":{"line":145,"column":8},"end":{"line":145,"column":50}},"58":{"start":{"line":147,"column":2},"end":{"line":150,"column":null}},"59":{"start":{"line":148,"column":4},"end":{"line":148,"column":null}},"60":{"start":{"line":149,"column":4},"end":{"line":149,"column":null}},"61":{"start":{"line":152,"column":2},"end":{"line":154,"column":null}},"62":{"start":{"line":153,"column":4},"end":{"line":153,"column":null}},"63":{"start":{"line":156,"column":2},"end":{"line":158,"column":null}},"64":{"start":{"line":157,"column":4},"end":{"line":157,"column":null}},"65":{"start":{"line":160,"column":2},"end":{"line":166,"column":null}},"66":{"start":{"line":161,"column":4},"end":{"line":161,"column":null}},"67":{"start":{"line":161,"column":24},"end":{"line":161,"column":null}},"68":{"start":{"line":162,"column":15},"end":{"line":162,"column":79}},"69":{"start":{"line":163,"column":4},"end":{"line":164,"column":null}},"70":{"start":{"line":164,"column":6},"end":{"line":164,"column":null}},"71":{"start":{"line":168,"column":2},"end":{"line":193,"column":null}},"72":{"start":{"line":169,"column":21},"end":{"line":169,"column":null}},"73":{"start":{"line":170,"column":4},"end":{"line":170,"column":null}},"74":{"start":{"line":170,"column":19},"end":{"line":170,"column":null}},"75":{"start":{"line":172,"column":26},"end":{"line":172,"column":null}},"76":{"start":{"line":174,"column":6},"end":{"line":174,"column":null}},"77":{"start":{"line":175,"column":10},"end":{"line":176,"column":null}},"78":{"start":{"line":176,"column":6},"end":{"line":176,"column":null}},"79":{"start":{"line":178,"column":4},"end":{"line":178,"column":null}},"80":{"start":{"line":180,"column":21},"end":{"line":186,"column":null}},"81":{"start":{"line":182,"column":8},"end":{"line":183,"column":null}},"82":{"start":{"line":183,"column":10},"end":{"line":183,"column":null}},"83":{"start":{"line":188,"column":4},"end":{"line":188,"column":null}},"84":{"start":{"line":189,"column":4},"end":{"line":191,"column":null}},"85":{"start":{"line":190,"column":6},"end":{"line":190,"column":null}},"86":{"start":{"line":191,"column":6},"end":{"line":191,"column":null}},"87":{"start":{"line":195,"column":8},"end":{"line":198,"column":8}},"88":{"start":{"line":196,"column":4},"end":{"line":196,"column":null}},"89":{"start":{"line":197,"column":4},"end":{"line":197,"column":null}},"90":{"start":{"line":200,"column":2},"end":{"line":208,"column":null}},"91":{"start":{"line":201,"column":10},"end":{"line":203,"column":null}},"92":{"start":{"line":202,"column":6},"end":{"line":203,"column":null}},"93":{"start":{"line":203,"column":8},"end":{"line":203,"column":null}},"94":{"start":{"line":206,"column":4},"end":{"line":206,"column":null}},"95":{"start":{"line":207,"column":4},"end":{"line":207,"column":null}},"96":{"start":{"line":207,"column":17},"end":{"line":207,"column":71}},"97":{"start":{"line":210,"column":8},"end":{"line":223,"column":null}},"98":{"start":{"line":212,"column":6},"end":{"line":212,"column":null}},"99":{"start":{"line":213,"column":6},"end":{"line":220,"column":null}},"100":{"start":{"line":214,"column":8},"end":{"line":217,"column":null}},"101":{"start":{"line":219,"column":8},"end":{"line":219,"column":null}},"102":{"start":{"line":220,"column":8},"end":{"line":220,"column":null}},"103":{"start":{"line":226,"column":8},"end":{"line":241,"column":4}},"104":{"start":{"line":227,"column":4},"end":{"line":232,"column":null}},"105":{"start":{"line":228,"column":21},"end":{"line":228,"column":75}},"106":{"start":{"line":228,"column":48},"end":{"line":228,"column":75}},"107":{"start":{"line":229,"column":6},"end":{"line":232,"column":null}},"108":{"start":{"line":234,"column":4},"end":{"line":234,"column":null}},"109":{"start":{"line":243,"column":8},"end":{"line":252,"column":61}},"110":{"start":{"line":244,"column":4},"end":{"line":244,"column":null}},"111":{"start":{"line":244,"column":25},"end":{"line":244,"column":null}},"112":{"start":{"line":245,"column":4},"end":{"line":251,"column":null}},"113":{"start":{"line":254,"column":32},"end":{"line":254,"column":null}},"114":{"start":{"line":256,"column":8},"end":{"line":292,"column":null}},"115":{"start":{"line":258,"column":6},"end":{"line":258,"column":null}},"116":{"start":{"line":258,"column":27},"end":{"line":258,"column":null}},"117":{"start":{"line":260,"column":6},"end":{"line":277,"column":null}},"118":{"start":{"line":261,"column":8},"end":{"line":261,"column":null}},"119":{"start":{"line":263,"column":28},"end":{"line":268,"column":null}},"120":{"start":{"line":270,"column":8},"end":{"line":270,"column":null}},"121":{"start":{"line":270,"column":35},"end":{"line":270,"column":56}},"122":{"start":{"line":271,"column":8},"end":{"line":277,"column":null}},"123":{"start":{"line":280,"column":6},"end":{"line":280,"column":null}},"124":{"start":{"line":295,"column":8},"end":{"line":303,"column":73}},"125":{"start":{"line":296,"column":4},"end":{"line":296,"column":null}},"126":{"start":{"line":296,"column":25},"end":{"line":296,"column":null}},"127":{"start":{"line":298,"column":4},"end":{"line":299,"column":null}},"128":{"start":{"line":299,"column":6},"end":{"line":299,"column":null}},"129":{"start":{"line":302,"column":4},"end":{"line":302,"column":null}},"130":{"start":{"line":305,"column":8},"end":{"line":314,"column":56}},"131":{"start":{"line":306,"column":4},"end":{"line":306,"column":null}},"132":{"start":{"line":306,"column":25},"end":{"line":306,"column":null}},"133":{"start":{"line":307,"column":4},"end":{"line":313,"column":null}},"134":{"start":{"line":316,"column":8},"end":{"line":342,"column":null}},"135":{"start":{"line":318,"column":6},"end":{"line":318,"column":null}},"136":{"start":{"line":318,"column":27},"end":{"line":318,"column":null}},"137":{"start":{"line":320,"column":6},"end":{"line":329,"column":null}},"138":{"start":{"line":321,"column":8},"end":{"line":321,"column":null}},"139":{"start":{"line":323,"column":8},"end":{"line":329,"column":null}},"140":{"start":{"line":332,"column":6},"end":{"line":332,"column":null}},"141":{"start":{"line":345,"column":8},"end":{"line":349,"column":47}},"142":{"start":{"line":346,"column":4},"end":{"line":346,"column":null}},"143":{"start":{"line":346,"column":22},"end":{"line":346,"column":null}},"144":{"start":{"line":347,"column":4},"end":{"line":347,"column":null}},"145":{"start":{"line":348,"column":4},"end":{"line":348,"column":null}},"146":{"start":{"line":351,"column":8},"end":{"line":356,"column":null}},"147":{"start":{"line":353,"column":6},"end":{"line":353,"column":null}},"148":{"start":{"line":353,"column":27},"end":{"line":353,"column":null}},"149":{"start":{"line":354,"column":6},"end":{"line":354,"column":null}},"150":{"start":{"line":359,"column":8},"end":{"line":362,"column":null}},"151":{"start":{"line":360,"column":5},"end":{"line":361,"column":70}},"152":{"start":{"line":365,"column":8},"end":{"line":367,"column":null}},"153":{"start":{"line":366,"column":21},"end":{"line":366,"column":72}},"154":{"start":{"line":370,"column":8},"end":{"line":372,"column":null}},"155":{"start":{"line":371,"column":5},"end":{"line":371,"column":76}},"156":{"start":{"line":375,"column":8},"end":{"line":382,"column":null}},"157":{"start":{"line":377,"column":12},"end":{"line":377,"column":70}},"158":{"start":{"line":378,"column":6},"end":{"line":379,"column":null}},"159":{"start":{"line":379,"column":8},"end":{"line":379,"column":null}},"160":{"start":{"line":385,"column":2},"end":{"line":391,"column":null}},"161":{"start":{"line":386,"column":4},"end":{"line":391,"column":null}},"162":{"start":{"line":395,"column":2},"end":{"line":563,"column":null}},"163":{"start":{"line":406,"column":29},"end":{"line":406,"column":52}},"164":{"start":{"line":513,"column":41},"end":{"line":513,"column":83}},"165":{"start":{"line":513,"column":58},"end":{"line":513,"column":83}},"166":{"start":{"line":514,"column":18},"end":{"line":514,"column":null}},"167":{"start":{"line":514,"column":39},"end":{"line":514,"column":null}},"168":{"start":{"line":515,"column":18},"end":{"line":525,"column":null}},"169":{"start":{"line":524,"column":51},"end":{"line":524,"column":null}},"170":{"start":{"line":532,"column":33},"end":{"line":532,"column":57}},"171":{"start":{"line":542,"column":16},"end":{"line":552,"column":null}},"172":{"start":{"line":551,"column":47},"end":{"line":551,"column":null}},"173":{"start":{"line":559,"column":27},"end":{"line":559,"column":null}},"174":{"start":{"line":569,"column":27},"end":{"line":569,"column":null}},"175":{"start":{"line":573,"column":9},"end":{"line":573,"column":42}},"176":{"start":{"line":575,"column":21},"end":{"line":575,"column":46}},"177":{"start":{"line":576,"column":22},"end":{"line":576,"column":null}},"178":{"start":{"line":578,"column":4},"end":{"line":582,"column":null}},"179":{"start":{"line":584,"column":2},"end":{"line":590,"column":null}},"180":{"start":{"line":585,"column":4},"end":{"line":590,"column":null}},"181":{"start":{"line":594,"column":21},"end":{"line":594,"column":41}},"182":{"start":{"line":595,"column":2},"end":{"line":601,"column":null}},"183":{"start":{"line":596,"column":4},"end":{"line":601,"column":null}},"184":{"start":{"line":605,"column":2},"end":{"line":611,"column":null}}},"fnMap":{"0":{"name":"getHighlightCoveringRange","decl":{"start":{"line":15,"column":9},"end":{"line":15,"column":null}},"loc":{"start":{"line":21,"column":20},"end":{"line":29,"column":null}},"line":21},"1":{"name":"(anonymous_1)","decl":{"start":{"line":23,"column":15},"end":{"line":23,"column":null}},"loc":{"start":{"line":25,"column":8},"end":{"line":28,"column":null}},"line":25},"2":{"name":"getOverlappingHighlights","decl":{"start":{"line":33,"column":9},"end":{"line":33,"column":null}},"loc":{"start":{"line":39,"column":15},"end":{"line":45,"column":null}},"line":39},"3":{"name":"(anonymous_3)","decl":{"start":{"line":40,"column":20},"end":{"line":40,"column":null}},"loc":{"start":{"line":42,"column":6},"end":{"line":44,"column":null}},"line":42},"4":{"name":"getNoteForVerseRange","decl":{"start":{"line":48,"column":9},"end":{"line":48,"column":null}},"loc":{"start":{"line":54,"column":15},"end":{"line":62,"column":null}},"line":54},"5":{"name":"(anonymous_5)","decl":{"start":{"line":56,"column":10},"end":{"line":56,"column":null}},"loc":{"start":{"line":58,"column":8},"end":{"line":61,"column":null}},"line":58},"6":{"name":"verseHasNote","decl":{"start":{"line":66,"column":9},"end":{"line":66,"column":null}},"loc":{"start":{"line":71,"column":11},"end":{"line":78,"column":null}},"line":71},"7":{"name":"(anonymous_7)","decl":{"start":{"line":72,"column":15},"end":{"line":72,"column":null}},"loc":{"start":{"line":74,"column":6},"end":{"line":77,"column":null}},"line":74},"8":{"name":"ChapterReaderInner","decl":{"start":{"line":87,"column":9},"end":{"line":87,"column":28}},"loc":{"start":{"line":87,"column":90},"end":{"line":563,"column":null}},"line":87},"9":{"name":"(anonymous_9)","decl":{"start":{"line":90,"column":18},"end":{"line":90,"column":33}},"loc":{"start":{"line":90,"column":39},"end":{"line":90,"column":49}},"line":90},"10":{"name":"(anonymous_10)","decl":{"start":{"line":91,"column":21},"end":{"line":91,"column":36}},"loc":{"start":{"line":91,"column":42},"end":{"line":91,"column":55}},"line":91},"11":{"name":"(anonymous_11)","decl":{"start":{"line":92,"column":25},"end":{"line":92,"column":40}},"loc":{"start":{"line":92,"column":46},"end":{"line":92,"column":63}},"line":92},"12":{"name":"(anonymous_12)","decl":{"start":{"line":93,"column":33},"end":{"line":93,"column":48}},"loc":{"start":{"line":93,"column":54},"end":{"line":93,"column":79}},"line":93},"13":{"name":"(anonymous_13)","decl":{"start":{"line":94,"column":28},"end":{"line":94,"column":43}},"loc":{"start":{"line":94,"column":49},"end":{"line":94,"column":69}},"line":94},"14":{"name":"(anonymous_14)","decl":{"start":{"line":95,"column":36},"end":{"line":95,"column":null}},"loc":{"start":{"line":96,"column":11},"end":{"line":96,"column":null}},"line":96},"15":{"name":"(anonymous_15)","decl":{"start":{"line":98,"column":31},"end":{"line":98,"column":46}},"loc":{"start":{"line":98,"column":52},"end":{"line":98,"column":75}},"line":98},"16":{"name":"(anonymous_16)","decl":{"start":{"line":99,"column":28},"end":{"line":99,"column":46}},"loc":{"start":{"line":99,"column":52},"end":{"line":99,"column":72}},"line":99},"17":{"name":"(anonymous_17)","decl":{"start":{"line":100,"column":21},"end":{"line":100,"column":36}},"loc":{"start":{"line":100,"column":42},"end":{"line":100,"column":55}},"line":100},"18":{"name":"(anonymous_18)","decl":{"start":{"line":101,"column":16},"end":{"line":101,"column":31}},"loc":{"start":{"line":101,"column":37},"end":{"line":101,"column":45}},"line":101},"19":{"name":"(anonymous_19)","decl":{"start":{"line":102,"column":23},"end":{"line":102,"column":38}},"loc":{"start":{"line":102,"column":44},"end":{"line":102,"column":59}},"line":102},"20":{"name":"(anonymous_20)","decl":{"start":{"line":103,"column":26},"end":{"line":103,"column":41}},"loc":{"start":{"line":103,"column":47},"end":{"line":103,"column":65}},"line":103},"21":{"name":"(anonymous_21)","decl":{"start":{"line":104,"column":29},"end":{"line":104,"column":44}},"loc":{"start":{"line":104,"column":50},"end":{"line":104,"column":71}},"line":104},"22":{"name":"(anonymous_22)","decl":{"start":{"line":105,"column":18},"end":{"line":105,"column":33}},"loc":{"start":{"line":105,"column":39},"end":{"line":105,"column":49}},"line":105},"23":{"name":"(anonymous_23)","decl":{"start":{"line":106,"column":21},"end":{"line":106,"column":36}},"loc":{"start":{"line":106,"column":42},"end":{"line":106,"column":55}},"line":106},"24":{"name":"(anonymous_24)","decl":{"start":{"line":107,"column":21},"end":{"line":107,"column":36}},"loc":{"start":{"line":107,"column":42},"end":{"line":107,"column":55}},"line":107},"25":{"name":"(anonymous_25)","decl":{"start":{"line":109,"column":28},"end":{"line":109,"column":null}},"loc":{"start":{"line":111,"column":6},"end":{"line":112,"column":null}},"line":111},"26":{"name":"(anonymous_26)","decl":{"start":{"line":111,"column":17},"end":{"line":111,"column":null}},"loc":{"start":{"line":112,"column":15},"end":{"line":112,"column":null}},"line":112},"27":{"name":"(anonymous_27)","decl":{"start":{"line":117,"column":23},"end":{"line":117,"column":null}},"loc":{"start":{"line":119,"column":6},"end":{"line":119,"column":74}},"line":119},"28":{"name":"(anonymous_28)","decl":{"start":{"line":119,"column":12},"end":{"line":119,"column":20}},"loc":{"start":{"line":119,"column":26},"end":{"line":119,"column":74}},"line":119},"29":{"name":"(anonymous_29)","decl":{"start":{"line":123,"column":26},"end":{"line":123,"column":null}},"loc":{"start":{"line":123,"column":26},"end":{"line":124,"column":63}},"line":123},"30":{"name":"(anonymous_30)","decl":{"start":{"line":128,"column":19},"end":{"line":128,"column":33}},"loc":{"start":{"line":128,"column":33},"end":{"line":134,"column":6}},"line":128},"31":{"name":"(anonymous_31)","decl":{"start":{"line":132,"column":40},"end":{"line":132,"column":50}},"loc":{"start":{"line":132,"column":56},"end":{"line":132,"column":71}},"line":132},"32":{"name":"(anonymous_32)","decl":{"start":{"line":147,"column":2},"end":{"line":147,"column":18}},"loc":{"start":{"line":147,"column":18},"end":{"line":150,"column":6}},"line":147},"33":{"name":"(anonymous_33)","decl":{"start":{"line":152,"column":2},"end":{"line":152,"column":18}},"loc":{"start":{"line":152,"column":18},"end":{"line":154,"column":6}},"line":152},"34":{"name":"(anonymous_34)","decl":{"start":{"line":156,"column":2},"end":{"line":156,"column":18}},"loc":{"start":{"line":156,"column":18},"end":{"line":158,"column":6}},"line":156},"35":{"name":"(anonymous_35)","decl":{"start":{"line":160,"column":2},"end":{"line":160,"column":18}},"loc":{"start":{"line":160,"column":18},"end":{"line":166,"column":6}},"line":160},"36":{"name":"(anonymous_36)","decl":{"start":{"line":168,"column":2},"end":{"line":168,"column":18}},"loc":{"start":{"line":168,"column":18},"end":{"line":193,"column":6}},"line":168},"37":{"name":"(anonymous_37)","decl":{"start":{"line":175,"column":10},"end":{"line":175,"column":27}},"loc":{"start":{"line":175,"column":27},"end":{"line":176,"column":null}},"line":175},"38":{"name":"(anonymous_38)","decl":{"start":{"line":180,"column":25},"end":{"line":180,"column":null}},"loc":{"start":{"line":181,"column":19},"end":{"line":186,"column":8}},"line":181},"39":{"name":"(anonymous_39)","decl":{"start":{"line":189,"column":4},"end":{"line":189,"column":17}},"loc":{"start":{"line":189,"column":17},"end":{"line":191,"column":null}},"line":189},"40":{"name":"(anonymous_40)","decl":{"start":{"line":195,"column":25},"end":{"line":195,"column":43}},"loc":{"start":{"line":195,"column":43},"end":{"line":198,"column":7}},"line":195},"41":{"name":"(anonymous_41)","decl":{"start":{"line":200,"column":2},"end":{"line":200,"column":18}},"loc":{"start":{"line":200,"column":18},"end":{"line":208,"column":6}},"line":200},"42":{"name":"(anonymous_42)","decl":{"start":{"line":201,"column":10},"end":{"line":201,"column":27}},"loc":{"start":{"line":201,"column":48},"end":{"line":203,"column":null}},"line":201},"43":{"name":"(anonymous_43)","decl":{"start":{"line":207,"column":4},"end":{"line":207,"column":17}},"loc":{"start":{"line":207,"column":17},"end":{"line":207,"column":71}},"line":207},"44":{"name":"(anonymous_44)","decl":{"start":{"line":210,"column":28},"end":{"line":210,"column":null}},"loc":{"start":{"line":211,"column":48},"end":{"line":223,"column":5}},"line":211},"45":{"name":"(anonymous_45)","decl":{"start":{"line":226,"column":33},"end":{"line":226,"column":51}},"loc":{"start":{"line":226,"column":51},"end":{"line":235,"column":null}},"line":226},"46":{"name":"(anonymous_46)","decl":{"start":{"line":228,"column":34},"end":{"line":228,"column":42}},"loc":{"start":{"line":228,"column":48},"end":{"line":228,"column":75}},"line":228},"47":{"name":"(anonymous_47)","decl":{"start":{"line":243,"column":27},"end":{"line":243,"column":41}},"loc":{"start":{"line":243,"column":41},"end":{"line":252,"column":6}},"line":243},"48":{"name":"(anonymous_48)","decl":{"start":{"line":256,"column":37},"end":{"line":256,"column":null}},"loc":{"start":{"line":257,"column":31},"end":{"line":282,"column":null}},"line":257},"49":{"name":"(anonymous_49)","decl":{"start":{"line":270,"column":20},"end":{"line":270,"column":29}},"loc":{"start":{"line":270,"column":35},"end":{"line":270,"column":56}},"line":270},"50":{"name":"(anonymous_50)","decl":{"start":{"line":295,"column":32},"end":{"line":295,"column":50}},"loc":{"start":{"line"
[...]
8},"end":{"line":62,"column":11}},"line":57},"11":{"name":"(anonymous_11)","decl":{"start":{"line":57,"column":8},"end":{"line":57,"column":13}},"loc":{"start":{"line":57,"column":24},"end":{"line":61,"column":null}},"line":57},"12":{"name":"(anonymous_12)","decl":{"start":{"line":64,"column":6},"end":{"line":64,"column":19}},"loc":{"start":{"line":65,"column":8},"end":{"line":69,"column":11}},"line":65},"13":{"name":"(anonymous_13)","decl":{"start":{"line":65,"column":8},"end":{"line":65,"column":13}},"loc":{"start":{"line":65,"column":24},"end":{"line":68,"column":null}},"line":65},"14":{"name":"(anonymous_14)","decl":{"start":{"line":66,"column":29},"end":{"line":66,"column":34}},"loc":{"start":{"line":67,"column":12},"end":{"line":67,"column":null}},"line":67},"15":{"name":"(anonymous_15)","decl":{"start":{"line":71,"column":6},"end":{"line":71,"column":19}},"loc":{"start":{"line":72,"column":8},"end":{"line":74,"column":11}},"line":72},"16":{"name":"(anonymous_16)","decl":{"start":{"line":72,"column":8},"end":{"line":72,"column":13}},"loc":{"start":{"line":72,"column":24},"end":{"line":73,"column":null}},"line":72},"17":{"name":"(anonymous_17)","decl":{"start":{"line":73,"column":29},"end":{"line":73,"column":37}},"loc":{"start":{"line":73,"column":43},"end":{"line":73,"column":55}},"line":73},"18":{"name":"(anonymous_18)","decl":{"start":{"line":76,"column":6},"end":{"line":76,"column":20}},"loc":{"start":{"line":77,"column":8},"end":{"line":82,"column":11}},"line":77},"19":{"name":"(anonymous_19)","decl":{"start":{"line":77,"column":8},"end":{"line":77,"column":13}},"loc":{"start":{"line":77,"column":24},"end":{"line":81,"column":null}},"line":77},"20":{"name":"(anonymous_20)","decl":{"start":{"line":84,"column":6},"end":{"line":84,"column":23}},"loc":{"start":{"line":85,"column":8},"end":{"line":87,"column":11}},"line":85},"21":{"name":"(anonymous_21)","decl":{"start":{"line":85,"column":8},"end":{"line":85,"column":13}},"loc":{"start":{"line":85,"column":24},"end":{"line":86,"column":null}},"line":85},"22":{"name":"(anonymous_22)","decl":{"start":{"line":86,"column":37},"end":{"line":86,"column":45}},"loc":{"start":{"line":86,"column":51},"end":{"line":86,"column":63}},"line":86},"23":{"name":"(anonymous_23)","decl":{"start":{"line":89,"column":6},"end":{"line":89,"column":28}},"loc":{"start":{"line":90,"column":8},"end":{"line":94,"column":null}},"line":90},"24":{"name":"(anonymous_24)","decl":{"start":{"line":90,"column":8},"end":{"line":90,"column":13}},"loc":{"start":{"line":90,"column":24},"end":{"line":93,"column":null}},"line":90},"25":{"name":"(anonymous_25)","decl":{"start":{"line":91,"column":37},"end":{"line":91,"column":42}},"loc":{"start":{"line":92,"column":12},"end":{"line":92,"column":null}},"line":92},"26":{"name":"(anonymous_26)","decl":{"start":{"line":98,"column":15},"end":{"line":98,"column":39}},"loc":{"start":{"line":98,"column":39},"end":{"line":106,"column":null}},"line":98},"27":{"name":"(anonymous_27)","decl":{"start":{"line":103,"column":12},"end":{"line":103,"column":27}},"loc":{"start":{"line":103,"column":27},"end":{"line":103,"column":null}},"line":103},"28":{"name":"(anonymous_28)","decl":{"start":{"line":104,"column":12},"end":{"line":104,"column":27}},"loc":{"start":{"line":104,"column":27},"end":{"line":104,"column":null}},"line":104},"29":{"name":"(anonymous_29)","decl":{"start":{"line":105,"column":12},"end":{"line":105,"column":30}},"loc":{"start":{"line":105,"column":30},"end":{"line":105,"column":null}},"line":105}},"branchMap":{"0":{"loc":{"start":{"line":52,"column":12},"end":{"line":52,"column":null}},"type":"cond-expr","locations":[{"start":{"line":52,"column":26},"end":{"line":52,"column":44}},{"start":{"line":52,"column":44},"end":{"line":52,"column":null}}],"line":52},"1":{"loc":{"start":{"line":67,"column":12},"end":{"line":67,"column":null}},"type":"cond-expr","locations":[{"start":{"line":67,"column":26},"end":{"line":67,"column":66}},{"start":{"line":67,"column":66},"end":{"line":67,"column":null}}],"line":67},"2":{"loc":{"start":{"line":92,"column":12},"end":{"line":92,"column":null}},"type":"cond-expr","locations":[{"start":{"line":92,"column":26},"end":{"line":92,"column":44}},{"start":{"line":92,"column":44},"end":{"line":92,"column":null}}],"line":92}},"s":{"0":67,"1":18,"2":18,"3":17,"4":17,"5":3,"6":3,"7":3,"8":3,"9":3,"10":3,"11":23,"12":23,"13":4,"14":4,"15":4,"16":4,"17":4,"18":4,"19":27,"20":27,"21":5,"22":5,"23":5,"24":1,"25":1,"26":1,"27":18,"28":18,"29":0,"30":0},"f":{"0":67,"1":18,"2":17,"3":17,"4":3,"5":3,"6":3,"7":3,"8":3,"9":3,"10":23,"11":23,"12":4,"13":4,"14":4,"15":4,"16":4,"17":4,"18":27,"19":27,"20":5,"21":5,"22":5,"23":1,"24":1,"25":1,"26":18,"27":0,"28":0,"29":0},"b":{"0":[3,0],"1":[4,0],"2":[1,0]},"meta":{"lastBranch":3,"lastFunction":30,"lastStatement":31,"seen":{"f:25:9:25:30":0,"s:26:2:26:Infinity":0,"s:29:13:110:Infinity":1,"f:30:2:30:Infinity":1,"s:31:14:95:Infinity":2,"f:36:6:36:21":2,"s:37:8:42:11":3,"f:37:8:37:13":3,"s:37:24:41:Infinity":4,"f:44:6:44:24":4,"s:45:8:47:11":5,"f:45:8:45:13":5,"s:45:24:46:Infinity":6,"f:46:39:46:47":6,"s:46:53:46:65":7,"f:49:6:49:27":7,"s:50:8:54:11":8,"f:50:8:50:13":8,"s:50:24:53:Infinity":9,"f:51:39:51:44":9,"s:52:12:52:Infinity":10,"b:52:26:52:44:52:44:52:Infinity":0,"f:56:6:56:16":10,"s:57:8:62:11":11,"f:57:8:57:13":11,"s:57:24:61:Infinity":12,"f:64:6:64:19":12,"s:65:8:69:11":13,"f:65:8:65:13":13,"s:65:24:68:Infinity":14,"f:66:29:66:34":14,"s:67:12:67:Infinity":15,"b:67:26:67:66:67:66:67:Infinity":1,"f:71:6:71:19":15,"s:72:8:74:11":16,"f:72:8:72:13":16,"s:72:24:73:Infinity":17,"f:73:29:73:37":17,"s:73:43:73:55":18,"f:76:6:76:20":18,"s:77:8:82:11":19,"f:77:8:77:13":19,"s:77:24:81:Infinity":20,"f:84:6:84:23":20,"s:85:8:87:11":21,"f:85:8:85:13":21,"s:85:24:86:Infinity":22,"f:86:37:86:45":22,"s:86:51:86:63":23,"f:89:6:89:28":23,"s:90:8:94:Infinity":24,"f:90:8:90:13":24,"s:90:24:93:Infinity":25,"f:91:37:91:42":25,"s:92:12:92:Infinity":26,"b:92:26:92:44:92:44:92:Infinity":2,"f:98:15:98:39":26,"s:99:8:106:Infinity":27,"s:100:10:100:Infinity":28,"s:102:10:106:Infinity":29,"f:103:12:103:27":27,"s:103:27:103:Infinity":30,"f:104:12:104:27":28,"f:105:12:105:30":29}}}
,"/home/eduardo/workspaces/ws-react/my-bible-app/src/stores/themeStore.ts": {"path":"/home/eduardo/workspaces/ws-react/my-bible-app/src/stores/themeStore.ts","statementMap":{"0":{"start":{"line":19,"column":2},"end":{"line":19,"column":null}},"1":{"start":{"line":19,"column":37},"end":{"line":19,"column":null}},"2":{"start":{"line":20,"column":2},"end":{"line":22,"column":null}},"3":{"start":{"line":26,"column":2},"end":{"line":26,"column":null}},"4":{"start":{"line":26,"column":31},"end":{"line":26,"column":null}},"5":{"start":{"line":27,"column":2},"end":{"line":27,"column":null}},"6":{"start":{"line":30,"column":13},"end":{"line":53,"column":null}},"7":{"start":{"line":32,"column":19},"end":{"line":38,"column":null}},"8":{"start":{"line":35,"column":27},"end":{"line":35,"column":53}},"9":{"start":{"line":37,"column":30},"end":{"line":37,"column":null}},"10":{"start":{"line":42,"column":8},"end":{"line":49,"column":null}},"11":{"start":{"line":43,"column":10},"end":{"line":43,"column":null}},"12":{"start":{"line":45,"column":10},"end":{"line":49,"column":null}},"13":{"start":{"line":46,"column":27},"end":{"line":46,"column":null}}},"fnMap":{"0":{"name":"getSystemTheme","decl":{"start":{"line":18,"column":9},"end":{"line":18,"column":41}},"loc":{"start":{"line":18,"column":41},"end":{"line":22,"column":null}},"line":18},"1":{"name":"resolveTheme","decl":{"start":{"line":25,"column":9},"end":{"line":25,"column":22}},"loc":{"start":{"line":25,"column":66},"end":{"line":27,"column":null}},"line":25},"2":{"name":"(anonymous_2)","decl":{"start":{"line":31,"column":2},"end":{"line":31,"column":null}},"loc":{"start":{"line":32,"column":19},"end":{"line":38,"column":null}},"line":32},"3":{"name":"(anonymous_3)","decl":{"start":{"line":35,"column":6},"end":{"line":35,"column":17}},"loc":{"start":{"line":35,"column":27},"end":{"line":35,"column":53}},"line":35},"4":{"name":"(anonymous_4)","decl":{"start":{"line":37,"column":6},"end":{"line":37,"column":30}},"loc":{"start":{"line":37,"column":30},"end":{"line":37,"column":null}},"line":37},"5":{"name":"(anonymous_5)","decl":{"start":{"line":41,"column":15},"end":{"line":41,"column":39}},"loc":{"start":{"line":41,"column":39},"end":{"line":49,"column":null}},"line":41},"6":{"name":"(anonymous_6)","decl":{"start":{"line":46,"column":12},"end":{"line":46,"column":27}},"loc":{"start":{"line":46,"column":27},"end":{"line":46,"column":null}},"line":46},"7":{"name":"(anonymous_7)","decl":{"start":{"line":47,"column":12},"end":{"line":47,"column":27}},"loc":{"start":{"line":47,"column":27},"end":{"line":47,"column":null}},"line":47},"8":{"name":"(anonymous_8)","decl":{"start":{"line":48,"column":12},"end":{"line":48,"column":30}},"loc":{"start":{"line":48,"column":30},"end":{"line":48,"column":null}},"line":48}},"branchMap":{"0":{"loc":{"start":{"line":19,"column":2},"end":{"line":19,"column":null}},"type":"if","locations":[{"start":{"line":19,"column":2},"end":{"line":19,"column":null}},{"start":{},"end":{}}],"line":19},"1":{"loc":{"start":{"line":20,"column":9},"end":{"line":22,"column":null}},"type":"cond-expr","locations":[{"start":{"line":21,"column":6},"end":{"line":21,"column":null}},{"start":{"line":22,"column":6},"end":{"line":22,"column":null}}],"line":20},"2":{"loc":{"start":{"line":26,"column":2},"end":{"line":26,"column":null}},"type":"if","locations":[{"start":{"line":26,"column":2},"end":{"line":26,"column":null}},{"start":{},"end":{}}],"line":26}},"s":{"0":5,"1":0,"2":5,"3":20,"4":5,"5":15,"6":18,"7":18,"8":34,"9":20,"10":18,"11":18,"12":0,"13":0},"f":{"0":5,"1":20,"2":18,"3":34,"4":20,"5":18,"6":0,"7":0,"8":0},"b":{"0":[0,5],"1":[2,3],"2":[5,15]},"meta":{"lastBranch":3,"lastFunction":9,"lastStatement":14,"seen":{"f:18:9:18:41":0,"b:19:2:19:Infinity:undefined:undefined:undefined:undefined":0,"s:19:2:19:Infinity":0,"s:19:37:19:Infinity":1,"s:20:2:22:Infinity":2,"b:21:6:21:Infinity:22:6:22:Infinity":1,"f:25:9:25:22":1,"b:26:2:26:Infinity:undefined:undefined:undefined:undefined":2,"s:26:2:26:Infinity":3,"s:26:31:26:Infinity":4,"s:27:2:27:Infinity":5,"s:30:13:53:Infinity":6,"f:31:2:31:Infinity":2,"s:32:19:38:Infinity":7,"f:35:6:35:17":3,"s:35:27:35:53":8,"f:37:6:37:30":4,"s:37:30:37:Infinity":9,"f:41:15:41:39":5,"s:42:8:49:Infinity":10,"s:43:10:43:Infinity":11,"s:45:10:49:Infinity":12,"f:46:12:46:27":6,"s:46:27:46:Infinity":13,"f:47:12:47:27":7,"f:48:12:48:30":8}}}
,"/home/eduardo/workspaces/ws-react/my-bible-app/src/utils/highlights.ts": {"path":"/home/eduardo/workspaces/ws-react/my-bible-app/src/utils/highlights.ts","statementMap":{"0":{"start":{"line":9,"column":2},"end":{"line":16,"column":null}},"1":{"start":{"line":10,"column":4},"end":{"line":16,"column":null}},"2":{"start":{"line":16,"column":6},"end":{"line":16,"column":null}},"3":{"start":{"line":19,"column":2},"end":{"line":19,"column":null}}},"fnMap":{"0":{"name":"getHighlightForVerse","decl":{"start":{"line":3,"column":16},"end":{"line":3,"column":null}},"loc":{"start":{"line":8,"column":25},"end":{"line":19,"column":null}},"line":8}},"branchMap":{"0":{"loc":{"start":{"line":10,"column":4},"end":{"line":16,"column":null}},"type":"if","locations":[{"start":{"line":10,"column":4},"end":{"line":16,"column":null}},{"start":{},"end":{}}],"line":10},"1":{"loc":{"start":{"line":11,"column":6},"end":{"line":14,"column":null}},"type":"binary-expr","locations":[{"start":{"line":11,"column":6},"end":{"line":11,"column":null}},{"start":{"line":12,"column":6},"end":{"line":12,"column":null}},{"start":{"line":13,"column":6},"end":{"line":13,"column":null}},{"start":{"line":14,"column":6},"end":{"line":14,"column":null}}],"line":11}},"s":{"0":5530,"1":837,"2":55,"3":5475},"f":{"0":5530},"b":{"0":[55,782],"1":[837,837,837,815]},"meta":{"lastBranch":2,"lastFunction":1,"lastStatement":4,"seen":{"f:3:16:3:Infinity":0,"s:9:2:16:Infinity":0,"b:10:4:16:Infinity:undefined:undefined:undefined:undefined":0,"s:10:4:16:Infinity":1,"b:11:6:11:Infinity:12:6:12:Infinity:13:6:13:Infinity:14:6:14:Infinity":1,"s:16:6:16:Infinity":2,"s:19:2:19:Infinity":3}}}
,"/home/eduardo/workspaces/ws-react/my-bible-app/src/utils/parseBibleQuery.ts": {"path":"/home/eduardo/workspaces/ws-react/my-bible-app/src/utils/parseBibleQuery.ts","statementMap":{"0":{"start":{"line":5,"column":2},"end":{"line":10,"column":null}},"1":{"start":{"line":14,"column":17},"end":{"line":14,"column":61}},"2":{"start":{"line":14,"column":48},"end":{"line":14,"column":61}},"3":{"start":{"line":15,"column":2},"end":{"line":15,"column":null}},"4":{"start":{"line":15,"column":27},"end":{"line":15,"column":null}},"5":{"start":{"line":17,"column":20},"end":{"line":17,"column":null}},"6":{"start":{"line":18,"column":2},"end":{"line":18,"column":null}},"7":{"start":{"line":18,"column":32},"end":{"line":18,"column":null}},"8":{"start":{"line":20,"column":17},"end":{"line":20,"column":40}},"9":{"start":{"line":21,"column":2},"end":{"line":21,"column":null}},"10":{"start":{"line":21,"column":21},"end":{"line":21,"column":null}},"11":{"start":{"line":23,"column":20},"end":{"line":23,"column":49}},"12":{"start":{"line":24,"column":2},"end":{"line":24,"column":null}},"13":{"start":{"line":28,"column":2},"end":{"line":29,"column":null}},"14":{"start":{"line":29,"column":4},"end":{"line":29,"column":null}},"15":{"start":{"line":32,"column":21},"end":{"line":32,"column":37}},"16":{"start":{"line":34,"column":2},"end":{"line":35,"column":null}},"17":{"start":{"line":35,"column":4},"end":{"line":35,"column":null}},"18":{"start":{"line":38,"column":20},"end":{"line":38,"column":53}},"19":{"start":{"line":39,"column":2},"end":{"line":40,"column":null}},"20":{"start":{"line":40,"column":4},"end":{"line":40,"column":null}},"21":{"start":{"line":43,"column":51},"end":{"line":43,"column":null}},"22":{"start":{"line":45,"column":2},"end":{"line":46,"column":null}},"23":{"start":{"line":46,"column":4},"end":{"line":46,"column":null}},"24":{"start":{"line":49,"column":8},"end":{"line":49,"column":45}},"25":{"start":{"line":51,"column":2},"end":{"line":57,"column":null}},"26":{"start":{"line":52,"column":35},"end":{"line":56,"column":null}},"27":{"start":{"line":57,"column":4},"end":{"line":57,"column":null}},"28":{"start":{"line":60,"column":2},"end":{"line":66,"column":null}},"29":{"start":{"line":61,"column":35},"end":{"line":65,"column":null}},"30":{"start":{"line":66,"column":4},"end":{"line":66,"column":null}},"31":{"start":{"line":69,"column":37},"end":{"line":74,"column":null}},"32":{"start":{"line":76,"column":2},"end":{"line":76,"column":null}}},"fnMap":{"0":{"name":"normalize","decl":{"start":{"line":4,"column":9},"end":{"line":4,"column":19}},"loc":{"start":{"line":4,"column":41},"end":{"line":10,"column":null}},"line":4},"1":{"name":"extractTrailingNumber","decl":{"start":{"line":13,"column":9},"end":{"line":13,"column":31}},"loc":{"start":{"line":13,"column":92},"end":{"line":24,"column":null}},"line":13},"2":{"name":"(anonymous_2)","decl":{"start":{"line":14,"column":34},"end":{"line":14,"column":42}},"loc":{"start":{"line":14,"column":48},"end":{"line":14,"column":61}},"line":14},"3":{"name":"parseBibleQuery","decl":{"start":{"line":27,"column":16},"end":{"line":27,"column":32}},"loc":{"start":{"line":27,"column":65},"end":{"line":76,"column":null}},"line":27}},"branchMap":{"0":{"loc":{"start":{"line":15,"column":2},"end":{"line":15,"column":null}},"type":"if","locations":[{"start":{"line":15,"column":2},"end":{"line":15,"column":null}},{"start":{},"end":{}}],"line":15},"1":{"loc":{"start":{"line":18,"column":2},"end":{"line":18,"column":null}},"type":"if","locations":[{"start":{"line":18,"column":2},"end":{"line":18,"column":null}},{"start":{},"end":{}}],"line":18},"2":{"loc":{"start":{"line":21,"column":2},"end":{"line":21,"column":null}},"type":"if","locations":[{"start":{"line":21,"column":2},"end":{"line":21,"column":null}},{"start":{},"end":{}}],"line":21},"3":{"loc":{"start":{"line":28,"column":2},"end":{"line":29,"column":null}},"type":"if","locations":[{"start":{"line":28,"column":2},"end":{"line":29,"column":null}},{"start":{},"end":{}}],"line":28},"4":{"loc":{"start":{"line":28,"column":6},"end":{"line":28,"column":29}},"type":"binary-expr","locations":[{"start":{"line":28,"column":6},"end":{"line":28,"column":16}},{"start":{"line":28,"column":16},"end":{"line":28,"column":29}}],"line":28},"5":{"loc":{"start":{"line":34,"column":2},"end":{"line":35,"column":null}},"type":"if","locations":[{"start":{"line":34,"column":2},"end":{"line":35,"column":null}},{"start":{},"end":{}}],"line":34},"6":{"loc":{"start":{"line":39,"column":2},"end":{"line":40,"column":null}},"type":"if","locations":[{"start":{"line":39,"column":2},"end":{"line":40,"column":null}},{"start":{},"end":{}}],"line":39},"7":{"loc":{"start":{"line":45,"column":2},"end":{"line":46,"column":null}},"type":"if","locations":[{"start":{"line":45,"column":2},"end":{"line":46,"column":null}},{"start":{},"end":{}}],"line":45},"8":{"loc":{"start":{"line":45,"column":6},"end":{"line":45,"column":43}},"type":"binary-expr","locations":[{"start":{"line":45,"column":6},"end":{"line":45,"column":19}},{"start":{"line":45,"column":19},"end":{"line":45,"column":43}}],"line":45},"9":{"loc":{"start":{"line":51,"column":2},"end":{"line":57,"column":null}},"type":"if","locations":[{"start":{"line":51,"column":2},"end":{"line":57,"column":null}},{"start":{},"end":{}}],"line":51},"10":{"loc":{"start":{"line":60,"column":2},"end":{"line":66,"column":null}},"type":"if","locations":[{"start":{"line":60,"column":2},"end":{"line":66,"column":null}},{"start":{},"end":{}}],"line":60},"11":{"loc":{"start":{"line":60,"column":6},"end":{"line":60,"column":50}},"type":"binary-expr","locations":[{"start":{"line":60,"column":6},"end":{"line":60,"column":21}},{"start":{"line":60,"column":21},"end":{"line":60,"column":50}}],"line":60}},"s":{"0":46,"1":45,"2":88,"3":45,"4":0,"5":45,"6":45,"7":11,"8":34,"9":34,"10":0,"11":34,"12":34,"13":51,"14":5,"15":46,"16":46,"17":1,"18":45,"19":45,"20":11,"21":34,"22":34,"23":0,"24":34,"25":34,"26":5,"27":5,"28":29,"29":8,"30":8,"31":21,"32":21},"f":{"0":46,"1":45,"2":88,"3":51},"b":{"0":[0,45],"1":[11,34],"2":[0,34],"3":[5,46],"4":[51,47],"5":[1,45],"6":[11,34],"7":[0,34],"8":[34,34],"9":[5,29],"10":[8,21],"11":[29,28]},"meta":{"lastBranch":12,"lastFunction":4,"lastStatement":33,"seen":{"f:4:9:4:19":0,"s:5:2:10:Infinity":0,"f:13:9:13:31":1,"s:14:17:14:61":1,"f:14:34:14:42":2,"s:14:48:14:61":2,"b:15:2:15:Infinity:undefined:undefined:undefined:undefined":0,"s:15:2:15:Infinity":3,"s:15:27:15:Infinity":4,"s:17:20:17:Infinity":5,"b:18:2:18:Infinity:undefined:undefined:undefined:undefined":1,"s:18:2:18:Infinity":6,"s:18:32:18:Infinity":7,"s:20:17:20:40":8,"b:21:2:21:Infinity:undefined:undefined:undefined:undefined":2,"s:21:2:21:Infinity":9,"s:21:21:21:Infinity":10,"s:23:20:23:49":11,"s:24:2:24:Infinity":12,"f:27:16:27:32":3,"b:28:2:29:Infinity:undefined:undefined:undefined:undefined":3,"s:28:2:29:Infinity":13,"b:28:6:28:16:28:16:28:29":4,"s:29:4:29:Infinity":14,"s:32:21:32:37":15,"b:34:2:35:Infinity:undefined:undefined:undefined:undefined":5,"s:34:2:35:Infinity":16,"s:35:4:35:Infinity":17,"s:38:20:38:53":18,"b:39:2:40:Infinity:undefined:undefined:undefined:undefined":6,"s:39:2:40:Infinity":19,"s:40:4:40:Infinity":20,"s:43:51:43:Infinity":21,"b:45:2:46:Infinity:undefined:undefined:undefined:undefined":7,"s:45:2:46:Infinity":22,"b:45:6:45:19:45:19:45:43":8,"s:46:4:46:Infinity":23,"s:49:8:49:45":24,"b:51:2:57:Infinity:undefined:undefined:undefined:undefined":9,"s:51:2:57:Infinity":25,"s:52:35:56:Infinity":26,"s:57:4:57:Infinity":27,"b:60:2:66:Infinity:undefined:undefined:undefined:undefined":10,"s:60:2:66:Infinity":28,"b:60:6:60:21:60:21:60:50":11,"s:61:35:65:Infinity":29,"s:66:4:66:Infinity":30,"s:69:37:74:Infinity":31,"s:76:2:76:Infinity":32}}}
}
